<?xml version="1.0" encoding="UTF-8"?>
<testsuite name="com.portfolio.AppTests" time="5.844" tests="5" errors="0" skipped="0" failures="5">
  <properties>
    <property name="java.runtime.name" value="Java(TM) SE Runtime Environment"/>
    <property name="sun.boot.library.path" value="C:\Program Files\Java\jdk1.7.0_40\jre\bin"/>
    <property name="java.vm.version" value="24.0-b56"/>
    <property name="java.vm.vendor" value="Oracle Corporation"/>
    <property name="java.vendor.url" value="http://java.oracle.com/"/>
    <property name="path.separator" value=";"/>
    <property name="guice.disable.misplaced.annotation.check" value="true"/>
    <property name="java.vm.name" value="Java HotSpot(TM) Client VM"/>
    <property name="file.encoding.pkg" value="sun.io"/>
    <property name="idea.launcher.port" value="7532"/>
    <property name="user.script" value=""/>
    <property name="user.country" value="AU"/>
    <property name="sun.java.launcher" value="SUN_STANDARD"/>
    <property name="sun.os.patch.level" value="Service Pack 3"/>
    <property name="java.vm.specification.name" value="Java Virtual Machine Specification"/>
    <property name="user.dir" value="C:\Documents and Settings\e7006722\My Documents\GitHub\portfolio-0.1"/>
    <property name="java.runtime.version" value="1.7.0_40-b43"/>
    <property name="java.awt.graphicsenv" value="sun.awt.Win32GraphicsEnvironment"/>
    <property name="java.endorsed.dirs" value="C:\Program Files\Java\jdk1.7.0_40\jre\lib\endorsed"/>
    <property name="os.arch" value="x86"/>
    <property name="java.io.tmpdir" value="C:\DOCUME~1\e7006722\LOCALS~1\Temp\"/>
    <property name="line.separator" value="&#10;"/>
    <property name="java.vm.specification.vendor" value="Oracle Corporation"/>
    <property name="user.variant" value=""/>
    <property name="os.name" value="Windows XP"/>
    <property name="classworlds.conf" value="C:\Documents and Settings\e7006722\My Documents\work\apps\apache-maven-3.1.0\bin\m2.conf"/>
    <property name="sun.jnu.encoding" value="Cp1252"/>
    <property name="java.library.path" value="C:\Program Files\Java\jdk1.7.0_40\bin;C:\WINDOWS\Sun\Java\bin;C:\WINDOWS\system32;C:\WINDOWS;C:\app\e7006722\product\11.2.0\dbhome_1\bin;C:\app\e7006722\product\11.2.0\dbhome_a\bin;C:\app\e7006722\product\11.2.0\dbhome_2\bin;C:\oraclexe\app\oracle\product\11.2.0\server\bin;&quot;C:\Progra~1\Java\jdk1.7.0_40&quot;\bin;C:\Docume~1\e7006722\My Documents\work\apps\apache-maven-3.1.0\bin;C:\OracleBI\server\Bin;C:\OracleBI\web\bin;C:\OracleBI\web\catalogmanager;C:\OracleBI\SQLAnywhere;C:\Oracle\product\10.2.0\client_1\bin;C:\WINDOWS\system32;C:\WINDOWS;C:\WINDOWS\System32\Wbem;C:\Program Files\Windows Imaging\;C:\Program Files\Common Files\Lenovo;C:\WINDOWS\system32\WindowsPowerShell\v1.0;C:\Program Files\TortoiseSVN\bin;C:\Program Files\Microsoft\Web Platform Installer\;c:\Program Files\Microsoft SQL Server\100\Tools\Binn\;c:\Program Files\Microsoft SQL Server\100\DTS\Binn\;c:\Program Files\Microsoft SQL Server\100\Tools\Binn\VSShell\Common7\IDE\;C:\Program Files\Google\Google Apps Sync\;C:\Program Files\Google\Google Apps Migration\;C:\Program Files\010 Editor v3;C:\Program Files\Git\cmd;C:\Program Files\Heroku\bin;C:\Program Files\git\cmd;C:\Documents and Settings\e7006722\.lein\bin;."/>
    <property name="java.specification.name" value="Java Platform API Specification"/>
    <property name="java.class.version" value="51.0"/>
    <property name="sun.management.compiler" value="HotSpot Client Compiler"/>
    <property name="os.version" value="5.1"/>
    <property name="user.home" value="C:\Documents and Settings\e7006722"/>
    <property name="user.timezone" value="Australia/Sydney"/>
    <property name="java.awt.printerjob" value="sun.awt.windows.WPrinterJob"/>
    <property name="java.specification.version" value="1.7"/>
    <property name="idea.launcher.bin.path" value="C:\Program Files\JetBrains\IntelliJ IDEA 13.0.2\bin"/>
    <property name="file.encoding" value="UTF-8"/>
    <property name="user.name" value="e7006722"/>
    <property name="java.class.path" value="C:\Documents and Settings\e7006722\My Documents\work\apps\apache-maven-3.1.0\boot\plexus-classworlds-2.4.2.jar;C:\Program Files\JetBrains\IntelliJ IDEA 13.0.2\lib\idea_rt.jar"/>
    <property name="org.slf4j.simpleLogger.defaultLogLevel" value="info"/>
    <property name="java.vm.specification.version" value="1.7"/>
    <property name="sun.arch.data.model" value="32"/>
    <property name="java.home" value="C:\Program Files\Java\jdk1.7.0_40\jre"/>
    <property name="sun.java.command" value="com.intellij.rt.execution.application.AppMain org.codehaus.classworlds.Launcher install"/>
    <property name="java.specification.vendor" value="Oracle Corporation"/>
    <property name="user.language" value="en"/>
    <property name="awt.toolkit" value="sun.awt.windows.WToolkit"/>
    <property name="java.vm.info" value="mixed mode, sharing"/>
    <property name="java.version" value="1.7.0_40"/>
    <property name="java.ext.dirs" value="C:\Program Files\Java\jdk1.7.0_40\jre\lib\ext;C:\WINDOWS\Sun\Java\lib\ext"/>
    <property name="sun.boot.class.path" value="C:\Program Files\Java\jdk1.7.0_40\jre\lib\resources.jar;C:\Program Files\Java\jdk1.7.0_40\jre\lib\rt.jar;C:\Program Files\Java\jdk1.7.0_40\jre\lib\sunrsasign.jar;C:\Program Files\Java\jdk1.7.0_40\jre\lib\jsse.jar;C:\Program Files\Java\jdk1.7.0_40\jre\lib\jce.jar;C:\Program Files\Java\jdk1.7.0_40\jre\lib\charsets.jar;C:\Program Files\Java\jdk1.7.0_40\jre\lib\jfr.jar;C:\Program Files\Java\jdk1.7.0_40\jre\classes"/>
    <property name="java.vendor" value="Oracle Corporation"/>
    <property name="maven.home" value="C:\Documents and Settings\e7006722\My Documents\work\apps\apache-maven-3.1.0"/>
    <property name="file.separator" value="\"/>
    <property name="java.vendor.url.bug" value="http://bugreport.sun.com/bugreport/"/>
    <property name="sun.cpu.endian" value="little"/>
    <property name="sun.io.unicode.encoding" value="UnicodeLittle"/>
    <property name="sun.desktop" value="windows"/>
    <property name="sun.cpu.isalist" value="pentium_pro+mmx pentium_pro pentium+mmx pentium i486 i386 i86"/>
  </properties>
  <testcase name="contact" classname="com.portfolio.AppTests" time="5.641">
    <failure message="Status expected:&lt;200&gt; but was:&lt;404&gt;" type="java.lang.AssertionError"><![CDATA[java.lang.AssertionError: Status expected:<200> but was:<404>
	at org.springframework.test.util.AssertionErrors.fail(AssertionErrors.java:60)
	at org.springframework.test.util.AssertionErrors.assertEquals(AssertionErrors.java:89)
	at org.springframework.test.web.servlet.result.StatusResultMatchers$5.match(StatusResultMatchers.java:546)
	at org.springframework.test.web.servlet.MockMvc$1.andExpect(MockMvc.java:141)
	at com.portfolio.AppTests.contact(AppTests.java:28)
]]></failure>
    <system-out><![CDATA[16:36:17,684 DEBUG SpringJUnit4ClassRunner:106 - SpringJUnit4ClassRunner constructor called with [class com.portfolio.AppTests].
16:36:17,730 DEBUG AbstractDelegatingSmartContextLoader:89 - Delegating to GenericXmlWebContextLoader to process context configuration [ContextConfigurationAttributes@1216f5a declaringClass = 'com.portfolio.SpringTest', locations = '{file:src/main/webapp/WEB-INF/mvc-dispatcher-servlet.xml}', classes = '{}', inheritLocations = true, initializers = '{}', inheritInitializers = true, contextLoaderClass = 'org.springframework.test.context.ContextLoader'].
16:36:17,730 DEBUG ContextLoaderUtils:298 - Could not find an 'annotation declaring class' for annotation type [org.springframework.test.context.ActiveProfiles] and class [com.portfolio.AppTests]
16:36:17,730 DEBUG TestContextManager:185 - @TestExecutionListeners is not present for class [class com.portfolio.AppTests]: using defaults.
16:36:17,746 DEBUG ProfileValueUtils:68 - Retrieved @ProfileValueSourceConfiguration [null] for test class [com.portfolio.AppTests]
16:36:17,746 DEBUG ProfileValueUtils:80 - Retrieved ProfileValueSource type [class org.springframework.test.annotation.SystemProfileValueSource] for class [com.portfolio.AppTests]
16:36:17,746 DEBUG ProfileValueUtils:68 - Retrieved @ProfileValueSourceConfiguration [null] for test class [com.portfolio.AppTests]
16:36:17,746 DEBUG ProfileValueUtils:80 - Retrieved ProfileValueSource type [class org.springframework.test.annotation.SystemProfileValueSource] for class [com.portfolio.AppTests]
16:36:17,746 DEBUG ProfileValueUtils:68 - Retrieved @ProfileValueSourceConfiguration [null] for test class [com.portfolio.AppTests]
16:36:17,746 DEBUG ProfileValueUtils:80 - Retrieved ProfileValueSource type [class org.springframework.test.annotation.SystemProfileValueSource] for class [com.portfolio.AppTests]
16:36:17,746 DEBUG AbstractDelegatingSmartContextLoader:98 - Delegating to GenericXmlWebContextLoader to load context from [WebMergedContextConfiguration@1879b testClass = AppTests, locations = '{file:src/main/webapp/WEB-INF/mvc-dispatcher-servlet.xml}', classes = '{}', contextInitializerClasses = '[]', activeProfiles = '{}', resourceBasePath = 'src/main/webapp', contextLoader = 'org.springframework.test.context.web.WebDelegatingSmartContextLoader'].
16:36:17,762 DEBUG AbstractGenericWebContextLoader:105 - Loading WebApplicationContext for merged context configuration [WebMergedContextConfiguration@1879b testClass = AppTests, locations = '{file:src/main/webapp/WEB-INF/mvc-dispatcher-servlet.xml}', classes = '{}', contextInitializerClasses = '[]', activeProfiles = '{}', resourceBasePath = 'src/main/webapp', contextLoader = 'org.springframework.test.context.web.WebDelegatingSmartContextLoader'].
16:36:17,855 DEBUG StandardServletEnvironment:112 - Initializing new StandardServletEnvironment
16:36:17,871 DEBUG StandardServletEnvironment:107 - Adding [servletConfigInitParams] PropertySource with lowest search precedence
16:36:17,871 DEBUG StandardServletEnvironment:107 - Adding [servletContextInitParams] PropertySource with lowest search precedence
16:36:17,871 DEBUG StandardServletEnvironment:107 - Adding [jndiProperties] PropertySource with lowest search precedence
16:36:17,871 DEBUG StandardServletEnvironment:107 - Adding [systemProperties] PropertySource with lowest search precedence
16:36:17,871 DEBUG StandardServletEnvironment:107 - Adding [systemEnvironment] PropertySource with lowest search precedence
16:36:17,871 DEBUG StandardServletEnvironment:116 - Initialized StandardServletEnvironment with PropertySources [servletConfigInitParams,servletContextInitParams,jndiProperties,systemProperties,systemEnvironment]
16:36:17,871 DEBUG StandardEnvironment:112 - Initializing new StandardEnvironment
16:36:17,887 DEBUG StandardEnvironment:107 - Adding [systemProperties] PropertySource with lowest search precedence
16:36:17,887 DEBUG StandardEnvironment:107 - Adding [systemEnvironment] PropertySource with lowest search precedence
16:36:17,887 DEBUG StandardEnvironment:116 - Initialized StandardEnvironment with PropertySources [systemProperties,systemEnvironment]
16:36:17,887  INFO XmlBeanDefinitionReader:315 - Loading XML bean definitions from URL [file:src/main/webapp/WEB-INF/mvc-dispatcher-servlet.xml]
16:36:17,902 DEBUG DefaultDocumentLoader:72 - Using JAXP provider [com.sun.org.apache.xerces.internal.jaxp.DocumentBuilderFactoryImpl]
16:36:18,090 DEBUG PluggableSchemaResolver:140 - Loading schema mappings from [META-INF/spring.schemas]
16:36:18,121 DEBUG PluggableSchemaResolver:146 - Loaded schema mappings: {http://www.springframework.org/schema/util/spring-util.xsd=org/springframework/beans/factory/xml/spring-util-3.2.xsd, http://www.springframework.org/schema/jee/spring-jee-3.2.xsd=org/springframework/ejb/config/spring-jee-3.2.xsd, http://www.springframework.org/schema/data/mongo/spring-mongo.xsd=org/springframework/data/mongodb/config/spring-mongo-1.2.xsd, http://www.springframework.org/schema/mvc/spring-mvc-3.1.xsd=org/springframework/web/servlet/config/spring-mvc-3.1.xsd, http://www.springframework.org/schema/beans/spring-beans-3.1.xsd=org/springframework/beans/factory/xml/spring-beans-3.1.xsd, http://www.springframework.org/schema/task/spring-task.xsd=org/springframework/scheduling/config/spring-task-3.2.xsd, http://www.springframework.org/schema/cache/spring-cache.xsd=org/springframework/cache/config/spring-cache-3.2.xsd, http://www.springframework.org/schema/aop/spring-aop-3.0.xsd=org/springframework/aop/config/spring-aop-3.0.xsd, http://www.springframework.org/schema/aop/spring-aop-2.0.xsd=org/springframework/aop/config/spring-aop-2.0.xsd, http://www.springframework.org/schema/task/spring-task-3.1.xsd=org/springframework/scheduling/config/spring-task-3.1.xsd, http://www.springframework.org/schema/tool/spring-tool-2.5.xsd=org/springframework/beans/factory/xml/spring-tool-2.5.xsd, http://www.springframework.org/schema/beans/spring-beans.xsd=org/springframework/beans/factory/xml/spring-beans-3.2.xsd, http://www.springframework.org/schema/jee/spring-jee-2.5.xsd=org/springframework/ejb/config/spring-jee-2.5.xsd, http://www.springframework.org/schema/tool/spring-tool-3.1.xsd=org/springframework/beans/factory/xml/spring-tool-3.1.xsd, http://www.springframework.org/schema/data/mongo/spring-mongo-1.2.xsd=org/springframework/data/mongodb/config/spring-mongo-1.2.xsd, http://www.springframework.org/schema/aop/spring-aop.xsd=org/springframework/aop/config/spring-aop-3.2.xsd, http://www.springframework.org/schema/jee/spring-jee-3.1.xsd=org/springframework/ejb/config/spring-jee-3.1.xsd, http://www.springframework.org/schema/context/spring-context-3.2.xsd=org/springframework/context/config/spring-context-3.2.xsd, http://www.springframework.org/schema/util/spring-util-3.2.xsd=org/springframework/beans/factory/xml/spring-util-3.2.xsd, http://www.springframework.org/schema/beans/spring-beans-2.0.xsd=org/springframework/beans/factory/xml/spring-beans-2.0.xsd, http://www.springframework.org/schema/mvc/spring-mvc-3.0.xsd=org/springframework/web/servlet/config/spring-mvc-3.0.xsd, http://www.springframework.org/schema/lang/spring-lang-3.2.xsd=org/springframework/scripting/config/spring-lang-3.2.xsd, http://www.springframework.org/schema/beans/spring-beans-3.0.xsd=org/springframework/beans/factory/xml/spring-beans-3.0.xsd, http://www.springframework.org/schema/cache/spring-cache-3.2.xsd=org/springframework/cache/config/spring-cache-3.2.xsd, http://www.springframework.org/schema/task/spring-task-3.0.xsd=org/springframework/scheduling/config/spring-task-3.0.xsd, http://www.springframework.org/schema/data/repository/spring-repository-1.5.xsd=org/springframework/data/repository/config/spring-repository-1.5.xsd, http://www.springframework.org/schema/tx/spring-tx-2.5.xsd=org/springframework/transaction/config/spring-tx-2.5.xsd, http://www.springframework.org/schema/context/spring-context-2.5.xsd=org/springframework/context/config/spring-context-2.5.xsd, http://www.springframework.org/schema/tool/spring-tool-3.0.xsd=org/springframework/beans/factory/xml/spring-tool-3.0.xsd, http://www.springframework.org/schema/tx/spring-tx.xsd=org/springframework/transaction/config/spring-tx-3.1.xsd, http://www.springframework.org/schema/data/mongo/spring-mongo-1.1.xsd=org/springframework/data/mongodb/config/spring-mongo-1.1.xsd, http://www.springframework.org/schema/util/spring-util-2.5.xsd=org/springframework/beans/factory/xml/spring-util-2.5.xsd, http://www.springframework.org/schema/tool/spring-tool-2.0.xsd=org/springframework/beans/factory/xml/spring-tool-2.0.xsd, http://www.springframework.org/schema/lang/spring-lang.xsd=org/springframework/scripting/config/spring-lang-3.2.xsd, http://www.springframework.org/schema/lang/spring-lang-2.5.xsd=org/springframework/scripting/config/spring-lang-2.5.xsd, http://www.springframework.org/schema/aop/spring-aop-3.2.xsd=org/springframework/aop/config/spring-aop-3.2.xsd, http://www.springframework.org/schema/jee/spring-jee-3.0.xsd=org/springframework/ejb/config/spring-jee-3.0.xsd, http://www.springframework.org/schema/tx/spring-tx-3.1.xsd=org/springframework/transaction/config/spring-tx-3.1.xsd, http://www.springframework.org/schema/jee/spring-jee-2.0.xsd=org/springframework/ejb/config/spring-jee-2.0.xsd, http://www.springframework.org/schema/context/spring-context-3.1.xsd=org/springframework/context/config/spring-context-3.1.xsd, http://www.springframework.org/schema/util/spring-util-3.1.xsd=org/springframework/beans/factory/xml/spring-util-3.1.xsd, http://www.springframework.org/schema/lang/spring-lang-3.1.xsd=org/springframework/scripting/config/spring-lang-3.1.xsd, http://www.springframework.org/schema/cache/spring-cache-3.1.xsd=org/springframework/cache/config/spring-cache-3.1.xsd, http://www.springframework.org/schema/context/spring-context.xsd=org/springframework/context/config/spring-context-3.2.xsd, http://www.springframework.org/schema/jee/spring-jee.xsd=org/springframework/ejb/config/spring-jee-3.2.xsd, http://www.springframework.org/schema/data/repository/spring-repository-1.4.xsd=org/springframework/data/repository/config/spring-repository-1.4.xsd, http://www.springframework.org/schema/aop/spring-aop-2.5.xsd=org/springframework/aop/config/spring-aop-2.5.xsd, http://www.springframework.org/schema/data/repository/spring-repository.xsd=org/springframework/data/repository/config/spring-repository-1.5.xsd, http://www.springframework.org/schema/mvc/spring-mvc.xsd=org/springframework/web/servlet/config/spring-mvc-3.2.xsd, http://www.springframework.org/schema/data/mongo/spring-mongo-1.0.xsd=org/springframework/data/mongodb/config/spring-mongo-1.0.xsd, http://www.springframework.org/schema/mvc/spring-mvc-3.2.xsd=org/springframework/web/servlet/config/spring-mvc-3.2.xsd, http://www.springframework.org/schema/data/repository/spring-repository-1.0.xsd=org/springframework/data/repository/config/spring-repository-1.0.xsd, http://www.springframework.org/schema/beans/spring-beans-3.2.xsd=org/springframework/beans/factory/xml/spring-beans-3.2.xsd, http://www.springframework.org/schema/tx/spring-tx-2.0.xsd=org/springframework/transaction/config/spring-tx-2.0.xsd, http://www.springframework.org/schema/aop/spring-aop-3.1.xsd=org/springframework/aop/config/spring-aop-3.1.xsd, http://www.springframework.org/schema/task/spring-task-3.2.xsd=org/springframework/scheduling/config/spring-task-3.2.xsd, http://www.springframework.org/schema/tx/spring-tx-3.0.xsd=org/springframework/transaction/config/spring-tx-3.0.xsd, http://www.springframework.org/schema/context/spring-context-3.0.xsd=org/springframework/context/config/spring-context-3.0.xsd, http://www.springframework.org/schema/tool/spring-tool.xsd=org/springframework/beans/factory/xml/spring-tool-3.2.xsd, http://www.springframework.org/schema/util/spring-util-3.0.xsd=org/springframework/beans/factory/xml/spring-util-3.0.xsd, http://www.springframework.org/schema/util/spring-util-2.0.xsd=org/springframework/beans/factory/xml/spring-util-2.0.xsd, http://www.springframework.org/schema/lang/spring-lang-3.0.xsd=org/springframework/scripting/config/spring-lang-3.0.xsd, http://www.springframework.org/schema/lang/spring-lang-2.0.xsd=org/springframework/scripting/config/spring-lang-2.0.xsd, http://www.springframework.org/schema/tool/spring-tool-3.2.xsd=org/springframework/beans/factory/xml/spring-tool-3.2.xsd, http://www.springframework.org/schema/beans/spring-beans-2.5.xsd=org/springframework/beans/factory/xml/spring-beans-2.5.xsd}
16:36:18,137 DEBUG PluggableSchemaResolver:118 - Found XML schema [http://www.springframework.org/schema/beans/spring-beans.xsd] in classpath: org/springframework/beans/factory/xml/spring-beans-3.2.xsd
16:36:18,277 DEBUG PluggableSchemaResolver:118 - Found XML schema [http://www.springframework.org/schema/context/spring-context.xsd] in classpath: org/springframework/context/config/spring-context-3.2.xsd
16:36:18,293 DEBUG PluggableSchemaResolver:118 - Found XML schema [http://www.springframework.org/schema/tool/spring-tool-3.2.xsd] in classpath: org/springframework/beans/factory/xml/spring-tool-3.2.xsd
16:36:18,293 DEBUG PluggableSchemaResolver:118 - Found XML schema [http://www.springframework.org/schema/aop/spring-aop-3.0.xsd] in classpath: org/springframework/aop/config/spring-aop-3.0.xsd
16:36:18,293 DEBUG PluggableSchemaResolver:118 - Found XML schema [http://www.springframework.org/schema/data/mongo/spring-mongo-1.0.xsd] in classpath: org/springframework/data/mongodb/config/spring-mongo-1.0.xsd
16:36:18,324 DEBUG PluggableSchemaResolver:118 - Found XML schema [http://www.springframework.org/schema/data/repository/spring-repository-1.0.xsd] in classpath: org/springframework/data/repository/config/spring-repository-1.0.xsd
16:36:18,355 DEBUG DefaultBeanDefinitionDocumentReader:108 - Loading bean definitions
16:36:18,387 DEBUG DefaultNamespaceHandlerResolver:156 - Loaded NamespaceHandler mappings: {http://www.springframework.org/schema/p=org.springframework.beans.factory.xml.SimplePropertyNamespaceHandler, http://www.springframework.org/schema/mvc=org.springframework.web.servlet.config.MvcNamespaceHandler, http://www.springframework.org/schema/util=org.springframework.beans.factory.xml.UtilNamespaceHandler, http://www.springframework.org/schema/data/mongo=org.springframework.data.mongodb.config.MongoNamespaceHandler, http://www.springframework.org/schema/jee=org.springframework.ejb.config.JeeNamespaceHandler, http://www.springframework.org/schema/aop=org.springframework.aop.config.AopNamespaceHandler, http://www.springframework.org/schema/data/repository=org.springframework.data.repository.config.RepositoryNameSpaceHandler, http://www.springframework.org/schema/cache=org.springframework.cache.config.CacheNamespaceHandler, http://www.springframework.org/schema/c=org.springframework.beans.factory.xml.SimpleConstructorNamespaceHandler, http://www.springframework.org/schema/tx=org.springframework.transaction.config.TxNamespaceHandler, http://www.springframework.org/schema/task=org.springframework.scheduling.config.TaskNamespaceHandler, http://www.springframework.org/schema/lang=org.springframework.scripting.config.LangNamespaceHandler, http://www.springframework.org/schema/context=org.springframework.context.config.ContextNamespaceHandler}
16:36:18,465 DEBUG PathMatchingResourcePatternResolver:550 - Looking for matching resources in directory tree [C:\Documents and Settings\e7006722\My Documents\GitHub\portfolio-0.1\target\test-classes\com\portfolio]
16:36:18,465 DEBUG PathMatchingResourcePatternResolver:612 - Searching directory [C:\Documents and Settings\e7006722\My Documents\GitHub\portfolio-0.1\target\test-classes\com\portfolio] for files matching pattern [C:/Documents and Settings/e7006722/My Documents/GitHub/portfolio-0.1/target/test-classes/com/portfolio/**/*.class]
16:36:18,496 DEBUG PathMatchingResourcePatternResolver:612 - Searching directory [C:\Documents and Settings\e7006722\My Documents\GitHub\portfolio-0.1\target\test-classes\com\portfolio\dao] for files matching pattern [C:/Documents and Settings/e7006722/My Documents/GitHub/portfolio-0.1/target/test-classes/com/portfolio/**/*.class]
16:36:18,496 DEBUG PathMatchingResourcePatternResolver:550 - Looking for matching resources in directory tree [C:\Documents and Settings\e7006722\My Documents\GitHub\portfolio-0.1\target\classes\com\portfolio]
16:36:18,496 DEBUG PathMatchingResourcePatternResolver:612 - Searching directory [C:\Documents and Settings\e7006722\My Documents\GitHub\portfolio-0.1\target\classes\com\portfolio] for files matching pattern [C:/Documents and Settings/e7006722/My Documents/GitHub/portfolio-0.1/target/classes/com/portfolio/**/*.class]
16:36:18,496 DEBUG PathMatchingResourcePatternResolver:612 - Searching directory [C:\Documents and Settings\e7006722\My Documents\GitHub\portfolio-0.1\target\classes\com\portfolio\aspect] for files matching pattern [C:/Documents and Settings/e7006722/My Documents/GitHub/portfolio-0.1/target/classes/com/portfolio/**/*.class]
16:36:18,496 DEBUG PathMatchingResourcePatternResolver:612 - Searching directory [C:\Documents and Settings\e7006722\My Documents\GitHub\portfolio-0.1\target\classes\com\portfolio\config] for files matching pattern [C:/Documents and Settings/e7006722/My Documents/GitHub/portfolio-0.1/target/classes/com/portfolio/**/*.class]
16:36:18,496 DEBUG PathMatchingResourcePatternResolver:612 - Searching directory [C:\Documents and Settings\e7006722\My Documents\GitHub\portfolio-0.1\target\classes\com\portfolio\controller] for files matching pattern [C:/Documents and Settings/e7006722/My Documents/GitHub/portfolio-0.1/target/classes/com/portfolio/**/*.class]
16:36:18,496 DEBUG PathMatchingResourcePatternResolver:612 - Searching directory [C:\Documents and Settings\e7006722\My Documents\GitHub\portfolio-0.1\target\classes\com\portfolio\dao] for files matching pattern [C:/Documents and Settings/e7006722/My Documents/GitHub/portfolio-0.1/target/classes/com/portfolio/**/*.class]
16:36:18,496 DEBUG PathMatchingResourcePatternResolver:612 - Searching directory [C:\Documents and Settings\e7006722\My Documents\GitHub\portfolio-0.1\target\classes\com\portfolio\exception] for files matching pattern [C:/Documents and Settings/e7006722/My Documents/GitHub/portfolio-0.1/target/classes/com/portfolio/**/*.class]
16:36:18,496 DEBUG PathMatchingResourcePatternResolver:612 - Searching directory [C:\Documents and Settings\e7006722\My Documents\GitHub\portfolio-0.1\target\classes\com\portfolio\mail] for files matching pattern [C:/Documents and Settings/e7006722/My Documents/GitHub/portfolio-0.1/target/classes/com/portfolio/**/*.class]
16:36:18,512 DEBUG PathMatchingResourcePatternResolver:612 - Searching directory [C:\Documents and Settings\e7006722\My Documents\GitHub\portfolio-0.1\target\classes\com\portfolio\model] for files matching pattern [C:/Documents and Settings/e7006722/My Documents/GitHub/portfolio-0.1/target/classes/com/portfolio/**/*.class]
16:36:18,512 DEBUG PathMatchingResourcePatternResolver:612 - Searching directory [C:\Documents and Settings\e7006722\My Documents\GitHub\portfolio-0.1\target\classes\com\portfolio\service] for files matching pattern [C:/Documents and Settings/e7006722/My Documents/GitHub/portfolio-0.1/target/classes/com/portfolio/**/*.class]
16:36:18,512 DEBUG PathMatchingResourcePatternResolver:612 - Searching directory [C:\Documents and Settings\e7006722\My Documents\GitHub\portfolio-0.1\target\classes\com\portfolio\service\impl] for files matching pattern [C:/Documents and Settings/e7006722/My Documents/GitHub/portfolio-0.1/target/classes/com/portfolio/**/*.class]
16:36:18,512 DEBUG PathMatchingResourcePatternResolver:612 - Searching directory [C:\Documents and Settings\e7006722\My Documents\GitHub\portfolio-0.1\target\classes\com\portfolio\utils] for files matching pattern [C:/Documents and Settings/e7006722/My Documents/GitHub/portfolio-0.1/target/classes/com/portfolio/**/*.class]
16:36:18,512 DEBUG PathMatchingResourcePatternResolver:612 - Searching directory [C:\Documents and Settings\e7006722\My Documents\GitHub\portfolio-0.1\target\classes\com\portfolio\utils\enume] for files matching pattern [C:/Documents and Settings/e7006722/My Documents/GitHub/portfolio-0.1/target/classes/com/portfolio/**/*.class]
16:36:18,512 DEBUG PathMatchingResourcePatternResolver:612 - Searching directory [C:\Documents and Settings\e7006722\My Documents\GitHub\portfolio-0.1\target\classes\com\portfolio\vo] for files matching pattern [C:/Documents and Settings/e7006722/My Documents/GitHub/portfolio-0.1/target/classes/com/portfolio/**/*.class]
16:36:18,512 DEBUG PathMatchingResourcePatternResolver:351 - Resolved location pattern [classpath*:com/portfolio/**/*.class] to resources [file [C:\Documents and Settings\e7006722\My Documents\GitHub\portfolio-0.1\target\test-classes\com\portfolio\AppTests.class], file [C:\Documents and Settings\e7006722\My Documents\GitHub\portfolio-0.1\target\test-classes\com\portfolio\dao\PortfolioDaoTest.class], file [C:\Documents and Settings\e7006722\My Documents\GitHub\portfolio-0.1\target\test-classes\com\portfolio\MockTest.class], file [C:\Documents and Settings\e7006722\My Documents\GitHub\portfolio-0.1\target\test-classes\com\portfolio\SpringTest.class], file [C:\Documents and Settings\e7006722\My Documents\GitHub\portfolio-0.1\target\classes\com\portfolio\aspect\LoggingAspect.class], file [C:\Documents and Settings\e7006722\My Documents\GitHub\portfolio-0.1\target\classes\com\portfolio\config\AppConfig.class], file [C:\Documents and Settings\e7006722\My Documents\GitHub\portfolio-0.1\target\classes\com\portfolio\controller\GenericController.class], file [C:\Documents and Settings\e7006722\My Documents\GitHub\portfolio-0.1\target\classes\com\portfolio\controller\PortfolioController.class], file [C:\Documents and Settings\e7006722\My Documents\GitHub\portfolio-0.1\target\classes\com\portfolio\dao\ContactMeDao.class], file [C:\Documents and Settings\e7006722\My Documents\GitHub\portfolio-0.1\target\classes\com\portfolio\dao\GenericDao.class], file [C:\Documents and Settings\e7006722\My Documents\GitHub\portfolio-0.1\target\classes\com\portfolio\dao\PortfolioDao.class], file [C:\Documents and Settings\e7006722\My Documents\GitHub\portfolio-0.1\target\classes\com\portfolio\exception\ApplicationException.class], file [C:\Documents and Settings\e7006722\My Documents\GitHub\portfolio-0.1\target\classes\com\portfolio\mail\ApplicationMailer.class], file [C:\Documents and Settings\e7006722\My Documents\GitHub\portfolio-0.1\target\classes\com\portfolio\model\Address.class], file [C:\Documents and Settings\e7006722\My Documents\GitHub\portfolio-0.1\target\classes\com\portfolio\model\Contact.class], file [C:\Documents and Settings\e7006722\My Documents\GitHub\portfolio-0.1\target\classes\com\portfolio\model\ContactMe.class], file [C:\Documents and Settings\e7006722\My Documents\GitHub\portfolio-0.1\target\classes\com\portfolio\model\Location.class], file [C:\Documents and Settings\e7006722\My Documents\GitHub\portfolio-0.1\target\classes\com\portfolio\model\Organisation.class], file [C:\Documents and Settings\e7006722\My Documents\GitHub\portfolio-0.1\target\classes\com\portfolio\model\Portfolio.class], file [C:\Documents and Settings\e7006722\My Documents\GitHub\portfolio-0.1\target\classes\com\portfolio\model\Project.class], file [C:\Documents and Settings\e7006722\My Documents\GitHub\portfolio-0.1\target\classes\com\portfolio\model\Technology.class], file [C:\Documents and Settings\e7006722\My Documents\GitHub\portfolio-0.1\target\classes\com\portfolio\model\Testimonial.class], file [C:\Documents and Settings\e7006722\My Documents\GitHub\portfolio-0.1\target\classes\com\portfolio\model\User.class], file [C:\Documents and Settings\e7006722\My Documents\GitHub\portfolio-0.1\target\classes\com\portfolio\service\ContactMeSvc.class], file [C:\Documents and Settings\e7006722\My Documents\GitHub\portfolio-0.1\target\classes\com\portfolio\service\impl\ContactMeSvcImpl.class], file [C:\Documents and Settings\e7006722\My Documents\GitHub\portfolio-0.1\target\classes\com\portfolio\service\impl\PortfolioSvcImpl.class], file [C:\Documents and Settings\e7006722\My Documents\GitHub\portfolio-0.1\target\classes\com\portfolio\service\PortfolioSvc.class], file [C:\Documents and Settings\e7006722\My Documents\GitHub\portfolio-0.1\target\classes\com\portfolio\utils\enume\MessageCode.class], file [C:\Documents and Settings\e7006722\My Documents\GitHub\portfolio-0.1\target\classes\com\portfolio\utils\enume\StreetType.class], file [C:\Documents and Settings\e7006722\My Documents\GitHub\portfolio-0.1\target\classes\com\portfolio\utils\JsonUtils.class], file [C:\Documents and Settings\e7006722\My Documents\GitHub\portfolio-0.1\target\classes\com\portfolio\utils\StringConstants.class], file [C:\Documents and Settings\e7006722\My Documents\GitHub\portfolio-0.1\target\classes\com\portfolio\vo\ResponseVo.class]]
16:36:18,590 DEBUG ClassPathBeanDefinitionScanner:264 - Identified candidate component class: file [C:\Documents and Settings\e7006722\My Documents\GitHub\portfolio-0.1\target\classes\com\portfolio\config\AppConfig.class]
16:36:18,590 DEBUG ClassPathBeanDefinitionScanner:270 - Ignored because not a concrete top-level class: file [C:\Documents and Settings\e7006722\My Documents\GitHub\portfolio-0.1\target\classes\com\portfolio\controller\GenericController.class]
16:36:18,605 DEBUG ClassPathBeanDefinitionScanner:264 - Identified candidate component class: file [C:\Documents and Settings\e7006722\My Documents\GitHub\portfolio-0.1\target\classes\com\portfolio\controller\PortfolioController.class]
16:36:18,652 DEBUG ClassPathBeanDefinitionScanner:264 - Identified candidate component class: file [C:\Documents and Settings\e7006722\My Documents\GitHub\portfolio-0.1\target\classes\com\portfolio\dao\ContactMeDao.class]
16:36:18,699 DEBUG ClassPathBeanDefinitionScanner:264 - Identified candidate component class: file [C:\Documents and Settings\e7006722\My Documents\GitHub\portfolio-0.1\target\classes\com\portfolio\dao\PortfolioDao.class]
16:36:18,699 DEBUG ClassPathBeanDefinitionScanner:264 - Identified candidate component class: file [C:\Documents and Settings\e7006722\My Documents\GitHub\portfolio-0.1\target\classes\com\portfolio\mail\ApplicationMailer.class]
16:36:18,730 DEBUG ClassPathBeanDefinitionScanner:264 - Identified candidate component class: file [C:\Documents and Settings\e7006722\My Documents\GitHub\portfolio-0.1\target\classes\com\portfolio\service\impl\ContactMeSvcImpl.class]
16:36:18,730 DEBUG ClassPathBeanDefinitionScanner:264 - Identified candidate component class: file [C:\Documents and Settings\e7006722\My Documents\GitHub\portfolio-0.1\target\classes\com\portfolio\service\impl\PortfolioSvcImpl.class]
16:36:18,746 DEBUG ClassPathBeanDefinitionScanner:264 - Identified candidate component class: file [C:\Documents and Settings\e7006722\My Documents\GitHub\portfolio-0.1\target\classes\com\portfolio\utils\JsonUtils.class]
16:36:18,918 DEBUG BeanDefinitionParserDelegate:498 - Neither XML 'id' nor 'name' specified - using generated bean name [org.springframework.web.servlet.view.InternalResourceViewResolver#0]
16:36:18,918 DEBUG XmlBeanDefinitionReader:216 - Loaded 24 bean definitions from location pattern [file:src/main/webapp/WEB-INF/mvc-dispatcher-servlet.xml]
16:36:18,934  INFO GenericWebApplicationContext:510 - Refreshing org.springframework.web.context.support.GenericWebApplicationContext@a4daa3: startup date [Mon Mar 17 16:36:18 EST 2014]; root of context hierarchy
16:36:18,934 DEBUG StandardServletEnvironment:172 - Replacing [servletContextInitParams] PropertySource with [servletContextInitParams]
16:36:18,934 DEBUG GenericWebApplicationContext:540 - Bean factory for org.springframework.web.context.support.GenericWebApplicationContext@a4daa3: org.springframework.beans.factory.support.DefaultListableBeanFactory@bf5dc1: defining beans [appConfig,portfolioController,contactMeDao,portfolioDao,mailService,contactMeSvcImpl,portfolioSvcImpl,jsonUtils,org.springframework.context.annotation.internalConfigurationAnnotationProcessor,org.springframework.context.annotation.internalAutowiredAnnotationProcessor,org.springframework.context.annotation.internalRequiredAnnotationProcessor,org.springframework.context.annotation.internalCommonAnnotationProcessor,org.springframework.aop.config.internalAutoProxyCreator,mongo,org.springframework.beans.factory.config.CustomEditorConfigurer#0,org.springframework.beans.factory.config.CustomEditorConfigurer#1,org.springframework.beans.factory.config.CustomEditorConfigurer#2,mongoDbFactory,mongoTemplate,org.springframework.web.servlet.view.InternalResourceViewResolver#0,logAspect,mapper,mailSender,preConfiguredMessage]; root of factory hierarchy
16:36:19,043 DEBUG DefaultListableBeanFactory:215 - Creating shared instance of singleton bean 'org.springframework.context.annotation.internalConfigurationAnnotationProcessor'
16:36:19,043 DEBUG DefaultListableBeanFactory:435 - Creating instance of bean 'org.springframework.context.annotation.internalConfigurationAnnotationProcessor'
16:36:19,090 DEBUG DefaultListableBeanFactory:509 - Eagerly caching bean 'org.springframework.context.annotation.internalConfigurationAnnotationProcessor' to allow for resolving potential circular references
16:36:19,090 DEBUG DefaultListableBeanFactory:463 - Finished creating instance of bean 'org.springframework.context.annotation.internalConfigurationAnnotationProcessor'
16:36:19,215 DEBUG ConfigurationClassBeanDefinitionReader:199 - Skipping loading bean definition for [BeanMethod:name=mongoDbFactory,declaringClass=com.portfolio.config.AppConfig]: a definition for bean 'mongoDbFactory' already exists. This is likely due to an override in XML.
16:36:19,215 DEBUG ConfigurationClassBeanDefinitionReader:199 - Skipping loading bean definition for [BeanMethod:name=mongoTemplate,declaringClass=com.portfolio.config.AppConfig]: a definition for bean 'mongoTemplate' already exists. This is likely due to an override in XML.
16:36:19,340 DEBUG ConfigurationClassEnhancer:108 - Successfully enhanced com.portfolio.config.AppConfig; enhanced class name is: com.portfolio.config.AppConfig$$EnhancerByCGLIB$$1fc60408
16:36:19,340 DEBUG ConfigurationClassPostProcessor:359 - Replacing bean definition 'appConfig' existing class name 'com.portfolio.config.AppConfig' with enhanced class name 'com.portfolio.config.AppConfig$$EnhancerByCGLIB$$1fc60408'
16:36:19,340 DEBUG DefaultListableBeanFactory:215 - Creating shared instance of singleton bean 'org.springframework.beans.factory.config.CustomEditorConfigurer#0'
16:36:19,340 DEBUG DefaultListableBeanFactory:435 - Creating instance of bean 'org.springframework.beans.factory.config.CustomEditorConfigurer#0'
16:36:19,340 DEBUG DefaultListableBeanFactory:509 - Eagerly caching bean 'org.springframework.beans.factory.config.CustomEditorConfigurer#0' to allow for resolving potential circular references
16:36:19,512 DEBUG DefaultListableBeanFactory:463 - Finished creating instance of bean 'org.springframework.beans.factory.config.CustomEditorConfigurer#0'
16:36:19,512 DEBUG DefaultListableBeanFactory:215 - Creating shared instance of singleton bean 'org.springframework.beans.factory.config.CustomEditorConfigurer#1'
16:36:19,512 DEBUG DefaultListableBeanFactory:435 - Creating instance of bean 'org.springframework.beans.factory.config.CustomEditorConfigurer#1'
16:36:19,512 DEBUG DefaultListableBeanFactory:509 - Eagerly caching bean 'org.springframework.beans.factory.config.CustomEditorConfigurer#1' to allow for resolving potential circular references
16:36:19,527 DEBUG DefaultListableBeanFactory:463 - Finished creating instance of bean 'org.springframework.beans.factory.config.CustomEditorConfigurer#1'
16:36:19,527 DEBUG DefaultListableBeanFactory:215 - Creating shared instance of singleton bean 'org.springframework.beans.factory.config.CustomEditorConfigurer#2'
16:36:19,527 DEBUG DefaultListableBeanFactory:435 - Creating instance of bean 'org.springframework.beans.factory.config.CustomEditorConfigurer#2'
16:36:19,527 DEBUG DefaultListableBeanFactory:509 - Eagerly caching bean 'org.springframework.beans.factory.config.CustomEditorConfigurer#2' to allow for resolving potential circular references
16:36:19,527 DEBUG DefaultListableBeanFactory:463 - Finished creating instance of bean 'org.springframework.beans.factory.config.CustomEditorConfigurer#2'
16:36:19,543 DEBUG DefaultListableBeanFactory:215 - Creating shared instance of singleton bean 'org.springframework.context.annotation.internalAutowiredAnnotationProcessor'
16:36:19,543 DEBUG DefaultListableBeanFactory:435 - Creating instance of bean 'org.springframework.context.annotation.internalAutowiredAnnotationProcessor'
16:36:19,543 DEBUG DefaultListableBeanFactory:509 - Eagerly caching bean 'org.springframework.context.annotation.internalAutowiredAnnotationProcessor' to allow for resolving potential circular references
16:36:19,543 DEBUG DefaultListableBeanFactory:463 - Finished creating instance of bean 'org.springframework.context.annotation.internalAutowiredAnnotationProcessor'
16:36:19,543 DEBUG DefaultListableBeanFactory:215 - Creating shared instance of singleton bean 'org.springframework.context.annotation.internalRequiredAnnotationProcessor'
16:36:19,543 DEBUG DefaultListableBeanFactory:435 - Creating instance of bean 'org.springframework.context.annotation.internalRequiredAnnotationProcessor'
16:36:19,543 DEBUG DefaultListableBeanFactory:509 - Eagerly caching bean 'org.springframework.context.annotation.internalRequiredAnnotationProcessor' to allow for resolving potential circular references
16:36:19,543 DEBUG DefaultListableBeanFactory:463 - Finished creating instance of bean 'org.springframework.context.annotation.internalRequiredAnnotationProcessor'
16:36:19,543 DEBUG DefaultListableBeanFactory:215 - Creating shared instance of singleton bean 'org.springframework.context.annotation.internalCommonAnnotationProcessor'
16:36:19,543 DEBUG DefaultListableBeanFactory:435 - Creating instance of bean 'org.springframework.context.annotation.internalCommonAnnotationProcessor'
16:36:19,574 DEBUG DefaultListableBeanFactory:509 - Eagerly caching bean 'org.springframework.context.annotation.internalCommonAnnotationProcessor' to allow for resolving potential circular references
16:36:19,574 DEBUG DefaultListableBeanFactory:463 - Finished creating instance of bean 'org.springframework.context.annotation.internalCommonAnnotationProcessor'
16:36:19,574 DEBUG DefaultListableBeanFactory:215 - Creating shared instance of singleton bean 'org.springframework.context.annotation.ConfigurationClassPostProcessor.importAwareProcessor'
16:36:19,574 DEBUG DefaultListableBeanFactory:435 - Creating instance of bean 'org.springframework.context.annotation.ConfigurationClassPostProcessor.importAwareProcessor'
16:36:19,574 DEBUG DefaultListableBeanFactory:509 - Eagerly caching bean 'org.springframework.context.annotation.ConfigurationClassPostProcessor.importAwareProcessor' to allow for resolving potential circular references
16:36:19,574 DEBUG DefaultListableBeanFactory:463 - Finished creating instance of bean 'org.springframework.context.annotation.ConfigurationClassPostProcessor.importAwareProcessor'
16:36:19,574 DEBUG DefaultListableBeanFactory:215 - Creating shared instance of singleton bean 'org.springframework.aop.config.internalAutoProxyCreator'
16:36:19,574 DEBUG DefaultListableBeanFactory:435 - Creating instance of bean 'org.springframework.aop.config.internalAutoProxyCreator'
16:36:19,605 DEBUG DefaultListableBeanFactory:509 - Eagerly caching bean 'org.springframework.aop.config.internalAutoProxyCreator' to allow for resolving potential circular references
16:36:19,621 DEBUG DefaultListableBeanFactory:463 - Finished creating instance of bean 'org.springframework.aop.config.internalAutoProxyCreator'
16:36:19,621 DEBUG GenericWebApplicationContext:807 - Unable to locate MessageSource with name 'messageSource': using default [org.springframework.context.support.DelegatingMessageSource@160868a]
16:36:19,621 DEBUG GenericWebApplicationContext:831 - Unable to locate ApplicationEventMulticaster with name 'applicationEventMulticaster': using default [org.springframework.context.event.SimpleApplicationEventMulticaster@1eb5a6]
16:36:19,637 DEBUG UiApplicationContextUtils:85 - Unable to locate ThemeSource with name 'themeSource': using default [org.springframework.ui.context.support.ResourceBundleThemeSource@6d7809]
16:36:19,637  INFO DefaultListableBeanFactory:577 - Pre-instantiating singletons in org.springframework.beans.factory.support.DefaultListableBeanFactory@bf5dc1: defining beans [appConfig,portfolioController,contactMeDao,portfolioDao,mailService,contactMeSvcImpl,portfolioSvcImpl,jsonUtils,org.springframework.context.annotation.internalConfigurationAnnotationProcessor,org.springframework.context.annotation.internalAutowiredAnnotationProcessor,org.springframework.context.annotation.internalRequiredAnnotationProcessor,org.springframework.context.annotation.internalCommonAnnotationProcessor,org.springframework.aop.config.internalAutoProxyCreator,mongo,org.springframework.beans.factory.config.CustomEditorConfigurer#0,org.springframework.beans.factory.config.CustomEditorConfigurer#1,org.springframework.beans.factory.config.CustomEditorConfigurer#2,mongoDbFactory,mongoTemplate,org.springframework.web.servlet.view.InternalResourceViewResolver#0,logAspect,mapper,mailSender,preConfiguredMessage,org.springframework.context.annotation.ConfigurationClassPostProcessor.importAwareProcessor]; root of factory hierarchy
16:36:19,637 DEBUG DefaultListableBeanFactory:215 - Creating shared instance of singleton bean 'appConfig'
16:36:19,637 DEBUG DefaultListableBeanFactory:435 - Creating instance of bean 'appConfig'
16:36:19,730 DEBUG ReflectiveAspectJAdvisorFactory:215 - Found AspectJ method: public java.lang.Object com.portfolio.aspect.LoggingAspect.doMethodLogging(org.aspectj.lang.ProceedingJoinPoint) throws java.lang.Throwable
16:36:19,746 DEBUG ReflectiveAspectJAdvisorFactory:215 - Found AspectJ method: public void com.portfolio.aspect.LoggingAspect.doExceptionLogging(org.aspectj.lang.JoinPoint,com.portfolio.exception.ApplicationException)
16:36:19,809 DEBUG DefaultListableBeanFactory:509 - Eagerly caching bean 'appConfig' to allow for resolving potential circular references
16:36:20,340 DEBUG AnnotationAwareAspectJAutoProxyCreator:534 - Creating implicit proxy for bean 'appConfig' with 0 common interceptors and 3 specific interceptors
16:36:20,340 DEBUG JdkDynamicAopProxy:115 - Creating JDK dynamic proxy: target source is SingletonTargetSource for target object [com.portfolio.config.AppConfig$$EnhancerByCGLIB$$1fc60408@23cecd]
16:36:20,340 DEBUG DefaultListableBeanFactory:463 - Finished creating instance of bean 'appConfig'
16:36:20,340 DEBUG DefaultListableBeanFactory:215 - Creating shared instance of singleton bean 'portfolioController'
16:36:20,340 DEBUG DefaultListableBeanFactory:435 - Creating instance of bean 'portfolioController'
16:36:20,371 DEBUG InjectionMetadata:71 - Registered injected element on class [com.portfolio.controller.PortfolioController]: AutowiredFieldElement for protected com.portfolio.utils.JsonUtils com.portfolio.controller.GenericController.jsonUtils
16:36:20,371 DEBUG InjectionMetadata:71 - Registered injected element on class [com.portfolio.controller.PortfolioController]: AutowiredFieldElement for protected com.portfolio.service.PortfolioSvc com.portfolio.controller.GenericController.portfolioSvc
16:36:20,371 DEBUG InjectionMetadata:71 - Registered injected element on class [com.portfolio.controller.PortfolioController]: AutowiredFieldElement for protected com.portfolio.mail.ApplicationMailer com.portfolio.controller.GenericController.mailer
16:36:20,371 DEBUG DefaultListableBeanFactory:509 - Eagerly caching bean 'portfolioController' to allow for resolving potential circular references
16:36:20,371 DEBUG InjectionMetadata:85 - Processing injected method of bean 'portfolioController': AutowiredFieldElement for protected com.portfolio.utils.JsonUtils com.portfolio.controller.GenericController.jsonUtils
16:36:20,387 DEBUG DefaultListableBeanFactory:215 - Creating shared instance of singleton bean 'jsonUtils'
16:36:20,387 DEBUG DefaultListableBeanFactory:435 - Creating instance of bean 'jsonUtils'
16:36:20,387 DEBUG InjectionMetadata:71 - Registered injected element on class [com.portfolio.utils.JsonUtils]: AutowiredFieldElement for private org.codehaus.jackson.map.ObjectMapper com.portfolio.utils.JsonUtils.mapper
16:36:20,387 DEBUG DefaultListableBeanFactory:509 - Eagerly caching bean 'jsonUtils' to allow for resolving potential circular references
16:36:20,387 DEBUG InjectionMetadata:85 - Processing injected method of bean 'jsonUtils': AutowiredFieldElement for private org.codehaus.jackson.map.ObjectMapper com.portfolio.utils.JsonUtils.mapper
16:36:20,402 DEBUG DefaultListableBeanFactory:215 - Creating shared instance of singleton bean 'mapper'
16:36:20,402 DEBUG DefaultListableBeanFactory:435 - Creating instance of bean 'mapper'
16:36:20,855 DEBUG DefaultListableBeanFactory:509 - Eagerly caching bean 'mapper' to allow for resolving potential circular references
16:36:21,012 DEBUG DefaultListableBeanFactory:463 - Finished creating instance of bean 'mapper'
16:36:21,012 DEBUG AutowiredAnnotationBeanPostProcessor:433 - Autowiring by type from bean name 'jsonUtils' to bean named 'mapper'
16:36:21,012 DEBUG AnnotationAwareAspectJAutoProxyCreator:534 - Creating implicit proxy for bean 'jsonUtils' with 0 common interceptors and 3 specific interceptors
16:36:21,027 DEBUG CglibAopProxy:155 - Creating CGLIB proxy: target source is SingletonTargetSource for target object [com.portfolio.utils.JsonUtils@1a8346]
16:36:21,043 DEBUG CglibAopProxy:808 - Unable to apply any optimisations to advised method: public java.lang.Object com.portfolio.utils.JsonUtils.toObject(java.lang.String,java.lang.Class) throws com.portfolio.exception.ApplicationException
16:36:21,043 DEBUG CglibAopProxy:808 - Unable to apply any optimisations to advised method: public java.lang.Object com.portfolio.utils.JsonUtils.toObject(java.io.File,java.lang.Class) throws com.portfolio.exception.ApplicationException
16:36:21,043 DEBUG CglibAopProxy:808 - Unable to apply any optimisations to advised method: public java.lang.String com.portfolio.utils.JsonUtils.toJson(java.lang.Object) throws com.portfolio.exception.ApplicationException
16:36:21,043 DEBUG CglibAopProxy:776 - Found 'hashCode' method: public native int java.lang.Object.hashCode()
16:36:21,059 DEBUG CglibAopProxy:771 - Found 'equals' method: public boolean java.lang.Object.equals(java.lang.Object)
16:36:21,059 DEBUG CglibAopProxy:808 - Unable to apply any optimisations to advised method: protected native java.lang.Object java.lang.Object.clone() throws java.lang.CloneNotSupportedException
16:36:21,059 DEBUG CglibAopProxy:808 - Unable to apply any optimisations to advised method: public java.lang.String java.lang.Object.toString()
16:36:21,059 DEBUG CglibAopProxy:759 - Found finalize() method - using NO_OVERRIDE
16:36:21,059 DEBUG CglibAopProxy:765 - Method is declared on Advised interface: public abstract org.springframework.aop.TargetSource org.springframework.aop.framework.Advised.getTargetSource()
16:36:21,059 DEBUG CglibAopProxy:765 - Method is declared on Advised interface: public abstract void org.springframework.aop.framework.Advised.addAdvisor(int,org.springframework.aop.Advisor) throws org.springframework.aop.framework.AopConfigException
16:36:21,059 DEBUG CglibAopProxy:765 - Method is declared on Advised interface: public abstract void org.springframework.aop.framework.Advised.addAdvisor(org.springframework.aop.Advisor) throws org.springframework.aop.framework.AopConfigException
16:36:21,059 DEBUG CglibAopProxy:765 - Method is declared on Advised interface: public abstract void org.springframework.aop.framework.Advised.setTargetSource(org.springframework.aop.TargetSource)
16:36:21,059 DEBUG CglibAopProxy:765 - Method is declared on Advised interface: public abstract void org.springframework.aop.framework.Advised.setPreFiltered(boolean)
16:36:21,059 DEBUG CglibAopProxy:765 - Method is declared on Advised interface: public abstract boolean org.springframework.aop.framework.Advised.isProxyTargetClass()
16:36:21,059 DEBUG CglibAopProxy:765 - Method is declared on Advised interface: public abstract void org.springframework.aop.framework.Advised.setExposeProxy(boolean)
16:36:21,059 DEBUG CglibAopProxy:765 - Method is declared on Advised interface: public abstract boolean org.springframework.aop.framework.Advised.isExposeProxy()
16:36:21,059 DEBUG CglibAopProxy:765 - Method is declared on Advised interface: public abstract org.springframework.aop.Advisor[] org.springframework.aop.framework.Advised.getAdvisors()
16:36:21,059 DEBUG CglibAopProxy:765 - Method is declared on Advised interface: public abstract java.lang.Class[] org.springframework.aop.framework.Advised.getProxiedInterfaces()
16:36:21,059 DEBUG CglibAopProxy:765 - Method is declared on Advised interface: public abstract boolean org.springframework.aop.framework.Advised.isInterfaceProxied(java.lang.Class)
16:36:21,059 DEBUG CglibAopProxy:765 - Method is declared on Advised interface: public abstract boolean org.springframework.aop.framework.Advised.replaceAdvisor(org.springframework.aop.Advisor,org.springframework.aop.Advisor) throws org.springframework.aop.framework.AopConfigException
16:36:21,059 DEBUG CglibAopProxy:765 - Method is declared on Advised interface: public abstract boolean org.springframework.aop.framework.Advised.removeAdvice(org.aopalliance.aop.Advice)
16:36:21,059 DEBUG CglibAopProxy:765 - Method is declared on Advised interface: public abstract java.lang.String org.springframework.aop.framework.Advised.toProxyConfigString()
16:36:21,059 DEBUG CglibAopProxy:765 - Method is declared on Advised interface: public abstract boolean org.springframework.aop.framework.Advised.isPreFiltered()
16:36:21,059 DEBUG CglibAopProxy:765 - Method is declared on Advised interface: public abstract void org.springframework.aop.framework.Advised.addAdvice(int,org.aopalliance.aop.Advice) throws org.springframework.aop.framework.AopConfigException
16:36:21,059 DEBUG CglibAopProxy:765 - Method is declared on Advised interface: public abstract void org.springframework.aop.framework.Advised.addAdvice(org.aopalliance.aop.Advice) throws org.springframework.aop.framework.AopConfigException
16:36:21,059 DEBUG CglibAopProxy:765 - Method is declared on Advised interface: public abstract boolean org.springframework.aop.framework.Advised.removeAdvisor(org.springframework.aop.Advisor)
16:36:21,059 DEBUG CglibAopProxy:765 - Method is declared on Advised interface: public abstract void org.springframework.aop.framework.Advised.removeAdvisor(int) throws org.springframework.aop.framework.AopConfigException
16:36:21,059 DEBUG CglibAopProxy:765 - Method is declared on Advised interface: public abstract int org.springframework.aop.framework.Advised.indexOf(org.aopalliance.aop.Advice)
16:36:21,059 DEBUG CglibAopProxy:765 - Method is declared on Advised interface: public abstract int org.springframework.aop.framework.Advised.indexOf(org.springframework.aop.Advisor)
16:36:21,059 DEBUG CglibAopProxy:765 - Method is declared on Advised interface: public abstract boolean org.springframework.aop.framework.Advised.isFrozen()
16:36:21,059 DEBUG CglibAopProxy:765 - Method is declared on Advised interface: public abstract java.lang.Class org.springframework.aop.TargetClassAware.getTargetClass()
16:36:21,105 DEBUG DefaultListableBeanFactory:463 - Finished creating instance of bean 'jsonUtils'
16:36:21,105 DEBUG AutowiredAnnotationBeanPostProcessor:433 - Autowiring by type from bean name 'portfolioController' to bean named 'jsonUtils'
16:36:21,105 DEBUG InjectionMetadata:85 - Processing injected method of bean 'portfolioController': AutowiredFieldElement for protected com.portfolio.service.PortfolioSvc com.portfolio.controller.GenericController.portfolioSvc
16:36:21,105 DEBUG DefaultListableBeanFactory:215 - Creating shared instance of singleton bean 'portfolioSvcImpl'
16:36:21,105 DEBUG DefaultListableBeanFactory:435 - Creating instance of bean 'portfolioSvcImpl'
16:36:21,105 DEBUG InjectionMetadata:71 - Registered injected element on class [com.portfolio.service.impl.PortfolioSvcImpl]: AutowiredFieldElement for private com.portfolio.dao.PortfolioDao com.portfolio.service.impl.PortfolioSvcImpl.portfolioDao
16:36:21,105 DEBUG DefaultListableBeanFactory:509 - Eagerly caching bean 'portfolioSvcImpl' to allow for resolving potential circular references
16:36:21,105 DEBUG InjectionMetadata:85 - Processing injected method of bean 'portfolioSvcImpl': AutowiredFieldElement for private com.portfolio.dao.PortfolioDao com.portfolio.service.impl.PortfolioSvcImpl.portfolioDao
16:36:21,105 DEBUG DefaultListableBeanFactory:215 - Creating shared instance of singleton bean 'portfolioDao'
16:36:21,105 DEBUG DefaultListableBeanFactory:435 - Creating instance of bean 'portfolioDao'
16:36:21,105 DEBUG StandardEnvironment:112 - Initializing new StandardEnvironment
16:36:21,121 DEBUG StandardEnvironment:107 - Adding [systemProperties] PropertySource with lowest search precedence
16:36:21,121 DEBUG StandardEnvironment:107 - Adding [systemEnvironment] PropertySource with lowest search precedence
16:36:21,121 DEBUG StandardEnvironment:116 - Initialized StandardEnvironment with PropertySources [systemProperties,systemEnvironment]
16:36:21,121  INFO AnnotationConfigApplicationContext:510 - Refreshing org.springframework.context.annotation.AnnotationConfigApplicationContext@15d9cdb: startup date [Mon Mar 17 16:36:21 EST 2014]; root of context hierarchy
16:36:21,121 DEBUG AnnotationConfigApplicationContext:540 - Bean factory for org.springframework.context.annotation.AnnotationConfigApplicationContext@15d9cdb: org.springframework.beans.factory.support.DefaultListableBeanFactory@158270c: defining beans [org.springframework.context.annotation.internalConfigurationAnnotationProcessor,org.springframework.context.annotation.internalAutowiredAnnotationProcessor,org.springframework.context.annotation.internalRequiredAnnotationProcessor,org.springframework.context.annotation.internalCommonAnnotationProcessor,appConfig]; root of factory hierarchy
16:36:21,121 DEBUG DefaultListableBeanFactory:215 - Creating shared instance of singleton bean 'org.springframework.context.annotation.internalConfigurationAnnotationProcessor'
16:36:21,121 DEBUG DefaultListableBeanFactory:435 - Creating instance of bean 'org.springframework.context.annotation.internalConfigurationAnnotationProcessor'
16:36:21,121 DEBUG DefaultListableBeanFactory:509 - Eagerly caching bean 'org.springframework.context.annotation.internalConfigurationAnnotationProcessor' to allow for resolving potential circular references
16:36:21,121 DEBUG DefaultListableBeanFactory:463 - Finished creating instance of bean 'org.springframework.context.annotation.internalConfigurationAnnotationProcessor'
16:36:21,121 DEBUG ConfigurationClassBeanDefinitionReader:263 - Registering bean definition for @Bean method com.portfolio.config.AppConfig.mongoDbFactory()
16:36:21,121 DEBUG ConfigurationClassBeanDefinitionReader:263 - Registering bean definition for @Bean method com.portfolio.config.AppConfig.mongoTemplate()
16:36:21,121 DEBUG ConfigurationClassEnhancer:108 - Successfully enhanced com.portfolio.config.AppConfig; enhanced class name is: com.portfolio.config.AppConfig$$EnhancerByCGLIB$$1fc60408
16:36:21,121 DEBUG ConfigurationClassPostProcessor:359 - Replacing bean definition 'appConfig' existing class name 'com.portfolio.config.AppConfig' with enhanced class name 'com.portfolio.config.AppConfig$$EnhancerByCGLIB$$1fc60408'
16:36:21,121 DEBUG GenericTypeResolver:151 - Resolving return type for [public final org.springframework.data.mongodb.MongoDbFactory com.portfolio.config.AppConfig$$EnhancerByCGLIB$$1fc60408.mongoDbFactory() throws java.lang.Exception] with concrete method arguments [{}].
16:36:21,121 DEBUG GenericTypeResolver:151 - Resolving return type for [public final org.springframework.data.mongodb.MongoDbFactory com.portfolio.config.AppConfig$$EnhancerByCGLIB$$1fc60408.mongoDbFactory() throws java.lang.Exception] with concrete method arguments [{}].
16:36:21,121 DEBUG GenericTypeResolver:151 - Resolving return type for [public final org.springframework.data.mongodb.core.MongoTemplate com.portfolio.config.AppConfig$$EnhancerByCGLIB$$1fc60408.mongoTemplate() throws java.lang.Exception] with concrete method arguments [{}].
16:36:21,121 DEBUG GenericTypeResolver:151 - Resolving return type for [public final org.springframework.data.mongodb.core.MongoTemplate com.portfolio.config.AppConfig$$EnhancerByCGLIB$$1fc60408.mongoTemplate() throws java.lang.Exception] with concrete method arguments [{}].
16:36:21,121 DEBUG GenericTypeResolver:151 - Resolving return type for [public final org.springframework.data.mongodb.MongoDbFactory com.portfolio.config.AppConfig$$EnhancerByCGLIB$$1fc60408.mongoDbFactory() throws java.lang.Exception] with concrete method arguments [{}].
16:36:21,137 DEBUG GenericTypeResolver:151 - Resolving return type for [public final org.springframework.data.mongodb.MongoDbFactory com.portfolio.config.AppConfig$$EnhancerByCGLIB$$1fc60408.mongoDbFactory() throws java.lang.Exception] with concrete method arguments [{}].
16:36:21,137 DEBUG GenericTypeResolver:151 - Resolving return type for [public final org.springframework.data.mongodb.core.MongoTemplate com.portfolio.config.AppConfig$$EnhancerByCGLIB$$1fc60408.mongoTemplate() throws java.lang.Exception] with concrete method arguments [{}].
16:36:21,137 DEBUG GenericTypeResolver:151 - Resolving return type for [public final org.springframework.data.mongodb.core.MongoTemplate com.portfolio.config.AppConfig$$EnhancerByCGLIB$$1fc60408.mongoTemplate() throws java.lang.Exception] with concrete method arguments [{}].
16:36:21,137 DEBUG DefaultListableBeanFactory:215 - Creating shared instance of singleton bean 'org.springframework.context.annotation.internalAutowiredAnnotationProcessor'
16:36:21,137 DEBUG DefaultListableBeanFactory:435 - Creating instance of bean 'org.springframework.context.annotation.internalAutowiredAnnotationProcessor'
16:36:21,137 DEBUG DefaultListableBeanFactory:509 - Eagerly caching bean 'org.springframework.context.annotation.internalAutowiredAnnotationProcessor' to allow for resolving potential circular references
16:36:21,137 DEBUG DefaultListableBeanFactory:463 - Finished creating instance of bean 'org.springframework.context.annotation.internalAutowiredAnnotationProcessor'
16:36:21,137 DEBUG DefaultListableBeanFactory:215 - Creating shared instance of singleton bean 'org.springframework.context.annotation.internalRequiredAnnotationProcessor'
16:36:21,137 DEBUG DefaultListableBeanFactory:435 - Creating instance of bean 'org.springframework.context.annotation.internalRequiredAnnotationProcessor'
16:36:21,137 DEBUG DefaultListableBeanFactory:509 - Eagerly caching bean 'org.springframework.context.annotation.internalRequiredAnnotationProcessor' to allow for resolving potential circular references
16:36:21,137 DEBUG DefaultListableBeanFactory:463 - Finished creating instance of bean 'org.springframework.context.annotation.internalRequiredAnnotationProcessor'
16:36:21,137 DEBUG DefaultListableBeanFactory:215 - Creating shared instance of singleton bean 'org.springframework.context.annotation.internalCommonAnnotationProcessor'
16:36:21,137 DEBUG DefaultListableBeanFactory:435 - Creating instance of bean 'org.springframework.context.annotation.internalCommonAnnotationProcessor'
16:36:21,137 DEBUG DefaultListableBeanFactory:509 - Eagerly caching bean 'org.springframework.context.annotation.internalCommonAnnotationProcessor' to allow for resolving potential circular references
16:36:21,137 DEBUG DefaultListableBeanFactory:463 - Finished creating instance of bean 'org.springframework.context.annotation.internalCommonAnnotationProcessor'
16:36:21,137 DEBUG DefaultListableBeanFactory:215 - Creating shared instance of singleton bean 'org.springframework.context.annotation.ConfigurationClassPostProcessor.importAwareProcessor'
16:36:21,137 DEBUG DefaultListableBeanFactory:435 - Creating instance of bean 'org.springframework.context.annotation.ConfigurationClassPostProcessor.importAwareProcessor'
16:36:21,137 DEBUG DefaultListableBeanFactory:509 - Eagerly caching bean 'org.springframework.context.annotation.ConfigurationClassPostProcessor.importAwareProcessor' to allow for resolving potential circular references
16:36:21,137 DEBUG DefaultListableBeanFactory:463 - Finished creating instance of bean 'org.springframework.context.annotation.ConfigurationClassPostProcessor.importAwareProcessor'
16:36:21,137 DEBUG AnnotationConfigApplicationContext:807 - Unable to locate MessageSource with name 'messageSource': using default [org.springframework.context.support.DelegatingMessageSource@f7366d]
16:36:21,137 DEBUG AnnotationConfigApplicationContext:831 - Unable to locate ApplicationEventMulticaster with name 'applicationEventMulticaster': using default [org.springframework.context.event.SimpleApplicationEventMulticaster@164d60]
16:36:21,137 DEBUG GenericTypeResolver:151 - Resolving return type for [public final org.springframework.data.mongodb.MongoDbFactory com.portfolio.config.AppConfig$$EnhancerByCGLIB$$1fc60408.mongoDbFactory() throws java.lang.Exception] with concrete method arguments [{}].
16:36:21,137 DEBUG GenericTypeResolver:151 - Resolving return type for [public final org.springframework.data.mongodb.MongoDbFactory com.portfolio.config.AppConfig$$EnhancerByCGLIB$$1fc60408.mongoDbFactory() throws java.lang.Exception] with concrete method arguments [{}].
16:36:21,137 DEBUG GenericTypeResolver:151 - Resolving return type for [public final org.springframework.data.mongodb.core.MongoTemplate com.portfolio.config.AppConfig$$EnhancerByCGLIB$$1fc60408.mongoTemplate() throws java.lang.Exception] with concrete method arguments [{}].
16:36:21,137 DEBUG GenericTypeResolver:151 - Resolving return type for [public final org.springframework.data.mongodb.core.MongoTemplate com.portfolio.config.AppConfig$$EnhancerByCGLIB$$1fc60408.mongoTemplate() throws java.lang.Exception] with concrete method arguments [{}].
16:36:21,137 DEBUG GenericTypeResolver:151 - Resolving return type for [public final org.springframework.data.mongodb.MongoDbFactory com.portfolio.config.AppConfig$$EnhancerByCGLIB$$1fc60408.mongoDbFactory() throws java.lang.Exception] with concrete method arguments [{}].
16:36:21,137 DEBUG GenericTypeResolver:151 - Resolving return type for [public final org.springframework.data.mongodb.MongoDbFactory com.portfolio.config.AppConfig$$EnhancerByCGLIB$$1fc60408.mongoDbFactory() throws java.lang.Exception] with concrete method arguments [{}].
16:36:21,137 DEBUG GenericTypeResolver:151 - Resolving return type for [public final org.springframework.data.mongodb.MongoDbFactory com.portfolio.config.AppConfig$$EnhancerByCGLIB$$1fc60408.mongoDbFactory() throws java.lang.Exception] with concrete method arguments [{}].
16:36:21,137 DEBUG GenericTypeResolver:151 - Resolving return type for [public final org.springframework.data.mongodb.core.MongoTemplate com.portfolio.config.AppConfig$$EnhancerByCGLIB$$1fc60408.mongoTemplate() throws java.lang.Exception] with concrete method arguments [{}].
16:36:21,137 DEBUG GenericTypeResolver:151 - Resolving return type for [public final org.springframework.data.mongodb.core.MongoTemplate com.portfolio.config.AppConfig$$EnhancerByCGLIB$$1fc60408.mongoTemplate() throws java.lang.Exception] with concrete method arguments [{}].
16:36:21,137 DEBUG GenericTypeResolver:151 - Resolving return type for [public final org.springframework.data.mongodb.core.MongoTemplate com.portfolio.config.AppConfig$$EnhancerByCGLIB$$1fc60408.mongoTemplate() throws java.lang.Exception] with concrete method arguments [{}].
16:36:21,137  INFO DefaultListableBeanFactory:577 - Pre-instantiating singletons in org.springframework.beans.factory.support.DefaultListableBeanFactory@158270c: defining beans [org.springframework.context.annotation.internalConfigurationAnnotationProcessor,org.springframework.context.annotation.internalAutowiredAnnotationProcessor,org.springframework.context.annotation.internalRequiredAnnotationProcessor,org.springframework.context.annotation.internalCommonAnnotationProcessor,appConfig,org.springframework.context.annotation.ConfigurationClassPostProcessor.importAwareProcessor,mongoDbFactory,mongoTemplate]; root of factory hierarchy
16:36:21,137 DEBUG DefaultListableBeanFactory:246 - Returning cached instance of singleton bean 'org.springframework.context.annotation.internalConfigurationAnnotationProcessor'
16:36:21,137 DEBUG DefaultListableBeanFactory:246 - Returning cached instance of singleton bean 'org.springframework.context.annotation.internalAutowiredAnnotationProcessor'
16:36:21,137 DEBUG DefaultListableBeanFactory:246 - Returning cached instance of singleton bean 'org.springframework.context.annotation.internalRequiredAnnotationProcessor'
16:36:21,137 DEBUG DefaultListableBeanFactory:246 - Returning cached instance of singleton bean 'org.springframework.context.annotation.internalCommonAnnotationProcessor'
16:36:21,137 DEBUG DefaultListableBeanFactory:215 - Creating shared instance of singleton bean 'appConfig'
16:36:21,137 DEBUG DefaultListableBeanFactory:435 - Creating instance of bean 'appConfig'
16:36:21,137 DEBUG DefaultListableBeanFactory:509 - Eagerly caching bean 'appConfig' to allow for resolving potential circular references
16:36:21,137 DEBUG DefaultListableBeanFactory:463 - Finished creating instance of bean 'appConfig'
16:36:21,152 DEBUG DefaultListableBeanFactory:246 - Returning cached instance of singleton bean 'org.springframework.context.annotation.ConfigurationClassPostProcessor.importAwareProcessor'
16:36:21,152 DEBUG GenericTypeResolver:151 - Resolving return type for [public final org.springframework.data.mongodb.MongoDbFactory com.portfolio.config.AppConfig$$EnhancerByCGLIB$$1fc60408.mongoDbFactory() throws java.lang.Exception] with concrete method arguments [{}].
16:36:21,152 DEBUG DefaultListableBeanFactory:215 - Creating shared instance of singleton bean 'mongoDbFactory'
16:36:21,152 DEBUG DefaultListableBeanFactory:435 - Creating instance of bean 'mongoDbFactory'
16:36:21,152 DEBUG DefaultListableBeanFactory:246 - Returning cached instance of singleton bean 'appConfig'
16:36:21,152 DEBUG GenericTypeResolver:151 - Resolving return type for [public final org.springframework.data.mongodb.MongoDbFactory com.portfolio.config.AppConfig$$EnhancerByCGLIB$$1fc60408.mongoDbFactory() throws java.lang.Exception] with concrete method arguments [{}].
16:36:21,559 DEBUG DefaultListableBeanFactory:509 - Eagerly caching bean 'mongoDbFactory' to allow for resolving potential circular references
16:36:21,559 DEBUG DefaultListableBeanFactory:463 - Finished creating instance of bean 'mongoDbFactory'
16:36:21,559 DEBUG GenericTypeResolver:151 - Resolving return type for [public final org.springframework.data.mongodb.core.MongoTemplate com.portfolio.config.AppConfig$$EnhancerByCGLIB$$1fc60408.mongoTemplate() throws java.lang.Exception] with concrete method arguments [{}].
16:36:21,559 DEBUG DefaultListableBeanFactory:215 - Creating shared instance of singleton bean 'mongoTemplate'
16:36:21,559 DEBUG DefaultListableBeanFactory:435 - Creating instance of bean 'mongoTemplate'
16:36:21,559 DEBUG DefaultListableBeanFactory:246 - Returning cached instance of singleton bean 'appConfig'
16:36:21,559 DEBUG GenericTypeResolver:151 - Resolving return type for [public final org.springframework.data.mongodb.core.MongoTemplate com.portfolio.config.AppConfig$$EnhancerByCGLIB$$1fc60408.mongoTemplate() throws java.lang.Exception] with concrete method arguments [{}].
16:36:21,730 DEBUG DefaultListableBeanFactory:246 - Returning cached instance of singleton bean 'mongoDbFactory'
16:36:21,840 DEBUG DefaultListableBeanFactory:509 - Eagerly caching bean 'mongoTemplate' to allow for resolving potential circular references
16:36:21,840 DEBUG GenericTypeResolver:151 - Resolving return type for [public final org.springframework.data.mongodb.MongoDbFactory com.portfolio.config.AppConfig$$EnhancerByCGLIB$$1fc60408.mongoDbFactory() throws java.lang.Exception] with concrete method arguments [{}].
16:36:21,840 DEBUG GenericTypeResolver:151 - Resolving return type for [public final org.springframework.data.mongodb.core.MongoTemplate com.portfolio.config.AppConfig$$EnhancerByCGLIB$$1fc60408.mongoTemplate() throws java.lang.Exception] with concrete method arguments [{}].
16:36:21,840 DEBUG GenericTypeResolver:151 - Resolving return type for [public final org.springframework.data.mongodb.core.MongoTemplate com.portfolio.config.AppConfig$$EnhancerByCGLIB$$1fc60408.mongoTemplate() throws java.lang.Exception] with concrete method arguments [{}].
16:36:21,840 DEBUG DefaultListableBeanFactory:463 - Finished creating instance of bean 'mongoTemplate'
16:36:21,871 DEBUG AnnotationConfigApplicationContext:858 - Unable to locate LifecycleProcessor with name 'lifecycleProcessor': using default [org.springframework.context.support.DefaultLifecycleProcessor@1aa85ce]
16:36:21,871 DEBUG GenericTypeResolver:151 - Resolving return type for [public final org.springframework.data.mongodb.MongoDbFactory com.portfolio.config.AppConfig$$EnhancerByCGLIB$$1fc60408.mongoDbFactory() throws java.lang.Exception] with concrete method arguments [{}].
16:36:21,871 DEBUG GenericTypeResolver:151 - Resolving return type for [public final org.springframework.data.mongodb.core.MongoTemplate com.portfolio.config.AppConfig$$EnhancerByCGLIB$$1fc60408.mongoTemplate() throws java.lang.Exception] with concrete method arguments [{}].
16:36:21,871 DEBUG DefaultListableBeanFactory:246 - Returning cached instance of singleton bean 'lifecycleProcessor'
16:36:21,887 DEBUG PropertySourcesPropertyResolver:70 - Searching for key 'spring.liveBeansView.mbeanDomain' in [systemProperties]
16:36:21,887 DEBUG PropertySourcesPropertyResolver:70 - Searching for key 'spring.liveBeansView.mbeanDomain' in [systemEnvironment]
16:36:21,887 DEBUG PropertySourcesPropertyResolver:93 - Could not find key 'spring.liveBeansView.mbeanDomain' in any property source. Returning [null]
16:36:21,887 DEBUG DefaultListableBeanFactory:246 - Returning cached instance of singleton bean 'mongoTemplate'
16:36:21,887 DEBUG DefaultListableBeanFactory:509 - Eagerly caching bean 'portfolioDao' to allow for resolving potential circular references
16:36:21,902 DEBUG AnnotationAwareAspectJAutoProxyCreator:534 - Creating implicit proxy for bean 'portfolioDao' with 0 common interceptors and 3 specific interceptors
16:36:21,902 DEBUG CglibAopProxy:155 - Creating CGLIB proxy: target source is SingletonTargetSource for target object [com.portfolio.dao.PortfolioDao@1b59452]
16:36:21,902 DEBUG CglibAopProxy:808 - Unable to apply any optimisations to advised method: public com.portfolio.model.Portfolio com.portfolio.dao.PortfolioDao.findOne(java.lang.String)
16:36:21,902 DEBUG CglibAopProxy:808 - Unable to apply any optimisations to advised method: public java.util.List com.portfolio.dao.PortfolioDao.findAll()
16:36:21,902 DEBUG CglibAopProxy:808 - Unable to apply any optimisations to advised method: public java.util.List com.portfolio.dao.PortfolioDao.find(java.lang.String)
16:36:21,902 DEBUG CglibAopProxy:808 - Unable to apply any optimisations to advised method: public void com.portfolio.dao.PortfolioDao.remove(java.lang.String)
16:36:21,902 DEBUG CglibAopProxy:808 - Unable to apply any optimisations to advised method: public void com.portfolio.dao.PortfolioDao.save(com.portfolio.model.Portfolio)
16:36:21,902 DEBUG CglibAopProxy:808 - Unable to apply any optimisations to advised method: public void com.portfolio.dao.PortfolioDao.save(java.lang.Object)
16:36:21,902 DEBUG CglibAopProxy:808 - Unable to apply any optimisations to advised method: public void com.portfolio.dao.PortfolioDao.update(com.portfolio.model.Portfolio) throws com.portfolio.exception.ApplicationException
16:36:21,902 DEBUG CglibAopProxy:808 - Unable to apply any optimisations to advised method: protected java.lang.Object com.portfolio.dao.GenericDao.findOne(java.lang.Class,org.springframework.data.mongodb.core.query.Criteria)
16:36:21,902 DEBUG CglibAopProxy:808 - Unable to apply any optimisations to advised method: protected java.util.List com.portfolio.dao.GenericDao.findAll(java.lang.Class)
16:36:21,902 DEBUG CglibAopProxy:808 - Unable to apply any optimisations to advised method: protected java.util.List com.portfolio.dao.GenericDao.find(java.lang.Class,org.springframework.data.mongodb.core.query.Criteria)
16:36:21,902 DEBUG CglibAopProxy:808 - Unable to apply any optimisations to advised method: protected void com.portfolio.dao.GenericDao.remove(java.lang.Class,org.springframework.data.mongodb.core.query.Criteria)
16:36:21,902 DEBUG CglibAopProxy:776 - Found 'hashCode' method: public native int java.lang.Object.hashCode()
16:36:21,902 DEBUG CglibAopProxy:771 - Found 'equals' method: public boolean java.lang.Object.equals(java.lang.Object)
16:36:21,902 DEBUG CglibAopProxy:808 - Unable to apply any optimisations to advised method: protected native java.lang.Object java.lang.Object.clone() throws java.lang.CloneNotSupportedException
16:36:21,902 DEBUG CglibAopProxy:808 - Unable to apply any optimisations to advised method: public java.lang.String java.lang.Object.toString()
16:36:21,902 DEBUG CglibAopProxy:759 - Found finalize() method - using NO_OVERRIDE
16:36:21,902 DEBUG CglibAopProxy:765 - Method is declared on Advised interface: public abstract org.springframework.aop.TargetSource org.springframework.aop.framework.Advised.getTargetSource()
16:36:21,902 DEBUG CglibAopProxy:765 - Method is declared on Advised interface: public abstract void org.springframework.aop.framework.Advised.addAdvisor(int,org.springframework.aop.Advisor) throws org.springframework.aop.framework.AopConfigException
16:36:21,902 DEBUG CglibAopProxy:765 - Method is declared on Advised interface: public abstract void org.springframework.aop.framework.Advised.addAdvisor(org.springframework.aop.Advisor) throws org.springframework.aop.framework.AopConfigException
16:36:21,902 DEBUG CglibAopProxy:765 - Method is declared on Advised interface: public abstract void org.springframework.aop.framework.Advised.setTargetSource(org.springframework.aop.TargetSource)
16:36:21,902 DEBUG CglibAopProxy:765 - Method is declared on Advised interface: public abstract void org.springframework.aop.framework.Advised.setPreFiltered(boolean)
16:36:21,902 DEBUG CglibAopProxy:765 - Method is declared on Advised interface: public abstract boolean org.springframework.aop.framework.Advised.isProxyTargetClass()
16:36:21,902 DEBUG CglibAopProxy:765 - Method is declared on Advised interface: public abstract void org.springframework.aop.framework.Advised.setExposeProxy(boolean)
16:36:21,902 DEBUG CglibAopProxy:765 - Method is declared on Advised interface: public abstract boolean org.springframework.aop.framework.Advised.isExposeProxy()
16:36:21,902 DEBUG CglibAopProxy:765 - Method is declared on Advised interface: public abstract org.springframework.aop.Advisor[] org.springframework.aop.framework.Advised.getAdvisors()
16:36:21,902 DEBUG CglibAopProxy:765 - Method is declared on Advised interface: public abstract java.lang.Class[] org.springframework.aop.framework.Advised.getProxiedInterfaces()
16:36:21,902 DEBUG CglibAopProxy:765 - Method is declared on Advised interface: public abstract boolean org.springframework.aop.framework.Advised.isInterfaceProxied(java.lang.Class)
16:36:21,902 DEBUG CglibAopProxy:765 - Method is declared on Advised interface: public abstract boolean org.springframework.aop.framework.Advised.replaceAdvisor(org.springframework.aop.Advisor,org.springframework.aop.Advisor) throws org.springframework.aop.framework.AopConfigException
16:36:21,902 DEBUG CglibAopProxy:765 - Method is declared on Advised interface: public abstract boolean org.springframework.aop.framework.Advised.removeAdvice(org.aopalliance.aop.Advice)
16:36:21,902 DEBUG CglibAopProxy:765 - Method is declared on Advised interface: public abstract java.lang.String org.springframework.aop.framework.Advised.toProxyConfigString()
16:36:21,902 DEBUG CglibAopProxy:765 - Method is declared on Advised interface: public abstract boolean org.springframework.aop.framework.Advised.isPreFiltered()
16:36:21,902 DEBUG CglibAopProxy:765 - Method is declared on Advised interface: public abstract void org.springframework.aop.framework.Advised.addAdvice(int,org.aopalliance.aop.Advice) throws org.springframework.aop.framework.AopConfigException
16:36:21,902 DEBUG CglibAopProxy:765 - Method is declared on Advised interface: public abstract void org.springframework.aop.framework.Advised.addAdvice(org.aopalliance.aop.Advice) throws org.springframework.aop.framework.AopConfigException
16:36:21,902 DEBUG CglibAopProxy:765 - Method is declared on Advised interface: public abstract boolean org.springframework.aop.framework.Advised.removeAdvisor(org.springframework.aop.Advisor)
16:36:21,902 DEBUG CglibAopProxy:765 - Method is declared on Advised interface: public abstract void org.springframework.aop.framework.Advised.removeAdvisor(int) throws org.springframework.aop.framework.AopConfigException
16:36:21,918 DEBUG CglibAopProxy:765 - Method is declared on Advised interface: public abstract int org.springframework.aop.framework.Advised.indexOf(org.aopalliance.aop.Advice)
16:36:21,918 DEBUG CglibAopProxy:765 - Method is declared on Advised interface: public abstract int org.springframework.aop.framework.Advised.indexOf(org.springframework.aop.Advisor)
16:36:21,918 DEBUG CglibAopProxy:765 - Method is declared on Advised interface: public abstract boolean org.springframework.aop.framework.Advised.isFrozen()
16:36:21,918 DEBUG CglibAopProxy:765 - Method is declared on Advised interface: public abstract java.lang.Class org.springframework.aop.TargetClassAware.getTargetClass()
16:36:21,918 DEBUG DefaultListableBeanFactory:463 - Finished creating instance of bean 'portfolioDao'
16:36:21,918 DEBUG AutowiredAnnotationBeanPostProcessor:433 - Autowiring by type from bean name 'portfolioSvcImpl' to bean named 'portfolioDao'
16:36:21,918 DEBUG AnnotationAwareAspectJAutoProxyCreator:534 - Creating implicit proxy for bean 'portfolioSvcImpl' with 0 common interceptors and 3 specific interceptors
16:36:21,918 DEBUG JdkDynamicAopProxy:115 - Creating JDK dynamic proxy: target source is SingletonTargetSource for target object [com.portfolio.service.impl.PortfolioSvcImpl@f69826]
16:36:21,934 DEBUG DefaultListableBeanFactory:463 - Finished creating instance of bean 'portfolioSvcImpl'
16:36:21,934 DEBUG AutowiredAnnotationBeanPostProcessor:433 - Autowiring by type from bean name 'portfolioController' to bean named 'portfolioSvcImpl'
16:36:21,934 DEBUG InjectionMetadata:85 - Processing injected method of bean 'portfolioController': AutowiredFieldElement for protected com.portfolio.mail.ApplicationMailer com.portfolio.controller.GenericController.mailer
16:36:21,934 DEBUG DefaultListableBeanFactory:215 - Creating shared instance of singleton bean 'mailService'
16:36:21,934 DEBUG DefaultListableBeanFactory:435 - Creating instance of bean 'mailService'
16:36:21,934 DEBUG InjectionMetadata:71 - Registered injected element on class [com.portfolio.mail.ApplicationMailer]: AutowiredFieldElement for private org.springframework.mail.MailSender com.portfolio.mail.ApplicationMailer.mailSender
16:36:21,934 DEBUG InjectionMetadata:71 - Registered injected element on class [com.portfolio.mail.ApplicationMailer]: AutowiredFieldElement for private org.springframework.mail.SimpleMailMessage com.portfolio.mail.ApplicationMailer.preConfiguredMessage
16:36:21,934 DEBUG DefaultListableBeanFactory:509 - Eagerly caching bean 'mailService' to allow for resolving potential circular references
16:36:21,934 DEBUG InjectionMetadata:85 - Processing injected method of bean 'mailService': AutowiredFieldElement for private org.springframework.mail.MailSender com.portfolio.mail.ApplicationMailer.mailSender
16:36:21,934 DEBUG DefaultListableBeanFactory:215 - Creating shared instance of singleton bean 'mailSender'
16:36:21,934 DEBUG DefaultListableBeanFactory:435 - Creating instance of bean 'mailSender'
16:36:22,184 DEBUG DefaultListableBeanFactory:509 - Eagerly caching bean 'mailSender' to allow for resolving potential circular references
16:36:22,199 DEBUG StandardEnvironment:112 - Initializing new StandardEnvironment
16:36:22,199 DEBUG StandardEnvironment:107 - Adding [systemProperties] PropertySource with lowest search precedence
16:36:22,199 DEBUG StandardEnvironment:107 - Adding [systemEnvironment] PropertySource with lowest search precedence
16:36:22,199 DEBUG StandardEnvironment:116 - Initialized StandardEnvironment with PropertySources [systemProperties,systemEnvironment]
16:36:22,199 DEBUG StandardEnvironment:112 - Initializing new StandardEnvironment
16:36:22,199 DEBUG StandardEnvironment:107 - Adding [systemProperties] PropertySource with lowest search precedence
16:36:22,199 DEBUG StandardEnvironment:107 - Adding [systemEnvironment] PropertySource with lowest search precedence
16:36:22,199 DEBUG StandardEnvironment:116 - Initialized StandardEnvironment with PropertySources [systemProperties,systemEnvironment]
16:36:22,199 DEBUG StandardEnvironment:112 - Initializing new StandardEnvironment
16:36:22,215 DEBUG StandardEnvironment:107 - Adding [systemProperties] PropertySource with lowest search precedence
16:36:22,215 DEBUG StandardEnvironment:107 - Adding [systemEnvironment] PropertySource with lowest search precedence
16:36:22,215 DEBUG StandardEnvironment:116 - Initialized StandardEnvironment with PropertySources [systemProperties,systemEnvironment]
16:36:22,215 DEBUG StandardEnvironment:112 - Initializing new StandardEnvironment
16:36:22,215 DEBUG StandardEnvironment:107 - Adding [systemProperties] PropertySource with lowest search precedence
16:36:22,215 DEBUG StandardEnvironment:107 - Adding [systemEnvironment] PropertySource with lowest search precedence
16:36:22,215 DEBUG StandardEnvironment:116 - Initialized StandardEnvironment with PropertySources [systemProperties,systemEnvironment]
16:36:22,215 DEBUG StandardEnvironment:112 - Initializing new StandardEnvironment
16:36:22,215 DEBUG StandardEnvironment:107 - Adding [systemProperties] PropertySource with lowest search precedence
16:36:22,215 DEBUG StandardEnvironment:107 - Adding [systemEnvironment] PropertySource with lowest search precedence
16:36:22,215 DEBUG StandardEnvironment:116 - Initialized StandardEnvironment with PropertySources [systemProperties,systemEnvironment]
16:36:22,230 DEBUG DefaultListableBeanFactory:463 - Finished creating instance of bean 'mailSender'
16:36:22,230 DEBUG AutowiredAnnotationBeanPostProcessor:433 - Autowiring by type from bean name 'mailService' to bean named 'mailSender'
16:36:22,230 DEBUG InjectionMetadata:85 - Processing injected method of bean 'mailService': AutowiredFieldElement for private org.springframework.mail.SimpleMailMessage com.portfolio.mail.ApplicationMailer.preConfiguredMessage
16:36:22,230 DEBUG DefaultListableBeanFactory:215 - Creating shared instance of singleton bean 'preConfiguredMessage'
16:36:22,230 DEBUG DefaultListableBeanFactory:435 - Creating instance of bean 'preConfiguredMessage'
16:36:22,230 DEBUG DefaultListableBeanFactory:509 - Eagerly caching bean 'preConfiguredMessage' to allow for resolving potential circular references
16:36:22,230 DEBUG StandardEnvironment:112 - Initializing new StandardEnvironment
16:36:22,230 DEBUG StandardEnvironment:107 - Adding [systemProperties] PropertySource with lowest search precedence
16:36:22,230 DEBUG StandardEnvironment:107 - Adding [systemEnvironment] PropertySource with lowest search precedence
16:36:22,230 DEBUG StandardEnvironment:116 - Initialized StandardEnvironment with PropertySources [systemProperties,systemEnvironment]
16:36:22,230 DEBUG StandardEnvironment:112 - Initializing new StandardEnvironment
16:36:22,230 DEBUG StandardEnvironment:107 - Adding [systemProperties] PropertySource with lowest search precedence
16:36:22,230 DEBUG StandardEnvironment:107 - Adding [systemEnvironment] PropertySource with lowest search precedence
16:36:22,230 DEBUG StandardEnvironment:116 - Initialized StandardEnvironment with PropertySources [systemProperties,systemEnvironment]
16:36:22,230 DEBUG StandardEnvironment:112 - Initializing new StandardEnvironment
16:36:22,230 DEBUG StandardEnvironment:107 - Adding [systemProperties] PropertySource with lowest search precedence
16:36:22,230 DEBUG StandardEnvironment:107 - Adding [systemEnvironment] PropertySource with lowest search precedence
16:36:22,230 DEBUG StandardEnvironment:116 - Initialized StandardEnvironment with PropertySources [systemProperties,systemEnvironment]
16:36:22,230 DEBUG StandardEnvironment:112 - Initializing new StandardEnvironment
16:36:22,230 DEBUG StandardEnvironment:107 - Adding [systemProperties] PropertySource with lowest search precedence
16:36:22,230 DEBUG StandardEnvironment:107 - Adding [systemEnvironment] PropertySource with lowest search precedence
16:36:22,230 DEBUG StandardEnvironment:116 - Initialized StandardEnvironment with PropertySources [systemProperties,systemEnvironment]
16:36:22,230 DEBUG StandardEnvironment:112 - Initializing new StandardEnvironment
16:36:22,230 DEBUG StandardEnvironment:107 - Adding [systemProperties] PropertySource with lowest search precedence
16:36:22,230 DEBUG StandardEnvironment:107 - Adding [systemEnvironment] PropertySource with lowest search precedence
16:36:22,230 DEBUG StandardEnvironment:116 - Initialized StandardEnvironment with PropertySources [systemProperties,systemEnvironment]
16:36:22,246 DEBUG DefaultListableBeanFactory:463 - Finished creating instance of bean 'preConfiguredMessage'
16:36:22,246 DEBUG AutowiredAnnotationBeanPostProcessor:433 - Autowiring by type from bean name 'mailService' to bean named 'preConfiguredMessage'
16:36:22,246 DEBUG AnnotationAwareAspectJAutoProxyCreator:534 - Creating implicit proxy for bean 'mailService' with 0 common interceptors and 3 specific interceptors
16:36:22,246 DEBUG CglibAopProxy:155 - Creating CGLIB proxy: target source is SingletonTargetSource for target object [com.portfolio.mail.ApplicationMailer@1ee39cc]
16:36:22,246 DEBUG CglibAopProxy:808 - Unable to apply any optimisations to advised method: public void com.portfolio.mail.ApplicationMailer.sendMail(java.lang.String,java.lang.String,java.lang.String)
16:36:22,246 DEBUG CglibAopProxy:808 - Unable to apply any optimisations to advised method: public void com.portfolio.mail.ApplicationMailer.sendPreConfiguredMail(java.lang.String)
16:36:22,246 DEBUG CglibAopProxy:776 - Found 'hashCode' method: public native int java.lang.Object.hashCode()
16:36:22,246 DEBUG CglibAopProxy:771 - Found 'equals' method: public boolean java.lang.Object.equals(java.lang.Object)
16:36:22,246 DEBUG CglibAopProxy:808 - Unable to apply any optimisations to advised method: protected native java.lang.Object java.lang.Object.clone() throws java.lang.CloneNotSupportedException
16:36:22,246 DEBUG CglibAopProxy:808 - Unable to apply any optimisations to advised method: public java.lang.String java.lang.Object.toString()
16:36:22,246 DEBUG CglibAopProxy:759 - Found finalize() method - using NO_OVERRIDE
16:36:22,246 DEBUG CglibAopProxy:765 - Method is declared on Advised interface: public abstract org.springframework.aop.TargetSource org.springframework.aop.framework.Advised.getTargetSource()
16:36:22,246 DEBUG CglibAopProxy:765 - Method is declared on Advised interface: public abstract void org.springframework.aop.framework.Advised.addAdvisor(int,org.springframework.aop.Advisor) throws org.springframework.aop.framework.AopConfigException
16:36:22,246 DEBUG CglibAopProxy:765 - Method is declared on Advised interface: public abstract void org.springframework.aop.framework.Advised.addAdvisor(org.springframework.aop.Advisor) throws org.springframework.aop.framework.AopConfigException
16:36:22,246 DEBUG CglibAopProxy:765 - Method is declared on Advised interface: public abstract void org.springframework.aop.framework.Advised.setTargetSource(org.springframework.aop.TargetSource)
16:36:22,246 DEBUG CglibAopProxy:765 - Method is declared on Advised interface: public abstract void org.springframework.aop.framework.Advised.setPreFiltered(boolean)
16:36:22,246 DEBUG CglibAopProxy:765 - Method is declared on Advised interface: public abstract boolean org.springframework.aop.framework.Advised.isProxyTargetClass()
16:36:22,246 DEBUG CglibAopProxy:765 - Method is declared on Advised interface: public abstract void org.springframework.aop.framework.Advised.setExposeProxy(boolean)
16:36:22,246 DEBUG CglibAopProxy:765 - Method is declared on Advised interface: public abstract boolean org.springframework.aop.framework.Advised.isExposeProxy()
16:36:22,246 DEBUG CglibAopProxy:765 - Method is declared on Advised interface: public abstract org.springframework.aop.Advisor[] org.springframework.aop.framework.Advised.getAdvisors()
16:36:22,246 DEBUG CglibAopProxy:765 - Method is declared on Advised interface: public abstract java.lang.Class[] org.springframework.aop.framework.Advised.getProxiedInterfaces()
16:36:22,246 DEBUG CglibAopProxy:765 - Method is declared on Advised interface: public abstract boolean org.springframework.aop.framework.Advised.isInterfaceProxied(java.lang.Class)
16:36:22,246 DEBUG CglibAopProxy:765 - Method is declared on Advised interface: public abstract boolean org.springframework.aop.framework.Advised.replaceAdvisor(org.springframework.aop.Advisor,org.springframework.aop.Advisor) throws org.springframework.aop.framework.AopConfigException
16:36:22,246 DEBUG CglibAopProxy:765 - Method is declared on Advised interface: public abstract boolean org.springframework.aop.framework.Advised.removeAdvice(org.aopalliance.aop.Advice)
16:36:22,246 DEBUG CglibAopProxy:765 - Method is declared on Advised interface: public abstract java.lang.String org.springframework.aop.framework.Advised.toProxyConfigString()
16:36:22,262 DEBUG CglibAopProxy:765 - Method is declared on Advised interface: public abstract boolean org.springframework.aop.framework.Advised.isPreFiltered()
16:36:22,262 DEBUG CglibAopProxy:765 - Method is declared on Advised interface: public abstract void org.springframework.aop.framework.Advised.addAdvice(int,org.aopalliance.aop.Advice) throws org.springframework.aop.framework.AopConfigException
16:36:22,262 DEBUG CglibAopProxy:765 - Method is declared on Advised interface: public abstract void org.springframework.aop.framework.Advised.addAdvice(org.aopalliance.aop.Advice) throws org.springframework.aop.framework.AopConfigException
16:36:22,262 DEBUG CglibAopProxy:765 - Method is declared on Advised interface: public abstract boolean org.springframework.aop.framework.Advised.removeAdvisor(org.springframework.aop.Advisor)
16:36:22,262 DEBUG CglibAopProxy:765 - Method is declared on Advised interface: public abstract void org.springframework.aop.framework.Advised.removeAdvisor(int) throws org.springframework.aop.framework.AopConfigException
16:36:22,262 DEBUG CglibAopProxy:765 - Method is declared on Advised interface: public abstract int org.springframework.aop.framework.Advised.indexOf(org.aopalliance.aop.Advice)
16:36:22,262 DEBUG CglibAopProxy:765 - Method is declared on Advised interface: public abstract int org.springframework.aop.framework.Advised.indexOf(org.springframework.aop.Advisor)
16:36:22,262 DEBUG CglibAopProxy:765 - Method is declared on Advised interface: public abstract boolean org.springframework.aop.framework.Advised.isFrozen()
16:36:22,262 DEBUG CglibAopProxy:765 - Method is declared on Advised interface: public abstract java.lang.Class org.springframework.aop.TargetClassAware.getTargetClass()
16:36:22,262 DEBUG DefaultListableBeanFactory:463 - Finished creating instance of bean 'mailService'
16:36:22,262 DEBUG AutowiredAnnotationBeanPostProcessor:433 - Autowiring by type from bean name 'portfolioController' to bean named 'mailService'
16:36:22,262 DEBUG AnnotationAwareAspectJAutoProxyCreator:534 - Creating implicit proxy for bean 'portfolioController' with 0 common interceptors and 3 specific interceptors
16:36:22,262 DEBUG CglibAopProxy:155 - Creating CGLIB proxy: target source is SingletonTargetSource for target object [com.portfolio.controller.PortfolioController@1932060]
16:36:22,262 DEBUG CglibAopProxy:808 - Unable to apply any optimisations to advised method: public java.lang.String com.portfolio.controller.PortfolioController.contactMe(java.lang.String,java.lang.String) throws com.portfolio.exception.ApplicationException
16:36:22,262 DEBUG CglibAopProxy:808 - Unable to apply any optimisations to advised method: public java.lang.String com.portfolio.controller.PortfolioController.download(java.lang.String,javax.servlet.http.HttpServletRequest,javax.servlet.http.HttpServletResponse) throws java.net.URISyntaxException,java.io.IOException,com.portfolio.exception.ApplicationException
16:36:22,262 DEBUG CglibAopProxy:808 - Unable to apply any optimisations to advised method: public java.lang.String com.portfolio.controller.PortfolioController.get(java.lang.String) throws com.portfolio.exception.ApplicationException
16:36:22,262 DEBUG CglibAopProxy:808 - Unable to apply any optimisations to advised method: protected java.lang.String com.portfolio.controller.GenericController.errorPage(com.portfolio.exception.ApplicationException)
16:36:22,262 DEBUG CglibAopProxy:776 - Found 'hashCode' method: public native int java.lang.Object.hashCode()
16:36:22,262 DEBUG CglibAopProxy:771 - Found 'equals' method: public boolean java.lang.Object.equals(java.lang.Object)
16:36:22,262 DEBUG CglibAopProxy:808 - Unable to apply any optimisations to advised method: protected native java.lang.Object java.lang.Object.clone() throws java.lang.CloneNotSupportedException
16:36:22,262 DEBUG CglibAopProxy:808 - Unable to apply any optimisations to advised method: public java.lang.String java.lang.Object.toString()
16:36:22,262 DEBUG CglibAopProxy:759 - Found finalize() method - using NO_OVERRIDE
16:36:22,262 DEBUG CglibAopProxy:765 - Method is declared on Advised interface: public abstract org.springframework.aop.TargetSource org.springframework.aop.framework.Advised.getTargetSource()
16:36:22,277 DEBUG CglibAopProxy:765 - Method is declared on Advised interface: public abstract void org.springframework.aop.framework.Advised.addAdvisor(int,org.springframework.aop.Advisor) throws org.springframework.aop.framework.AopConfigException
16:36:22,277 DEBUG CglibAopProxy:765 - Method is declared on Advised interface: public abstract void org.springframework.aop.framework.Advised.addAdvisor(org.springframework.aop.Advisor) throws org.springframework.aop.framework.AopConfigException
16:36:22,277 DEBUG CglibAopProxy:765 - Method is declared on Advised interface: public abstract void org.springframework.aop.framework.Advised.setTargetSource(org.springframework.aop.TargetSource)
16:36:22,277 DEBUG CglibAopProxy:765 - Method is declared on Advised interface: public abstract void org.springframework.aop.framework.Advised.setPreFiltered(boolean)
16:36:22,277 DEBUG CglibAopProxy:765 - Method is declared on Advised interface: public abstract boolean org.springframework.aop.framework.Advised.isProxyTargetClass()
16:36:22,277 DEBUG CglibAopProxy:765 - Method is declared on Advised interface: public abstract void org.springframework.aop.framework.Advised.setExposeProxy(boolean)
16:36:22,277 DEBUG CglibAopProxy:765 - Method is declared on Advised interface: public abstract boolean org.springframework.aop.framework.Advised.isExposeProxy()
16:36:22,277 DEBUG CglibAopProxy:765 - Method is declared on Advised interface: public abstract org.springframework.aop.Advisor[] org.springframework.aop.framework.Advised.getAdvisors()
16:36:22,277 DEBUG CglibAopProxy:765 - Method is declared on Advised interface: public abstract java.lang.Class[] org.springframework.aop.framework.Advised.getProxiedInterfaces()
16:36:22,277 DEBUG CglibAopProxy:765 - Method is declared on Advised interface: public abstract boolean org.springframework.aop.framework.Advised.isInterfaceProxied(java.lang.Class)
16:36:22,277 DEBUG CglibAopProxy:765 - Method is declared on Advised interface: public abstract boolean org.springframework.aop.framework.Advised.replaceAdvisor(org.springframework.aop.Advisor,org.springframework.aop.Advisor) throws org.springframework.aop.framework.AopConfigException
16:36:22,277 DEBUG CglibAopProxy:765 - Method is declared on Advised interface: public abstract boolean org.springframework.aop.framework.Advised.removeAdvice(org.aopalliance.aop.Advice)
16:36:22,277 DEBUG CglibAopProxy:765 - Method is declared on Advised interface: public abstract java.lang.String org.springframework.aop.framework.Advised.toProxyConfigString()
16:36:22,277 DEBUG CglibAopProxy:765 - Method is declared on Advised interface: public abstract boolean org.springframework.aop.framework.Advised.isPreFiltered()
16:36:22,277 DEBUG CglibAopProxy:765 - Method is declared on Advised interface: public abstract void org.springframework.aop.framework.Advised.addAdvice(int,org.aopalliance.aop.Advice) throws org.springframework.aop.framework.AopConfigException
16:36:22,277 DEBUG CglibAopProxy:765 - Method is declared on Advised interface: public abstract void org.springframework.aop.framework.Advised.addAdvice(org.aopalliance.aop.Advice) throws org.springframework.aop.framework.AopConfigException
16:36:22,277 DEBUG CglibAopProxy:765 - Method is declared on Advised interface: public abstract boolean org.springframework.aop.framework.Advised.removeAdvisor(org.springframework.aop.Advisor)
16:36:22,277 DEBUG CglibAopProxy:765 - Method is declared on Advised interface: public abstract void org.springframework.aop.framework.Advised.removeAdvisor(int) throws org.springframework.aop.framework.AopConfigException
16:36:22,277 DEBUG CglibAopProxy:765 - Method is declared on Advised interface: public abstract int org.springframework.aop.framework.Advised.indexOf(org.aopalliance.aop.Advice)
16:36:22,277 DEBUG CglibAopProxy:765 - Method is declared on Advised interface: public abstract int org.springframework.aop.framework.Advised.indexOf(org.springframework.aop.Advisor)
16:36:22,277 DEBUG CglibAopProxy:765 - Method is declared on Advised interface: public abstract boolean org.springframework.aop.framework.Advised.isFrozen()
16:36:22,277 DEBUG CglibAopProxy:765 - Method is declared on Advised interface: public abstract java.lang.Class org.springframework.aop.TargetClassAware.getTargetClass()
16:36:22,277 DEBUG DefaultListableBeanFactory:463 - Finished creating instance of bean 'portfolioController'
16:36:22,277 DEBUG DefaultListableBeanFactory:215 - Creating shared instance of singleton bean 'contactMeDao'
16:36:22,277 DEBUG DefaultListableBeanFactory:435 - Creating instance of bean 'contactMeDao'
16:36:22,277 DEBUG DefaultListableBeanFactory:509 - Eagerly caching bean 'contactMeDao' to allow for resolving potential circular references
16:36:22,293 DEBUG AnnotationAwareAspectJAutoProxyCreator:534 - Creating implicit proxy for bean 'contactMeDao' with 0 common interceptors and 3 specific interceptors
16:36:22,293 DEBUG CglibAopProxy:155 - Creating CGLIB proxy: target source is SingletonTargetSource for target object [com.portfolio.dao.ContactMeDao@c2b6ef]
16:36:22,293 DEBUG CglibAopProxy:808 - Unable to apply any optimisations to advised method: public com.portfolio.model.ContactMe com.portfolio.dao.ContactMeDao.findOne(java.lang.String)
16:36:22,293 DEBUG CglibAopProxy:808 - Unable to apply any optimisations to advised method: public java.util.List com.portfolio.dao.ContactMeDao.findAll()
16:36:22,293 DEBUG CglibAopProxy:808 - Unable to apply any optimisations to advised method: public java.util.List com.portfolio.dao.ContactMeDao.find(java.lang.String)
16:36:22,293 DEBUG CglibAopProxy:808 - Unable to apply any optimisations to advised method: public void com.portfolio.dao.ContactMeDao.remove(java.lang.String)
16:36:22,293 DEBUG CglibAopProxy:808 - Unable to apply any optimisations to advised method: public void com.portfolio.dao.ContactMeDao.save(com.portfolio.model.ContactMe)
16:36:22,293 DEBUG CglibAopProxy:808 - Unable to apply any optimisations to advised method: public void com.portfolio.dao.ContactMeDao.save(java.lang.Object)
16:36:22,293 DEBUG CglibAopProxy:808 - Unable to apply any optimisations to advised method: public void com.portfolio.dao.ContactMeDao.update(com.portfolio.model.ContactMe) throws com.portfolio.exception.ApplicationException
16:36:22,293 DEBUG CglibAopProxy:808 - Unable to apply any optimisations to advised method: protected java.lang.Object com.portfolio.dao.GenericDao.findOne(java.lang.Class,org.springframework.data.mongodb.core.query.Criteria)
16:36:22,293 DEBUG CglibAopProxy:808 - Unable to apply any optimisations to advised method: protected java.util.List com.portfolio.dao.GenericDao.findAll(java.lang.Class)
16:36:22,293 DEBUG CglibAopProxy:808 - Unable to apply any optimisations to advised method: protected java.util.List com.portfolio.dao.GenericDao.find(java.lang.Class,org.springframework.data.mongodb.core.query.Criteria)
16:36:22,293 DEBUG CglibAopProxy:808 - Unable to apply any optimisations to advised method: protected void com.portfolio.dao.GenericDao.remove(java.lang.Class,org.springframework.data.mongodb.core.query.Criteria)
16:36:22,293 DEBUG CglibAopProxy:776 - Found 'hashCode' method: public native int java.lang.Object.hashCode()
16:36:22,293 DEBUG CglibAopProxy:771 - Found 'equals' method: public boolean java.lang.Object.equals(java.lang.Object)
16:36:22,293 DEBUG CglibAopProxy:808 - Unable to apply any optimisations to advised method: protected native java.lang.Object java.lang.Object.clone() throws java.lang.CloneNotSupportedException
16:36:22,293 DEBUG CglibAopProxy:808 - Unable to apply any optimisations to advised method: public java.lang.String java.lang.Object.toString()
16:36:22,293 DEBUG CglibAopProxy:759 - Found finalize() method - using NO_OVERRIDE
16:36:22,293 DEBUG CglibAopProxy:765 - Method is declared on Advised interface: public abstract org.springframework.aop.TargetSource org.springframework.aop.framework.Advised.getTargetSource()
16:36:22,293 DEBUG CglibAopProxy:765 - Method is declared on Advised interface: public abstract void org.springframework.aop.framework.Advised.addAdvisor(int,org.springframework.aop.Advisor) throws org.springframework.aop.framework.AopConfigException
16:36:22,293 DEBUG CglibAopProxy:765 - Method is declared on Advised interface: public abstract void org.springframework.aop.framework.Advised.addAdvisor(org.springframework.aop.Advisor) throws org.springframework.aop.framework.AopConfigException
16:36:22,293 DEBUG CglibAopProxy:765 - Method is declared on Advised interface: public abstract void org.springframework.aop.framework.Advised.setTargetSource(org.springframework.aop.TargetSource)
16:36:22,293 DEBUG CglibAopProxy:765 - Method is declared on Advised interface: public abstract void org.springframework.aop.framework.Advised.setPreFiltered(boolean)
16:36:22,293 DEBUG CglibAopProxy:765 - Method is declared on Advised interface: public abstract boolean org.springframework.aop.framework.Advised.isProxyTargetClass()
16:36:22,293 DEBUG CglibAopProxy:765 - Method is declared on Advised interface: public abstract void org.springframework.aop.framework.Advised.setExposeProxy(boolean)
16:36:22,293 DEBUG CglibAopProxy:765 - Method is declared on Advised interface: public abstract boolean org.springframework.aop.framework.Advised.isExposeProxy()
16:36:22,293 DEBUG CglibAopProxy:765 - Method is declared on Advised interface: public abstract org.springframework.aop.Advisor[] org.springframework.aop.framework.Advised.getAdvisors()
16:36:22,293 DEBUG CglibAopProxy:765 - Method is declared on Advised interface: public abstract java.lang.Class[] org.springframework.aop.framework.Advised.getProxiedInterfaces()
16:36:22,293 DEBUG CglibAopProxy:765 - Method is declared on Advised interface: public abstract boolean org.springframework.aop.framework.Advised.isInterfaceProxied(java.lang.Class)
16:36:22,293 DEBUG CglibAopProxy:765 - Method is declared on Advised interface: public abstract boolean org.springframework.aop.framework.Advised.replaceAdvisor(org.springframework.aop.Advisor,org.springframework.aop.Advisor) throws org.springframework.aop.framework.AopConfigException
16:36:22,293 DEBUG CglibAopProxy:765 - Method is declared on Advised interface: public abstract boolean org.springframework.aop.framework.Advised.removeAdvice(org.aopalliance.aop.Advice)
16:36:22,293 DEBUG CglibAopProxy:765 - Method is declared on Advised interface: public abstract java.lang.String org.springframework.aop.framework.Advised.toProxyConfigString()
16:36:22,293 DEBUG CglibAopProxy:765 - Method is declared on Advised interface: public abstract boolean org.springframework.aop.framework.Advised.isPreFiltered()
16:36:22,293 DEBUG CglibAopProxy:765 - Method is declared on Advised interface: public abstract void org.springframework.aop.framework.Advised.addAdvice(int,org.aopalliance.aop.Advice) throws org.springframework.aop.framework.AopConfigException
16:36:22,293 DEBUG CglibAopProxy:765 - Method is declared on Advised interface: public abstract void org.springframework.aop.framework.Advised.addAdvice(org.aopalliance.aop.Advice) throws org.springframework.aop.framework.AopConfigException
16:36:22,293 DEBUG CglibAopProxy:765 - Method is declared on Advised interface: public abstract boolean org.springframework.aop.framework.Advised.removeAdvisor(org.springframework.aop.Advisor)
16:36:22,293 DEBUG CglibAopProxy:765 - Method is declared on Advised interface: public abstract void org.springframework.aop.framework.Advised.removeAdvisor(int) throws org.springframework.aop.framework.AopConfigException
16:36:22,293 DEBUG CglibAopProxy:765 - Method is declared on Advised interface: public abstract int org.springframework.aop.framework.Advised.indexOf(org.aopalliance.aop.Advice)
16:36:22,293 DEBUG CglibAopProxy:765 - Method is declared on Advised interface: public abstract int org.springframework.aop.framework.Advised.indexOf(org.springframework.aop.Advisor)
16:36:22,293 DEBUG CglibAopProxy:765 - Method is declared on Advised interface: public abstract boolean org.springframework.aop.framework.Advised.isFrozen()
16:36:22,293 DEBUG CglibAopProxy:765 - Method is declared on Advised interface: public abstract java.lang.Class org.springframework.aop.TargetClassAware.getTargetClass()
16:36:22,309 DEBUG DefaultListableBeanFactory:463 - Finished creating instance of bean 'contactMeDao'
16:36:22,309 DEBUG DefaultListableBeanFactory:246 - Returning cached instance of singleton bean 'portfolioDao'
16:36:22,309 DEBUG DefaultListableBeanFactory:246 - Returning cached instance of singleton bean 'mailService'
16:36:22,309 DEBUG DefaultListableBeanFactory:215 - Creating shared instance of singleton bean 'contactMeSvcImpl'
16:36:22,309 DEBUG DefaultListableBeanFactory:435 - Creating instance of bean 'contactMeSvcImpl'
16:36:22,309 DEBUG InjectionMetadata:71 - Registered injected element on class [com.portfolio.service.impl.ContactMeSvcImpl]: AutowiredFieldElement for private com.portfolio.dao.ContactMeDao com.portfolio.service.impl.ContactMeSvcImpl.contactMeDao
16:36:22,309 DEBUG DefaultListableBeanFactory:509 - Eagerly caching bean 'contactMeSvcImpl' to allow for resolving potential circular references
16:36:22,309 DEBUG InjectionMetadata:85 - Processing injected method of bean 'contactMeSvcImpl': AutowiredFieldElement for private com.portfolio.dao.ContactMeDao com.portfolio.service.impl.ContactMeSvcImpl.contactMeDao
16:36:22,309 DEBUG DefaultListableBeanFactory:246 - Returning cached instance of singleton bean 'contactMeDao'
16:36:22,309 DEBUG AutowiredAnnotationBeanPostProcessor:433 - Autowiring by type from bean name 'contactMeSvcImpl' to bean named 'contactMeDao'
16:36:22,309 DEBUG AnnotationAwareAspectJAutoProxyCreator:534 - Creating implicit proxy for bean 'contactMeSvcImpl' with 0 common interceptors and 3 specific interceptors
16:36:22,309 DEBUG JdkDynamicAopProxy:115 - Creating JDK dynamic proxy: target source is SingletonTargetSource for target object [com.portfolio.service.impl.ContactMeSvcImpl@15d73dc]
16:36:22,324 DEBUG DefaultListableBeanFactory:463 - Finished creating instance of bean 'contactMeSvcImpl'
16:36:22,324 DEBUG DefaultListableBeanFactory:246 - Returning cached instance of singleton bean 'portfolioSvcImpl'
16:36:22,324 DEBUG DefaultListableBeanFactory:246 - Returning cached instance of singleton bean 'jsonUtils'
16:36:22,324 DEBUG DefaultListableBeanFactory:246 - Returning cached instance of singleton bean 'org.springframework.context.annotation.internalConfigurationAnnotationProcessor'
16:36:22,324 DEBUG DefaultListableBeanFactory:246 - Returning cached instance of singleton bean 'org.springframework.context.annotation.internalAutowiredAnnotationProcessor'
16:36:22,324 DEBUG DefaultListableBeanFactory:246 - Returning cached instance of singleton bean 'org.springframework.context.annotation.internalRequiredAnnotationProcessor'
16:36:22,324 DEBUG DefaultListableBeanFactory:246 - Returning cached instance of singleton bean 'org.springframework.context.annotation.internalCommonAnnotationProcessor'
16:36:22,324 DEBUG DefaultListableBeanFactory:246 - Returning cached instance of singleton bean 'org.springframework.aop.config.internalAutoProxyCreator'
16:36:22,324 DEBUG DefaultListableBeanFactory:215 - Creating shared instance of singleton bean 'mongo'
16:36:22,324 DEBUG DefaultListableBeanFactory:435 - Creating instance of bean 'mongo'
16:36:22,324 DEBUG DefaultListableBeanFactory:509 - Eagerly caching bean 'mongo' to allow for resolving potential circular references
16:36:22,324 DEBUG StandardEnvironment:112 - Initializing new StandardEnvironment
16:36:22,324 DEBUG StandardEnvironment:107 - Adding [systemProperties] PropertySource with lowest search precedence
16:36:22,324 DEBUG StandardEnvironment:107 - Adding [systemEnvironment] PropertySource with lowest search precedence
16:36:22,324 DEBUG StandardEnvironment:116 - Initialized StandardEnvironment with PropertySources [systemProperties,systemEnvironment]
16:36:22,324 DEBUG StandardEnvironment:112 - Initializing new StandardEnvironment
16:36:22,324 DEBUG StandardEnvironment:107 - Adding [systemProperties] PropertySource with lowest search precedence
16:36:22,324 DEBUG StandardEnvironment:107 - Adding [systemEnvironment] PropertySource with lowest search precedence
16:36:22,324 DEBUG StandardEnvironment:116 - Initialized StandardEnvironment with PropertySources [systemProperties,systemEnvironment]
16:36:22,324 DEBUG StandardEnvironment:112 - Initializing new StandardEnvironment
16:36:22,324 DEBUG StandardEnvironment:107 - Adding [systemProperties] PropertySource with lowest search precedence
16:36:22,324 DEBUG StandardEnvironment:107 - Adding [systemEnvironment] PropertySource with lowest search precedence
16:36:22,324 DEBUG StandardEnvironment:116 - Initialized StandardEnvironment with PropertySources [systemProperties,systemEnvironment]
16:36:22,324 DEBUG StandardEnvironment:112 - Initializing new StandardEnvironment
16:36:22,324 DEBUG StandardEnvironment:107 - Adding [systemProperties] PropertySource with lowest search precedence
16:36:22,324 DEBUG StandardEnvironment:107 - Adding [systemEnvironment] PropertySource with lowest search precedence
16:36:22,324 DEBUG StandardEnvironment:116 - Initialized StandardEnvironment with PropertySources [systemProperties,systemEnvironment]
16:36:22,324 DEBUG StandardEnvironment:112 - Initializing new StandardEnvironment
16:36:22,324 DEBUG StandardEnvironment:107 - Adding [systemProperties] PropertySource with lowest search precedence
16:36:22,324 DEBUG StandardEnvironment:107 - Adding [systemEnvironment] PropertySource with lowest search precedence
16:36:22,324 DEBUG StandardEnvironment:116 - Initialized StandardEnvironment with PropertySources [systemProperties,systemEnvironment]
16:36:22,324 DEBUG DefaultListableBeanFactory:1529 - Invoking afterPropertiesSet() on bean with name 'mongo'
16:36:22,340 DEBUG DefaultListableBeanFactory:463 - Finished creating instance of bean 'mongo'
16:36:22,340 DEBUG DefaultListableBeanFactory:246 - Returning cached instance of singleton bean 'org.springframework.beans.factory.config.CustomEditorConfigurer#0'
16:36:22,340 DEBUG DefaultListableBeanFactory:246 - Returning cached instance of singleton bean 'org.springframework.beans.factory.config.CustomEditorConfigurer#1'
16:36:22,340 DEBUG DefaultListableBeanFactory:246 - Returning cached instance of singleton bean 'org.springframework.beans.factory.config.CustomEditorConfigurer#2'
16:36:22,340 DEBUG DefaultListableBeanFactory:215 - Creating shared instance of singleton bean 'mongoDbFactory'
16:36:22,340 DEBUG DefaultListableBeanFactory:435 - Creating instance of bean 'mongoDbFactory'
16:36:22,355 DEBUG DefaultListableBeanFactory:435 - Creating instance of bean '(inner bean)'
16:36:22,355 DEBUG DefaultListableBeanFactory:1529 - Invoking afterPropertiesSet() on bean with name '(inner bean)'
16:36:22,355 DEBUG DefaultListableBeanFactory:463 - Finished creating instance of bean '(inner bean)'
16:36:22,371 DEBUG DefaultListableBeanFactory:509 - Eagerly caching bean 'mongoDbFactory' to allow for resolving potential circular references
16:36:22,371 DEBUG DefaultListableBeanFactory:463 - Finished creating instance of bean 'mongoDbFactory'
16:36:22,371 DEBUG DefaultListableBeanFactory:215 - Creating shared instance of singleton bean 'mongoTemplate'
16:36:22,371 DEBUG DefaultListableBeanFactory:435 - Creating instance of bean 'mongoTemplate'
16:36:22,371 DEBUG DefaultListableBeanFactory:246 - Returning cached instance of singleton bean 'mongoDbFactory'
16:36:22,387 DEBUG DefaultListableBeanFactory:509 - Eagerly caching bean 'mongoTemplate' to allow for resolving potential circular references
16:36:22,418 DEBUG DefaultListableBeanFactory:463 - Finished creating instance of bean 'mongoTemplate'
16:36:22,418 DEBUG DefaultListableBeanFactory:215 - Creating shared instance of singleton bean 'org.springframework.web.servlet.view.InternalResourceViewResolver#0'
16:36:22,418 DEBUG DefaultListableBeanFactory:435 - Creating instance of bean 'org.springframework.web.servlet.view.InternalResourceViewResolver#0'
16:36:22,465 DEBUG DefaultListableBeanFactory:509 - Eagerly caching bean 'org.springframework.web.servlet.view.InternalResourceViewResolver#0' to allow for resolving potential circular references
16:36:22,480 DEBUG DefaultListableBeanFactory:463 - Finished creating instance of bean 'org.springframework.web.servlet.view.InternalResourceViewResolver#0'
16:36:22,480 DEBUG DefaultListableBeanFactory:215 - Creating shared instance of singleton bean 'logAspect'
16:36:22,480 DEBUG DefaultListableBeanFactory:435 - Creating instance of bean 'logAspect'
16:36:22,480 DEBUG DefaultListableBeanFactory:509 - Eagerly caching bean 'logAspect' to allow for resolving potential circular references
16:36:22,480 DEBUG DefaultListableBeanFactory:463 - Finished creating instance of bean 'logAspect'
16:36:22,480 DEBUG DefaultListableBeanFactory:246 - Returning cached instance of singleton bean 'mapper'
16:36:22,480 DEBUG DefaultListableBeanFactory:246 - Returning cached instance of singleton bean 'mailSender'
16:36:22,480 DEBUG DefaultListableBeanFactory:246 - Returning cached instance of singleton bean 'preConfiguredMessage'
16:36:22,480 DEBUG DefaultListableBeanFactory:246 - Returning cached instance of singleton bean 'org.springframework.context.annotation.ConfigurationClassPostProcessor.importAwareProcessor'
16:36:22,480 DEBUG GenericWebApplicationContext:858 - Unable to locate LifecycleProcessor with name 'lifecycleProcessor': using default [org.springframework.context.support.DefaultLifecycleProcessor@1067cea]
16:36:22,480 DEBUG DefaultListableBeanFactory:246 - Returning cached instance of singleton bean 'lifecycleProcessor'
16:36:22,480 DEBUG PropertySourcesPropertyResolver:70 - Searching for key 'spring.liveBeansView.mbeanDomain' in [servletConfigInitParams]
16:36:22,480 DEBUG PropertySourcesPropertyResolver:70 - Searching for key 'spring.liveBeansView.mbeanDomain' in [servletContextInitParams]
16:36:22,480 DEBUG PropertySourcesPropertyResolver:70 - Searching for key 'spring.liveBeansView.mbeanDomain' in [jndiProperties]
16:36:22,480 DEBUG JndiTemplate:150 - Looking up JNDI object with name [java:comp/env/spring.liveBeansView.mbeanDomain]
16:36:22,527 DEBUG JndiLocatorDelegate:101 - Converted JNDI name [java:comp/env/spring.liveBeansView.mbeanDomain] not found - trying original name [spring.liveBeansView.mbeanDomain]. javax.naming.NoInitialContextException: Need to specify class name in environment or system property, or as an applet parameter, or in an application resource file:  java.naming.factory.initial
16:36:22,527 DEBUG JndiTemplate:150 - Looking up JNDI object with name [spring.liveBeansView.mbeanDomain]
16:36:22,527 DEBUG JndiPropertySource:87 - JNDI lookup for name [spring.liveBeansView.mbeanDomain] threw NamingException with message: Need to specify class name in environment or system property, or as an applet parameter, or in an application resource file:  java.naming.factory.initial. Returning null.
16:36:22,527 DEBUG PropertySourcesPropertyResolver:70 - Searching for key 'spring.liveBeansView.mbeanDomain' in [systemProperties]
16:36:22,527 DEBUG PropertySourcesPropertyResolver:70 - Searching for key 'spring.liveBeansView.mbeanDomain' in [systemEnvironment]
16:36:22,527 DEBUG PropertySourcesPropertyResolver:93 - Could not find key 'spring.liveBeansView.mbeanDomain' in any property source. Returning [null]
16:36:22,527 DEBUG TestContext:150 - Storing ApplicationContext for test class [class com.portfolio.AppTests] in cache under key [[WebMergedContextConfiguration@1879b testClass = AppTests, locations = '{file:src/main/webapp/WEB-INF/mvc-dispatcher-servlet.xml}', classes = '{}', contextInitializerClasses = '[]', activeProfiles = '{}', resourceBasePath = 'src/main/webapp', contextLoader = 'org.springframework.test.context.web.WebDelegatingSmartContextLoader']].
16:36:22,527 DEBUG ServletTestExecutionListener:115 - Setting up MockHttpServletRequest, MockHttpServletResponse, ServletWebRequest, and RequestContextHolder for test context [TestContext@cfdc01 testClass = AppTests, testInstance = com.portfolio.AppTests@74f334, testMethod = [null], testException = [null], mergedContextConfiguration = [WebMergedContextConfiguration@1879b testClass = AppTests, locations = '{file:src/main/webapp/WEB-INF/mvc-dispatcher-servlet.xml}', classes = '{}', contextInitializerClasses = '[]', activeProfiles = '{}', resourceBasePath = 'src/main/webapp', contextLoader = 'org.springframework.test.context.web.WebDelegatingSmartContextLoader']].
16:36:22,559 DEBUG DependencyInjectionTestExecutionListener:73 - Performing dependency injection for test context [[TestContext@cfdc01 testClass = AppTests, testInstance = com.portfolio.AppTests@74f334, testMethod = [null], testException = [null], mergedContextConfiguration = [WebMergedContextConfiguration@1879b testClass = AppTests, locations = '{file:src/main/webapp/WEB-INF/mvc-dispatcher-servlet.xml}', classes = '{}', contextInitializerClasses = '[]', activeProfiles = '{}', resourceBasePath = 'src/main/webapp', contextLoader = 'org.springframework.test.context.web.WebDelegatingSmartContextLoader']]].
16:36:22,559 DEBUG TestContext:162 - Retrieved ApplicationContext for test class [class com.portfolio.AppTests] from cache with key [[WebMergedContextConfiguration@1879b testClass = AppTests, locations = '{file:src/main/webapp/WEB-INF/mvc-dispatcher-servlet.xml}', classes = '{}', contextInitializerClasses = '[]', activeProfiles = '{}', resourceBasePath = 'src/main/webapp', contextLoader = 'org.springframework.test.context.web.WebDelegatingSmartContextLoader']].
16:36:22,559 DEBUG InjectionMetadata:85 - Processing injected method of bean 'com.portfolio.AppTests': AutowiredFieldElement for protected org.springframework.web.context.WebApplicationContext com.portfolio.SpringTest.wac
16:36:22,574 DEBUG AutowiredAnnotationBeanPostProcessor:433 - Autowiring by type from bean name 'com.portfolio.AppTests' to bean named 'org.springframework.web.context.support.GenericWebApplicationContext@a4daa3'
16:36:22,574 DEBUG AnnotationAwareAspectJAutoProxyCreator:534 - Creating implicit proxy for bean 'com.portfolio.AppTests' with 0 common interceptors and 3 specific interceptors
16:36:22,574 DEBUG CglibAopProxy:155 - Creating CGLIB proxy: target source is SingletonTargetSource for target object [com.portfolio.AppTests@74f334]
16:36:22,574 DEBUG CglibAopProxy:808 - Unable to apply any optimisations to advised method: public void com.portfolio.AppTests.contact() throws java.lang.Exception
16:36:22,574 DEBUG CglibAopProxy:808 - Unable to apply any optimisations to advised method: public void com.portfolio.AppTests.about() throws java.lang.Exception
16:36:22,574 DEBUG CglibAopProxy:808 - Unable to apply any optimisations to advised method: public void com.portfolio.AppTests.portfolio() throws java.lang.Exception
16:36:22,574 DEBUG CglibAopProxy:808 - Unable to apply any optimisations to advised method: public void com.portfolio.AppTests.testimonial() throws java.lang.Exception
16:36:22,574 DEBUG CglibAopProxy:808 - Unable to apply any optimisations to advised method: public void com.portfolio.AppTests.init()
16:36:22,574 DEBUG CglibAopProxy:808 - Unable to apply any optimisations to advised method: public void com.portfolio.AppTests.index() throws java.lang.Exception
16:36:22,574 DEBUG CglibAopProxy:808 - Unable to apply any optimisations to advised method: public void com.portfolio.SpringTest.setup()
16:36:22,574 DEBUG CglibAopProxy:776 - Found 'hashCode' method: public native int java.lang.Object.hashCode()
16:36:22,574 DEBUG CglibAopProxy:771 - Found 'equals' method: public boolean java.lang.Object.equals(java.lang.Object)
16:36:22,574 DEBUG CglibAopProxy:808 - Unable to apply any optimisations to advised method: protected native java.lang.Object java.lang.Object.clone() throws java.lang.CloneNotSupportedException
16:36:22,574 DEBUG CglibAopProxy:808 - Unable to apply any optimisations to advised method: public java.lang.String java.lang.Object.toString()
16:36:22,574 DEBUG CglibAopProxy:759 - Found finalize() method - using NO_OVERRIDE
16:36:22,574 DEBUG CglibAopProxy:765 - Method is declared on Advised interface: public abstract org.springframework.aop.TargetSource org.springframework.aop.framework.Advised.getTargetSource()
16:36:22,574 DEBUG CglibAopProxy:765 - Method is declared on Advised interface: public abstract void org.springframework.aop.framework.Advised.addAdvisor(int,org.springframework.aop.Advisor) throws org.springframework.aop.framework.AopConfigException
16:36:22,574 DEBUG CglibAopProxy:765 - Method is declared on Advised interface: public abstract void org.springframework.aop.framework.Advised.addAdvisor(org.springframework.aop.Advisor) throws org.springframework.aop.framework.AopConfigException
16:36:22,574 DEBUG CglibAopProxy:765 - Method is declared on Advised interface: public abstract void org.springframework.aop.framework.Advised.setTargetSource(org.springframework.aop.TargetSource)
16:36:22,574 DEBUG CglibAopProxy:765 - Method is declared on Advised interface: public abstract void org.springframework.aop.framework.Advised.setPreFiltered(boolean)
16:36:22,574 DEBUG CglibAopProxy:765 - Method is declared on Advised interface: public abstract boolean org.springframework.aop.framework.Advised.isProxyTargetClass()
16:36:22,574 DEBUG CglibAopProxy:765 - Method is declared on Advised interface: public abstract void org.springframework.aop.framework.Advised.setExposeProxy(boolean)
16:36:22,574 DEBUG CglibAopProxy:765 - Method is declared on Advised interface: public abstract boolean org.springframework.aop.framework.Advised.isExposeProxy()
16:36:22,574 DEBUG CglibAopProxy:765 - Method is declared on Advised interface: public abstract org.springframework.aop.Advisor[] org.springframework.aop.framework.Advised.getAdvisors()
16:36:22,574 DEBUG CglibAopProxy:765 - Method is declared on Advised interface: public abstract java.lang.Class[] org.springframework.aop.framework.Advised.getProxiedInterfaces()
16:36:22,574 DEBUG CglibAopProxy:765 - Method is declared on Advised interface: public abstract boolean org.springframework.aop.framework.Advised.isInterfaceProxied(java.lang.Class)
16:36:22,574 DEBUG CglibAopProxy:765 - Method is declared on Advised interface: public abstract boolean org.springframework.aop.framework.Advised.replaceAdvisor(org.springframework.aop.Advisor,org.springframework.aop.Advisor) throws org.springframework.aop.framework.AopConfigException
16:36:22,574 DEBUG CglibAopProxy:765 - Method is declared on Advised interface: public abstract boolean org.springframework.aop.framework.Advised.removeAdvice(org.aopalliance.aop.Advice)
16:36:22,574 DEBUG CglibAopProxy:765 - Method is declared on Advised interface: public abstract java.lang.String org.springframework.aop.framework.Advised.toProxyConfigString()
16:36:22,574 DEBUG CglibAopProxy:765 - Method is declared on Advised interface: public abstract boolean org.springframework.aop.framework.Advised.isPreFiltered()
16:36:22,574 DEBUG CglibAopProxy:765 - Method is declared on Advised interface: public abstract void org.springframework.aop.framework.Advised.addAdvice(int,org.aopalliance.aop.Advice) throws org.springframework.aop.framework.AopConfigException
16:36:22,574 DEBUG CglibAopProxy:765 - Method is declared on Advised interface: public abstract void org.springframework.aop.framework.Advised.addAdvice(org.aopalliance.aop.Advice) throws org.springframework.aop.framework.AopConfigException
16:36:22,574 DEBUG CglibAopProxy:765 - Method is declared on Advised interface: public abstract boolean org.springframework.aop.framework.Advised.removeAdvisor(org.springframework.aop.Advisor)
16:36:22,574 DEBUG CglibAopProxy:765 - Method is declared on Advised interface: public abstract void org.springframework.aop.framework.Advised.removeAdvisor(int) throws org.springframework.aop.framework.AopConfigException
16:36:22,574 DEBUG CglibAopProxy:765 - Method is declared on Advised interface: public abstract int org.springframework.aop.framework.Advised.indexOf(org.aopalliance.aop.Advice)
16:36:22,574 DEBUG CglibAopProxy:765 - Method is declared on Advised interface: public abstract int org.springframework.aop.framework.Advised.indexOf(org.springframework.aop.Advisor)
16:36:22,574 DEBUG CglibAopProxy:765 - Method is declared on Advised interface: public abstract boolean org.springframework.aop.framework.Advised.isFrozen()
16:36:22,574 DEBUG CglibAopProxy:765 - Method is declared on Advised interface: public abstract java.lang.Class org.springframework.aop.TargetClassAware.getTargetClass()
16:36:22,621 DEBUG TestContext:162 - Retrieved ApplicationContext for test class [class com.portfolio.AppTests] from cache with key [[WebMergedContextConfiguration@1879b testClass = AppTests, locations = '{file:src/main/webapp/WEB-INF/mvc-dispatcher-servlet.xml}', classes = '{}', contextInitializerClasses = '[]', activeProfiles = '{}', resourceBasePath = 'src/main/webapp', contextLoader = 'org.springframework.test.context.web.WebDelegatingSmartContextLoader']].
16:36:22,621 DEBUG ServletTestExecutionListener:115 - Setting up MockHttpServletRequest, MockHttpServletResponse, ServletWebRequest, and RequestContextHolder for test context [TestContext@cfdc01 testClass = AppTests, testInstance = com.portfolio.AppTests@74f334, testMethod = contact@AppTests, testException = [null], mergedContextConfiguration = [WebMergedContextConfiguration@1879b testClass = AppTests, locations = '{file:src/main/webapp/WEB-INF/mvc-dispatcher-servlet.xml}', classes = '{}', contextInitializerClasses = '[]', activeProfiles = '{}', resourceBasePath = 'src/main/webapp', contextLoader = 'org.springframework.test.context.web.WebDelegatingSmartContextLoader']].
16:36:22,699 DEBUG TestDispatcherServlet:120 - Initializing servlet ''
16:36:22,715 DEBUG StandardServletEnvironment:112 - Initializing new StandardServletEnvironment
16:36:22,715 DEBUG StandardServletEnvironment:107 - Adding [servletConfigInitParams] PropertySource with lowest search precedence
16:36:22,715 DEBUG StandardServletEnvironment:107 - Adding [servletContextInitParams] PropertySource with lowest search precedence
16:36:22,715 DEBUG StandardServletEnvironment:107 - Adding [jndiProperties] PropertySource with lowest search precedence
16:36:22,715 DEBUG StandardServletEnvironment:107 - Adding [systemProperties] PropertySource with lowest search precedence
16:36:22,715 DEBUG StandardServletEnvironment:107 - Adding [systemEnvironment] PropertySource with lowest search precedence
16:36:22,715 DEBUG StandardServletEnvironment:116 - Initialized StandardServletEnvironment with PropertySources [servletConfigInitParams,servletContextInitParams,jndiProperties,systemProperties,systemEnvironment]
16:36:22,715  INFO MockServletContext:382 - Initializing Spring FrameworkServlet ''
16:36:22,715  INFO TestDispatcherServlet:453 - FrameworkServlet '': initialization started
16:36:22,715 DEBUG TestDispatcherServlet:467 - Unable to locate MultipartResolver with name 'multipartResolver': no multipart request handling provided
16:36:22,715 DEBUG DefaultListableBeanFactory:435 - Creating instance of bean 'org.springframework.web.servlet.i18n.AcceptHeaderLocaleResolver'
16:36:22,715 DEBUG DefaultListableBeanFactory:463 - Finished creating instance of bean 'org.springframework.web.servlet.i18n.AcceptHeaderLocaleResolver'
16:36:22,715 DEBUG TestDispatcherServlet:489 - Unable to locate LocaleResolver with name 'localeResolver': using default [org.springframework.web.servlet.i18n.AcceptHeaderLocaleResolver@f52e45]
16:36:22,715 DEBUG DefaultListableBeanFactory:435 - Creating instance of bean 'org.springframework.web.servlet.theme.FixedThemeResolver'
16:36:22,715 DEBUG DefaultListableBeanFactory:463 - Finished creating instance of bean 'org.springframework.web.servlet.theme.FixedThemeResolver'
16:36:22,715 DEBUG TestDispatcherServlet:511 - Unable to locate ThemeResolver with name 'themeResolver': using default [org.springframework.web.servlet.theme.FixedThemeResolver@19666a]
16:36:22,730 DEBUG DefaultListableBeanFactory:435 - Creating instance of bean 'org.springframework.web.servlet.handler.BeanNameUrlHandlerMapping'
16:36:22,730 DEBUG BeanNameUrlHandlerMapping:71 - Looking for URL mappings in application context: org.springframework.web.context.support.GenericWebApplicationContext@a4daa3: startup date [Mon Mar 17 16:36:18 EST 2014]; root of context hierarchy
16:36:22,730 DEBUG BeanNameUrlHandlerMapping:86 - Rejected bean name 'appConfig': no URL paths identified
16:36:22,730 DEBUG BeanNameUrlHandlerMapping:86 - Rejected bean name 'portfolioController': no URL paths identified
16:36:22,730 DEBUG BeanNameUrlHandlerMapping:86 - Rejected bean name 'contactMeDao': no URL paths identified
16:36:22,746 DEBUG BeanNameUrlHandlerMapping:86 - Rejected bean name 'portfolioDao': no URL paths identified
16:36:22,746 DEBUG BeanNameUrlHandlerMapping:86 - Rejected bean name 'mailService': no URL paths identified
16:36:22,746 DEBUG BeanNameUrlHandlerMapping:86 - Rejected bean name 'contactMeSvcImpl': no URL paths identified
16:36:22,746 DEBUG BeanNameUrlHandlerMapping:86 - Rejected bean name 'portfolioSvcImpl': no URL paths identified
16:36:22,746 DEBUG BeanNameUrlHandlerMapping:86 - Rejected bean name 'jsonUtils': no URL paths identified
16:36:22,746 DEBUG BeanNameUrlHandlerMapping:86 - Rejected bean name 'org.springframework.context.annotation.internalConfigurationAnnotationProcessor': no URL paths identified
16:36:22,746 DEBUG BeanNameUrlHandlerMapping:86 - Rejected bean name 'org.springframework.context.annotation.internalAutowiredAnnotationProcessor': no URL paths identified
16:36:22,746 DEBUG BeanNameUrlHandlerMapping:86 - Rejected bean name 'org.springframework.context.annotation.internalRequiredAnnotationProcessor': no URL paths identified
16:36:22,746 DEBUG BeanNameUrlHandlerMapping:86 - Rejected bean name 'org.springframework.context.annotation.internalCommonAnnotationProcessor': no URL paths identified
16:36:22,746 DEBUG BeanNameUrlHandlerMapping:86 - Rejected bean name 'org.springframework.aop.config.internalAutoProxyCreator': no URL paths identified
16:36:22,746 DEBUG BeanNameUrlHandlerMapping:86 - Rejected bean name 'mongo': no URL paths identified
16:36:22,746 DEBUG BeanNameUrlHandlerMapping:86 - Rejected bean name 'org.springframework.beans.factory.config.CustomEditorConfigurer#0': no URL paths identified
16:36:22,746 DEBUG BeanNameUrlHandlerMapping:86 - Rejected bean name 'org.springframework.beans.factory.config.CustomEditorConfigurer#1': no URL paths identified
16:36:22,746 DEBUG BeanNameUrlHandlerMapping:86 - Rejected bean name 'org.springframework.beans.factory.config.CustomEditorConfigurer#2': no URL paths identified
16:36:22,746 DEBUG BeanNameUrlHandlerMapping:86 - Rejected bean name 'mongoDbFactory': no URL paths identified
16:36:22,746 DEBUG BeanNameUrlHandlerMapping:86 - Rejected bean name 'mongoTemplate': no URL paths identified
16:36:22,746 DEBUG BeanNameUrlHandlerMapping:86 - Rejected bean name 'org.springframework.web.servlet.view.InternalResourceViewResolver#0': no URL paths identified
16:36:22,746 DEBUG BeanNameUrlHandlerMapping:86 - Rejected bean name 'logAspect': no URL paths identified
16:36:22,746 DEBUG BeanNameUrlHandlerMapping:86 - Rejected bean name 'mapper': no URL paths identified
16:36:22,746 DEBUG BeanNameUrlHandlerMapping:86 - Rejected bean name 'mailSender': no URL paths identified
16:36:22,746 DEBUG BeanNameUrlHandlerMapping:86 - Rejected bean name 'preConfiguredMessage': no URL paths identified
16:36:22,746 DEBUG BeanNameUrlHandlerMapping:86 - Rejected bean name 'org.springframework.context.annotation.ConfigurationClassPostProcessor.importAwareProcessor': no URL paths identified
16:36:22,746 DEBUG BeanNameUrlHandlerMapping:86 - Rejected bean name 'environment': no URL paths identified
16:36:22,746 DEBUG BeanNameUrlHandlerMapping:86 - Rejected bean name 'systemProperties': no URL paths identified
16:36:22,746 DEBUG BeanNameUrlHandlerMapping:86 - Rejected bean name 'systemEnvironment': no URL paths identified
16:36:22,746 DEBUG BeanNameUrlHandlerMapping:86 - Rejected bean name 'servletContext': no URL paths identified
16:36:22,746 DEBUG BeanNameUrlHandlerMapping:86 - Rejected bean name 'contextParameters': no URL paths identified
16:36:22,746 DEBUG BeanNameUrlHandlerMapping:86 - Rejected bean name 'contextAttributes': no URL paths identified
16:36:22,746 DEBUG BeanNameUrlHandlerMapping:86 - Rejected bean name 'org.springframework.context.annotation.ConfigurationClassPostProcessor.importRegistry': no URL paths identified
16:36:22,746 DEBUG BeanNameUrlHandlerMapping:86 - Rejected bean name 'messageSource': no URL paths identified
16:36:22,746 DEBUG BeanNameUrlHandlerMapping:86 - Rejected bean name 'applicationEventMulticaster': no URL paths identified
16:36:22,746 DEBUG BeanNameUrlHandlerMapping:86 - Rejected bean name 'lifecycleProcessor': no URL paths identified
16:36:22,746 DEBUG DefaultListableBeanFactory:463 - Finished creating instance of bean 'org.springframework.web.servlet.handler.BeanNameUrlHandlerMapping'
16:36:22,746 DEBUG DefaultListableBeanFactory:435 - Creating instance of bean 'org.springframework.web.servlet.mvc.annotation.DefaultAnnotationHandlerMapping'
16:36:22,762 DEBUG DefaultAnnotationHandlerMapping:71 - Looking for URL mappings in application context: org.springframework.web.context.support.GenericWebApplicationContext@a4daa3: startup date [Mon Mar 17 16:36:18 EST 2014]; root of context hierarchy
16:36:22,762 DEBUG DefaultAnnotationHandlerMapping:86 - Rejected bean name 'appConfig': no URL paths identified
16:36:22,762 DEBUG DefaultListableBeanFactory:246 - Returning cached instance of singleton bean 'portfolioController'
16:36:22,762  INFO DefaultAnnotationHandlerMapping:315 - Mapped URL path [/contact/{pUserId}] onto handler 'portfolioController'
16:36:22,762 DEBUG DefaultListableBeanFactory:246 - Returning cached instance of singleton bean 'portfolioController'
16:36:22,762  INFO DefaultAnnotationHandlerMapping:315 - Mapped URL path [/contact/{pUserId}.*] onto handler 'portfolioController'
16:36:22,762 DEBUG DefaultListableBeanFactory:246 - Returning cached instance of singleton bean 'portfolioController'
16:36:22,762  INFO DefaultAnnotationHandlerMapping:315 - Mapped URL path [/contact/{pUserId}/] onto handler 'portfolioController'
16:36:22,762 DEBUG DefaultListableBeanFactory:246 - Returning cached instance of singleton bean 'portfolioController'
16:36:22,762  INFO DefaultAnnotationHandlerMapping:315 - Mapped URL path [/download/{pUserId}] onto handler 'portfolioController'
16:36:22,762 DEBUG DefaultListableBeanFactory:246 - Returning cached instance of singleton bean 'portfolioController'
16:36:22,762  INFO DefaultAnnotationHandlerMapping:315 - Mapped URL path [/download/{pUserId}.*] onto handler 'portfolioController'
16:36:22,762 DEBUG DefaultListableBeanFactory:246 - Returning cached instance of singleton bean 'portfolioController'
16:36:22,762  INFO DefaultAnnotationHandlerMapping:315 - Mapped URL path [/download/{pUserId}/] onto handler 'portfolioController'
16:36:22,762 DEBUG DefaultListableBeanFactory:246 - Returning cached instance of singleton bean 'portfolioController'
16:36:22,762  INFO DefaultAnnotationHandlerMapping:315 - Mapped URL path [/portfolio/{pUserId}] onto handler 'portfolioController'
16:36:22,762 DEBUG DefaultListableBeanFactory:246 - Returning cached instance of singleton bean 'portfolioController'
16:36:22,762  INFO DefaultAnnotationHandlerMapping:315 - Mapped URL path [/portfolio/{pUserId}.*] onto handler 'portfolioController'
16:36:22,762 DEBUG DefaultListableBeanFactory:246 - Returning cached instance of singleton bean 'portfolioController'
16:36:22,762  INFO DefaultAnnotationHandlerMapping:315 - Mapped URL path [/portfolio/{pUserId}/] onto handler 'portfolioController'
16:36:22,762 DEBUG DefaultAnnotationHandlerMapping:86 - Rejected bean name 'contactMeDao': no URL paths identified
16:36:22,777 DEBUG DefaultAnnotationHandlerMapping:86 - Rejected bean name 'portfolioDao': no URL paths identified
16:36:22,777 DEBUG DefaultAnnotationHandlerMapping:86 - Rejected bean name 'mailService': no URL paths identified
16:36:22,777 DEBUG DefaultAnnotationHandlerMapping:86 - Rejected bean name 'contactMeSvcImpl': no URL paths identified
16:36:22,777 DEBUG DefaultAnnotationHandlerMapping:86 - Rejected bean name 'portfolioSvcImpl': no URL paths identified
16:36:22,777 DEBUG DefaultAnnotationHandlerMapping:86 - Rejected bean name 'jsonUtils': no URL paths identified
16:36:22,777 DEBUG DefaultAnnotationHandlerMapping:86 - Rejected bean name 'org.springframework.context.annotation.internalConfigurationAnnotationProcessor': no URL paths identified
16:36:22,777 DEBUG DefaultAnnotationHandlerMapping:86 - Rejected bean name 'org.springframework.context.annotation.internalAutowiredAnnotationProcessor': no URL paths identified
16:36:22,777 DEBUG DefaultAnnotationHandlerMapping:86 - Rejected bean name 'org.springframework.context.annotation.internalRequiredAnnotationProcessor': no URL paths identified
16:36:22,777 DEBUG DefaultAnnotationHandlerMapping:86 - Rejected bean name 'org.springframework.context.annotation.internalCommonAnnotationProcessor': no URL paths identified
16:36:22,777 DEBUG DefaultAnnotationHandlerMapping:86 - Rejected bean name 'org.springframework.aop.config.internalAutoProxyCreator': no URL paths identified
16:36:22,777 DEBUG DefaultAnnotationHandlerMapping:86 - Rejected bean name 'mongo': no URL paths identified
16:36:22,777 DEBUG DefaultAnnotationHandlerMapping:86 - Rejected bean name 'org.springframework.beans.factory.config.CustomEditorConfigurer#0': no URL paths identified
16:36:22,777 DEBUG DefaultAnnotationHandlerMapping:86 - Rejected bean name 'org.springframework.beans.factory.config.CustomEditorConfigurer#1': no URL paths identified
16:36:22,777 DEBUG DefaultAnnotationHandlerMapping:86 - Rejected bean name 'org.springframework.beans.factory.config.CustomEditorConfigurer#2': no URL paths identified
16:36:22,777 DEBUG DefaultAnnotationHandlerMapping:86 - Rejected bean name 'mongoDbFactory': no URL paths identified
16:36:22,777 DEBUG DefaultAnnotationHandlerMapping:86 - Rejected bean name 'mongoTemplate': no URL paths identified
16:36:22,777 DEBUG DefaultAnnotationHandlerMapping:86 - Rejected bean name 'org.springframework.web.servlet.view.InternalResourceViewResolver#0': no URL paths identified
16:36:22,777 DEBUG DefaultAnnotationHandlerMapping:86 - Rejected bean name 'logAspect': no URL paths identified
16:36:22,777 DEBUG DefaultAnnotationHandlerMapping:86 - Rejected bean name 'mapper': no URL paths identified
16:36:22,777 DEBUG DefaultAnnotationHandlerMapping:86 - Rejected bean name 'mailSender': no URL paths identified
16:36:22,777 DEBUG DefaultAnnotationHandlerMapping:86 - Rejected bean name 'preConfiguredMessage': no URL paths identified
16:36:22,777 DEBUG DefaultAnnotationHandlerMapping:86 - Rejected bean name 'org.springframework.context.annotation.ConfigurationClassPostProcessor.importAwareProcessor': no URL paths identified
16:36:22,777 DEBUG DefaultAnnotationHandlerMapping:86 - Rejected bean name 'environment': no URL paths identified
16:36:22,777 DEBUG DefaultAnnotationHandlerMapping:86 - Rejected bean name 'systemProperties': no URL paths identified
16:36:22,777 DEBUG DefaultAnnotationHandlerMapping:86 - Rejected bean name 'systemEnvironment': no URL paths identified
16:36:22,777 DEBUG DefaultAnnotationHandlerMapping:86 - Rejected bean name 'servletContext': no URL paths identified
16:36:22,777 DEBUG DefaultAnnotationHandlerMapping:86 - Rejected bean name 'contextParameters': no URL paths identified
16:36:22,777 DEBUG DefaultAnnotationHandlerMapping:86 - Rejected bean name 'contextAttributes': no URL paths identified
16:36:22,777 DEBUG DefaultAnnotationHandlerMapping:86 - Rejected bean name 'org.springframework.context.annotation.ConfigurationClassPostProcessor.importRegistry': no URL paths identified
16:36:22,777 DEBUG DefaultAnnotationHandlerMapping:86 - Rejected bean name 'messageSource': no URL paths identified
16:36:22,777 DEBUG DefaultAnnotationHandlerMapping:86 - Rejected bean name 'applicationEventMulticaster': no URL paths identified
16:36:22,777 DEBUG DefaultAnnotationHandlerMapping:86 - Rejected bean name 'lifecycleProcessor': no URL paths identified
16:36:22,793 DEBUG DefaultListableBeanFactory:463 - Finished creating instance of bean 'org.springframework.web.servlet.mvc.annotation.DefaultAnnotationHandlerMapping'
16:36:22,793 DEBUG TestDispatcherServlet:551 - No HandlerMappings found in servlet '': using default
16:36:22,793 DEBUG DefaultListableBeanFactory:435 - Creating instance of bean 'org.springframework.web.servlet.mvc.HttpRequestHandlerAdapter'
16:36:22,793 DEBUG DefaultListableBeanFactory:463 - Finished creating instance of bean 'org.springframework.web.servlet.mvc.HttpRequestHandlerAdapter'
16:36:22,793 DEBUG DefaultListableBeanFactory:435 - Creating instance of bean 'org.springframework.web.servlet.mvc.SimpleControllerHandlerAdapter'
16:36:22,793 DEBUG DefaultListableBeanFactory:463 - Finished creating instance of bean 'org.springframework.web.servlet.mvc.SimpleControllerHandlerAdapter'
16:36:22,793 DEBUG DefaultListableBeanFactory:435 - Creating instance of bean 'org.springframework.web.servlet.mvc.annotation.AnnotationMethodHandlerAdapter'
16:36:23,152 DEBUG DefaultListableBeanFactory:463 - Finished creating instance of bean 'org.springframework.web.servlet.mvc.annotation.AnnotationMethodHandlerAdapter'
16:36:23,152 DEBUG TestDispatcherServlet:589 - No HandlerAdapters found in servlet '': using default
16:36:23,184 DEBUG DefaultListableBeanFactory:435 - Creating instance of bean 'org.springframework.web.servlet.mvc.annotation.AnnotationMethodHandlerExceptionResolver'
16:36:23,215 DEBUG DefaultListableBeanFactory:463 - Finished creating instance of bean 'org.springframework.web.servlet.mvc.annotation.AnnotationMethodHandlerExceptionResolver'
16:36:23,215 DEBUG DefaultListableBeanFactory:435 - Creating instance of bean 'org.springframework.web.servlet.mvc.annotation.ResponseStatusExceptionResolver'
16:36:23,215 DEBUG DefaultListableBeanFactory:463 - Finished creating instance of bean 'org.springframework.web.servlet.mvc.annotation.ResponseStatusExceptionResolver'
16:36:23,215 DEBUG DefaultListableBeanFactory:435 - Creating instance of bean 'org.springframework.web.servlet.mvc.support.DefaultHandlerExceptionResolver'
16:36:23,246 DEBUG DefaultListableBeanFactory:463 - Finished creating instance of bean 'org.springframework.web.servlet.mvc.support.DefaultHandlerExceptionResolver'
16:36:23,246 DEBUG TestDispatcherServlet:628 - No HandlerExceptionResolvers found in servlet '': using default
16:36:23,246 DEBUG DefaultListableBeanFactory:435 - Creating instance of bean 'org.springframework.web.servlet.view.DefaultRequestToViewNameTranslator'
16:36:23,246 DEBUG DefaultListableBeanFactory:463 - Finished creating instance of bean 'org.springframework.web.servlet.view.DefaultRequestToViewNameTranslator'
16:36:23,246 DEBUG TestDispatcherServlet:649 - Unable to locate RequestToViewNameTranslator with name 'viewNameTranslator': using default [org.springframework.web.servlet.view.DefaultRequestToViewNameTranslator@adf2c7]
16:36:23,246 DEBUG DefaultListableBeanFactory:246 - Returning cached instance of singleton bean 'org.springframework.web.servlet.view.InternalResourceViewResolver#0'
16:36:23,246 DEBUG DefaultListableBeanFactory:435 - Creating instance of bean 'org.springframework.web.servlet.support.SessionFlashMapManager'
16:36:23,246 DEBUG DefaultListableBeanFactory:463 - Finished creating instance of bean 'org.springframework.web.servlet.support.SessionFlashMapManager'
16:36:23,246 DEBUG TestDispatcherServlet:711 - Unable to locate FlashMapManager with name 'flashMapManager': using default [org.springframework.web.servlet.support.SessionFlashMapManager@81e252]
16:36:23,246 DEBUG TestDispatcherServlet:532 - Published WebApplicationContext of servlet '' as ServletContext attribute with name [org.springframework.web.servlet.FrameworkServlet.CONTEXT.]
16:36:23,246  INFO TestDispatcherServlet:472 - FrameworkServlet '': initialization completed in 531 ms
16:36:23,246 DEBUG TestDispatcherServlet:141 - Servlet '' configured successfully
16:36:23,324 DEBUG TestDispatcherServlet:823 - DispatcherServlet with name '' processing GET request for [/contact]
16:36:23,324  WARN PageNotFound:1108 - No mapping found for HTTP request with URI [/contact] in DispatcherServlet with name ''
16:36:23,324 DEBUG TestDispatcherServlet:946 - Successfully completed request
16:36:23,371 DEBUG DirtiesContextTestExecutionListener:85 - After test method: context [[TestContext@cfdc01 testClass = AppTests, testInstance = com.portfolio.AppTests@74f334, testMethod = contact@AppTests, testException = java.lang.AssertionError: Status expected:<200> but was:<404>, mergedContextConfiguration = [WebMergedContextConfiguration@1879b testClass = AppTests, locations = '{file:src/main/webapp/WEB-INF/mvc-dispatcher-servlet.xml}', classes = '{}', contextInitializerClasses = '[]', activeProfiles = '{}', resourceBasePath = 'src/main/webapp', contextLoader = 'org.springframework.test.context.web.WebDelegatingSmartContextLoader']]], class dirties context [false], class mode [null], method dirties context [false].
16:36:23,371 DEBUG ServletTestExecutionListener:96 - Resetting RequestContextHolder for test context [TestContext@cfdc01 testClass = AppTests, testInstance = com.portfolio.AppTests@74f334, testMethod = contact@AppTests, testException = java.lang.AssertionError: Status expected:<200> but was:<404>, mergedContextConfiguration = [WebMergedContextConfiguration@1879b testClass = AppTests, locations = '{file:src/main/webapp/WEB-INF/mvc-dispatcher-servlet.xml}', classes = '{}', contextInitializerClasses = '[]', activeProfiles = '{}', resourceBasePath = 'src/main/webapp', contextLoader = 'org.springframework.test.context.web.WebDelegatingSmartContextLoader']].
]]></system-out>
  </testcase>
  <testcase name="about" classname="com.portfolio.AppTests" time="0.047">
    <failure message="Status expected:&lt;200&gt; but was:&lt;404&gt;" type="java.lang.AssertionError"><![CDATA[java.lang.AssertionError: Status expected:<200> but was:<404>
	at org.springframework.test.util.AssertionErrors.fail(AssertionErrors.java:60)
	at org.springframework.test.util.AssertionErrors.assertEquals(AssertionErrors.java:89)
	at org.springframework.test.web.servlet.result.StatusResultMatchers$5.match(StatusResultMatchers.java:546)
	at org.springframework.test.web.servlet.MockMvc$1.andExpect(MockMvc.java:141)
	at com.portfolio.AppTests.about(AppTests.java:21)
]]></failure>
    <system-out><![CDATA[16:36:23,387 DEBUG ProfileValueUtils:68 - Retrieved @ProfileValueSourceConfiguration [null] for test class [com.portfolio.AppTests]
16:36:23,387 DEBUG ProfileValueUtils:80 - Retrieved ProfileValueSource type [class org.springframework.test.annotation.SystemProfileValueSource] for class [com.portfolio.AppTests]
16:36:23,387 DEBUG TestContext:162 - Retrieved ApplicationContext for test class [class com.portfolio.AppTests] from cache with key [[WebMergedContextConfiguration@1879b testClass = AppTests, locations = '{file:src/main/webapp/WEB-INF/mvc-dispatcher-servlet.xml}', classes = '{}', contextInitializerClasses = '[]', activeProfiles = '{}', resourceBasePath = 'src/main/webapp', contextLoader = 'org.springframework.test.context.web.WebDelegatingSmartContextLoader']].
16:36:23,387 DEBUG ServletTestExecutionListener:115 - Setting up MockHttpServletRequest, MockHttpServletResponse, ServletWebRequest, and RequestContextHolder for test context [TestContext@cfdc01 testClass = AppTests, testInstance = com.portfolio.AppTests@d6b576, testMethod = [null], testException = [null], mergedContextConfiguration = [WebMergedContextConfiguration@1879b testClass = AppTests, locations = '{file:src/main/webapp/WEB-INF/mvc-dispatcher-servlet.xml}', classes = '{}', contextInitializerClasses = '[]', activeProfiles = '{}', resourceBasePath = 'src/main/webapp', contextLoader = 'org.springframework.test.context.web.WebDelegatingSmartContextLoader']].
16:36:23,387 DEBUG DependencyInjectionTestExecutionListener:73 - Performing dependency injection for test context [[TestContext@cfdc01 testClass = AppTests, testInstance = com.portfolio.AppTests@d6b576, testMethod = [null], testException = [null], mergedContextConfiguration = [WebMergedContextConfiguration@1879b testClass = AppTests, locations = '{file:src/main/webapp/WEB-INF/mvc-dispatcher-servlet.xml}', classes = '{}', contextInitializerClasses = '[]', activeProfiles = '{}', resourceBasePath = 'src/main/webapp', contextLoader = 'org.springframework.test.context.web.WebDelegatingSmartContextLoader']]].
16:36:23,387 DEBUG TestContext:162 - Retrieved ApplicationContext for test class [class com.portfolio.AppTests] from cache with key [[WebMergedContextConfiguration@1879b testClass = AppTests, locations = '{file:src/main/webapp/WEB-INF/mvc-dispatcher-servlet.xml}', classes = '{}', contextInitializerClasses = '[]', activeProfiles = '{}', resourceBasePath = 'src/main/webapp', contextLoader = 'org.springframework.test.context.web.WebDelegatingSmartContextLoader']].
16:36:23,387 DEBUG InjectionMetadata:85 - Processing injected method of bean 'com.portfolio.AppTests': AutowiredFieldElement for protected org.springframework.web.context.WebApplicationContext com.portfolio.SpringTest.wac
16:36:23,387 DEBUG AnnotationAwareAspectJAutoProxyCreator:534 - Creating implicit proxy for bean 'com.portfolio.AppTests' with 0 common interceptors and 3 specific interceptors
16:36:23,387 DEBUG CglibAopProxy:155 - Creating CGLIB proxy: target source is SingletonTargetSource for target object [com.portfolio.AppTests@d6b576]
16:36:23,387 DEBUG TestContext:162 - Retrieved ApplicationContext for test class [class com.portfolio.AppTests] from cache with key [[WebMergedContextConfiguration@1879b testClass = AppTests, locations = '{file:src/main/webapp/WEB-INF/mvc-dispatcher-servlet.xml}', classes = '{}', contextInitializerClasses = '[]', activeProfiles = '{}', resourceBasePath = 'src/main/webapp', contextLoader = 'org.springframework.test.context.web.WebDelegatingSmartContextLoader']].
16:36:23,387 DEBUG ServletTestExecutionListener:115 - Setting up MockHttpServletRequest, MockHttpServletResponse, ServletWebRequest, and RequestContextHolder for test context [TestContext@cfdc01 testClass = AppTests, testInstance = com.portfolio.AppTests@d6b576, testMethod = about@AppTests, testException = [null], mergedContextConfiguration = [WebMergedContextConfiguration@1879b testClass = AppTests, locations = '{file:src/main/webapp/WEB-INF/mvc-dispatcher-servlet.xml}', classes = '{}', contextInitializerClasses = '[]', activeProfiles = '{}', resourceBasePath = 'src/main/webapp', contextLoader = 'org.springframework.test.context.web.WebDelegatingSmartContextLoader']].
16:36:23,387 DEBUG TestDispatcherServlet:120 - Initializing servlet ''
16:36:23,387 DEBUG StandardServletEnvironment:112 - Initializing new StandardServletEnvironment
16:36:23,387 DEBUG StandardServletEnvironment:107 - Adding [servletConfigInitParams] PropertySource with lowest search precedence
16:36:23,387 DEBUG StandardServletEnvironment:107 - Adding [servletContextInitParams] PropertySource with lowest search precedence
16:36:23,387 DEBUG StandardServletEnvironment:107 - Adding [jndiProperties] PropertySource with lowest search precedence
16:36:23,387 DEBUG StandardServletEnvironment:107 - Adding [systemProperties] PropertySource with lowest search precedence
16:36:23,387 DEBUG StandardServletEnvironment:107 - Adding [systemEnvironment] PropertySource with lowest search precedence
16:36:23,387 DEBUG StandardServletEnvironment:116 - Initialized StandardServletEnvironment with PropertySources [servletConfigInitParams,servletContextInitParams,jndiProperties,systemProperties,systemEnvironment]
16:36:23,387  INFO MockServletContext:382 - Initializing Spring FrameworkServlet ''
16:36:23,387  INFO TestDispatcherServlet:453 - FrameworkServlet '': initialization started
16:36:23,387 DEBUG TestDispatcherServlet:467 - Unable to locate MultipartResolver with name 'multipartResolver': no multipart request handling provided
16:36:23,387 DEBUG DefaultListableBeanFactory:435 - Creating instance of bean 'org.springframework.web.servlet.i18n.AcceptHeaderLocaleResolver'
16:36:23,387 DEBUG DefaultListableBeanFactory:463 - Finished creating instance of bean 'org.springframework.web.servlet.i18n.AcceptHeaderLocaleResolver'
16:36:23,387 DEBUG TestDispatcherServlet:489 - Unable to locate LocaleResolver with name 'localeResolver': using default [org.springframework.web.servlet.i18n.AcceptHeaderLocaleResolver@e2a040]
16:36:23,387 DEBUG DefaultListableBeanFactory:435 - Creating instance of bean 'org.springframework.web.servlet.theme.FixedThemeResolver'
16:36:23,387 DEBUG DefaultListableBeanFactory:463 - Finished creating instance of bean 'org.springframework.web.servlet.theme.FixedThemeResolver'
16:36:23,387 DEBUG TestDispatcherServlet:511 - Unable to locate ThemeResolver with name 'themeResolver': using default [org.springframework.web.servlet.theme.FixedThemeResolver@86e6ed]
16:36:23,387 DEBUG DefaultListableBeanFactory:435 - Creating instance of bean 'org.springframework.web.servlet.handler.BeanNameUrlHandlerMapping'
16:36:23,387 DEBUG BeanNameUrlHandlerMapping:71 - Looking for URL mappings in application context: org.springframework.web.context.support.GenericWebApplicationContext@a4daa3: startup date [Mon Mar 17 16:36:18 EST 2014]; root of context hierarchy
16:36:23,387 DEBUG BeanNameUrlHandlerMapping:86 - Rejected bean name 'appConfig': no URL paths identified
16:36:23,387 DEBUG BeanNameUrlHandlerMapping:86 - Rejected bean name 'portfolioController': no URL paths identified
16:36:23,387 DEBUG BeanNameUrlHandlerMapping:86 - Rejected bean name 'contactMeDao': no URL paths identified
16:36:23,387 DEBUG BeanNameUrlHandlerMapping:86 - Rejected bean name 'portfolioDao': no URL paths identified
16:36:23,387 DEBUG BeanNameUrlHandlerMapping:86 - Rejected bean name 'mailService': no URL paths identified
16:36:23,387 DEBUG BeanNameUrlHandlerMapping:86 - Rejected bean name 'contactMeSvcImpl': no URL paths identified
16:36:23,387 DEBUG BeanNameUrlHandlerMapping:86 - Rejected bean name 'portfolioSvcImpl': no URL paths identified
16:36:23,387 DEBUG BeanNameUrlHandlerMapping:86 - Rejected bean name 'jsonUtils': no URL paths identified
16:36:23,387 DEBUG BeanNameUrlHandlerMapping:86 - Rejected bean name 'org.springframework.context.annotation.internalConfigurationAnnotationProcessor': no URL paths identified
16:36:23,387 DEBUG BeanNameUrlHandlerMapping:86 - Rejected bean name 'org.springframework.context.annotation.internalAutowiredAnnotationProcessor': no URL paths identified
16:36:23,387 DEBUG BeanNameUrlHandlerMapping:86 - Rejected bean name 'org.springframework.context.annotation.internalRequiredAnnotationProcessor': no URL paths identified
16:36:23,387 DEBUG BeanNameUrlHandlerMapping:86 - Rejected bean name 'org.springframework.context.annotation.internalCommonAnnotationProcessor': no URL paths identified
16:36:23,387 DEBUG BeanNameUrlHandlerMapping:86 - Rejected bean name 'org.springframework.aop.config.internalAutoProxyCreator': no URL paths identified
16:36:23,387 DEBUG BeanNameUrlHandlerMapping:86 - Rejected bean name 'mongo': no URL paths identified
16:36:23,387 DEBUG BeanNameUrlHandlerMapping:86 - Rejected bean name 'org.springframework.beans.factory.config.CustomEditorConfigurer#0': no URL paths identified
16:36:23,387 DEBUG BeanNameUrlHandlerMapping:86 - Rejected bean name 'org.springframework.beans.factory.config.CustomEditorConfigurer#1': no URL paths identified
16:36:23,387 DEBUG BeanNameUrlHandlerMapping:86 - Rejected bean name 'org.springframework.beans.factory.config.CustomEditorConfigurer#2': no URL paths identified
16:36:23,387 DEBUG BeanNameUrlHandlerMapping:86 - Rejected bean name 'mongoDbFactory': no URL paths identified
16:36:23,387 DEBUG BeanNameUrlHandlerMapping:86 - Rejected bean name 'mongoTemplate': no URL paths identified
16:36:23,387 DEBUG BeanNameUrlHandlerMapping:86 - Rejected bean name 'org.springframework.web.servlet.view.InternalResourceViewResolver#0': no URL paths identified
16:36:23,387 DEBUG BeanNameUrlHandlerMapping:86 - Rejected bean name 'logAspect': no URL paths identified
16:36:23,387 DEBUG BeanNameUrlHandlerMapping:86 - Rejected bean name 'mapper': no URL paths identified
16:36:23,387 DEBUG BeanNameUrlHandlerMapping:86 - Rejected bean name 'mailSender': no URL paths identified
16:36:23,387 DEBUG BeanNameUrlHandlerMapping:86 - Rejected bean name 'preConfiguredMessage': no URL paths identified
16:36:23,387 DEBUG BeanNameUrlHandlerMapping:86 - Rejected bean name 'org.springframework.context.annotation.ConfigurationClassPostProcessor.importAwareProcessor': no URL paths identified
16:36:23,387 DEBUG BeanNameUrlHandlerMapping:86 - Rejected bean name 'environment': no URL paths identified
16:36:23,402 DEBUG BeanNameUrlHandlerMapping:86 - Rejected bean name 'systemProperties': no URL paths identified
16:36:23,402 DEBUG BeanNameUrlHandlerMapping:86 - Rejected bean name 'systemEnvironment': no URL paths identified
16:36:23,402 DEBUG BeanNameUrlHandlerMapping:86 - Rejected bean name 'servletContext': no URL paths identified
16:36:23,402 DEBUG BeanNameUrlHandlerMapping:86 - Rejected bean name 'contextParameters': no URL paths identified
16:36:23,402 DEBUG BeanNameUrlHandlerMapping:86 - Rejected bean name 'contextAttributes': no URL paths identified
16:36:23,402 DEBUG BeanNameUrlHandlerMapping:86 - Rejected bean name 'org.springframework.context.annotation.ConfigurationClassPostProcessor.importRegistry': no URL paths identified
16:36:23,402 DEBUG BeanNameUrlHandlerMapping:86 - Rejected bean name 'messageSource': no URL paths identified
16:36:23,402 DEBUG BeanNameUrlHandlerMapping:86 - Rejected bean name 'applicationEventMulticaster': no URL paths identified
16:36:23,402 DEBUG BeanNameUrlHandlerMapping:86 - Rejected bean name 'lifecycleProcessor': no URL paths identified
16:36:23,402 DEBUG DefaultListableBeanFactory:463 - Finished creating instance of bean 'org.springframework.web.servlet.handler.BeanNameUrlHandlerMapping'
16:36:23,402 DEBUG DefaultListableBeanFactory:435 - Creating instance of bean 'org.springframework.web.servlet.mvc.annotation.DefaultAnnotationHandlerMapping'
16:36:23,402 DEBUG DefaultAnnotationHandlerMapping:71 - Looking for URL mappings in application context: org.springframework.web.context.support.GenericWebApplicationContext@a4daa3: startup date [Mon Mar 17 16:36:18 EST 2014]; root of context hierarchy
16:36:23,402 DEBUG DefaultAnnotationHandlerMapping:86 - Rejected bean name 'appConfig': no URL paths identified
16:36:23,402 DEBUG DefaultListableBeanFactory:246 - Returning cached instance of singleton bean 'portfolioController'
16:36:23,402  INFO DefaultAnnotationHandlerMapping:315 - Mapped URL path [/contact/{pUserId}] onto handler 'portfolioController'
16:36:23,402 DEBUG DefaultListableBeanFactory:246 - Returning cached instance of singleton bean 'portfolioController'
16:36:23,402  INFO DefaultAnnotationHandlerMapping:315 - Mapped URL path [/contact/{pUserId}.*] onto handler 'portfolioController'
16:36:23,402 DEBUG DefaultListableBeanFactory:246 - Returning cached instance of singleton bean 'portfolioController'
16:36:23,402  INFO DefaultAnnotationHandlerMapping:315 - Mapped URL path [/contact/{pUserId}/] onto handler 'portfolioController'
16:36:23,402 DEBUG DefaultListableBeanFactory:246 - Returning cached instance of singleton bean 'portfolioController'
16:36:23,402  INFO DefaultAnnotationHandlerMapping:315 - Mapped URL path [/download/{pUserId}] onto handler 'portfolioController'
16:36:23,402 DEBUG DefaultListableBeanFactory:246 - Returning cached instance of singleton bean 'portfolioController'
16:36:23,402  INFO DefaultAnnotationHandlerMapping:315 - Mapped URL path [/download/{pUserId}.*] onto handler 'portfolioController'
16:36:23,402 DEBUG DefaultListableBeanFactory:246 - Returning cached instance of singleton bean 'portfolioController'
16:36:23,402  INFO DefaultAnnotationHandlerMapping:315 - Mapped URL path [/download/{pUserId}/] onto handler 'portfolioController'
16:36:23,402 DEBUG DefaultListableBeanFactory:246 - Returning cached instance of singleton bean 'portfolioController'
16:36:23,402  INFO DefaultAnnotationHandlerMapping:315 - Mapped URL path [/portfolio/{pUserId}] onto handler 'portfolioController'
16:36:23,402 DEBUG DefaultListableBeanFactory:246 - Returning cached instance of singleton bean 'portfolioController'
16:36:23,402  INFO DefaultAnnotationHandlerMapping:315 - Mapped URL path [/portfolio/{pUserId}.*] onto handler 'portfolioController'
16:36:23,402 DEBUG DefaultListableBeanFactory:246 - Returning cached instance of singleton bean 'portfolioController'
16:36:23,402  INFO DefaultAnnotationHandlerMapping:315 - Mapped URL path [/portfolio/{pUserId}/] onto handler 'portfolioController'
16:36:23,402 DEBUG DefaultAnnotationHandlerMapping:86 - Rejected bean name 'contactMeDao': no URL paths identified
16:36:23,402 DEBUG DefaultAnnotationHandlerMapping:86 - Rejected bean name 'portfolioDao': no URL paths identified
16:36:23,402 DEBUG DefaultAnnotationHandlerMapping:86 - Rejected bean name 'mailService': no URL paths identified
16:36:23,402 DEBUG DefaultAnnotationHandlerMapping:86 - Rejected bean name 'contactMeSvcImpl': no URL paths identified
16:36:23,402 DEBUG DefaultAnnotationHandlerMapping:86 - Rejected bean name 'portfolioSvcImpl': no URL paths identified
16:36:23,402 DEBUG DefaultAnnotationHandlerMapping:86 - Rejected bean name 'jsonUtils': no URL paths identified
16:36:23,402 DEBUG DefaultAnnotationHandlerMapping:86 - Rejected bean name 'org.springframework.context.annotation.internalConfigurationAnnotationProcessor': no URL paths identified
16:36:23,402 DEBUG DefaultAnnotationHandlerMapping:86 - Rejected bean name 'org.springframework.context.annotation.internalAutowiredAnnotationProcessor': no URL paths identified
16:36:23,402 DEBUG DefaultAnnotationHandlerMapping:86 - Rejected bean name 'org.springframework.context.annotation.internalRequiredAnnotationProcessor': no URL paths identified
16:36:23,402 DEBUG DefaultAnnotationHandlerMapping:86 - Rejected bean name 'org.springframework.context.annotation.internalCommonAnnotationProcessor': no URL paths identified
16:36:23,402 DEBUG DefaultAnnotationHandlerMapping:86 - Rejected bean name 'org.springframework.aop.config.internalAutoProxyCreator': no URL paths identified
16:36:23,402 DEBUG DefaultAnnotationHandlerMapping:86 - Rejected bean name 'mongo': no URL paths identified
16:36:23,402 DEBUG DefaultAnnotationHandlerMapping:86 - Rejected bean name 'org.springframework.beans.factory.config.CustomEditorConfigurer#0': no URL paths identified
16:36:23,402 DEBUG DefaultAnnotationHandlerMapping:86 - Rejected bean name 'org.springframework.beans.factory.config.CustomEditorConfigurer#1': no URL paths identified
16:36:23,402 DEBUG DefaultAnnotationHandlerMapping:86 - Rejected bean name 'org.springframework.beans.factory.config.CustomEditorConfigurer#2': no URL paths identified
16:36:23,402 DEBUG DefaultAnnotationHandlerMapping:86 - Rejected bean name 'mongoDbFactory': no URL paths identified
16:36:23,402 DEBUG DefaultAnnotationHandlerMapping:86 - Rejected bean name 'mongoTemplate': no URL paths identified
16:36:23,402 DEBUG DefaultAnnotationHandlerMapping:86 - Rejected bean name 'org.springframework.web.servlet.view.InternalResourceViewResolver#0': no URL paths identified
16:36:23,402 DEBUG DefaultAnnotationHandlerMapping:86 - Rejected bean name 'logAspect': no URL paths identified
16:36:23,402 DEBUG DefaultAnnotationHandlerMapping:86 - Rejected bean name 'mapper': no URL paths identified
16:36:23,402 DEBUG DefaultAnnotationHandlerMapping:86 - Rejected bean name 'mailSender': no URL paths identified
16:36:23,402 DEBUG DefaultAnnotationHandlerMapping:86 - Rejected bean name 'preConfiguredMessage': no URL paths identified
16:36:23,402 DEBUG DefaultAnnotationHandlerMapping:86 - Rejected bean name 'org.springframework.context.annotation.ConfigurationClassPostProcessor.importAwareProcessor': no URL paths identified
16:36:23,402 DEBUG DefaultAnnotationHandlerMapping:86 - Rejected bean name 'environment': no URL paths identified
16:36:23,402 DEBUG DefaultAnnotationHandlerMapping:86 - Rejected bean name 'systemProperties': no URL paths identified
16:36:23,402 DEBUG DefaultAnnotationHandlerMapping:86 - Rejected bean name 'systemEnvironment': no URL paths identified
16:36:23,418 DEBUG DefaultAnnotationHandlerMapping:86 - Rejected bean name 'servletContext': no URL paths identified
16:36:23,418 DEBUG DefaultAnnotationHandlerMapping:86 - Rejected bean name 'contextParameters': no URL paths identified
16:36:23,418 DEBUG DefaultAnnotationHandlerMapping:86 - Rejected bean name 'contextAttributes': no URL paths identified
16:36:23,418 DEBUG DefaultAnnotationHandlerMapping:86 - Rejected bean name 'org.springframework.context.annotation.ConfigurationClassPostProcessor.importRegistry': no URL paths identified
16:36:23,418 DEBUG DefaultAnnotationHandlerMapping:86 - Rejected bean name 'messageSource': no URL paths identified
16:36:23,418 DEBUG DefaultAnnotationHandlerMapping:86 - Rejected bean name 'applicationEventMulticaster': no URL paths identified
16:36:23,418 DEBUG DefaultAnnotationHandlerMapping:86 - Rejected bean name 'lifecycleProcessor': no URL paths identified
16:36:23,418 DEBUG DefaultListableBeanFactory:463 - Finished creating instance of bean 'org.springframework.web.servlet.mvc.annotation.DefaultAnnotationHandlerMapping'
16:36:23,418 DEBUG TestDispatcherServlet:551 - No HandlerMappings found in servlet '': using default
16:36:23,418 DEBUG DefaultListableBeanFactory:435 - Creating instance of bean 'org.springframework.web.servlet.mvc.HttpRequestHandlerAdapter'
16:36:23,418 DEBUG DefaultListableBeanFactory:463 - Finished creating instance of bean 'org.springframework.web.servlet.mvc.HttpRequestHandlerAdapter'
16:36:23,418 DEBUG DefaultListableBeanFactory:435 - Creating instance of bean 'org.springframework.web.servlet.mvc.SimpleControllerHandlerAdapter'
16:36:23,418 DEBUG DefaultListableBeanFactory:463 - Finished creating instance of bean 'org.springframework.web.servlet.mvc.SimpleControllerHandlerAdapter'
16:36:23,418 DEBUG DefaultListableBeanFactory:435 - Creating instance of bean 'org.springframework.web.servlet.mvc.annotation.AnnotationMethodHandlerAdapter'
16:36:23,418 DEBUG DefaultListableBeanFactory:463 - Finished creating instance of bean 'org.springframework.web.servlet.mvc.annotation.AnnotationMethodHandlerAdapter'
16:36:23,418 DEBUG TestDispatcherServlet:589 - No HandlerAdapters found in servlet '': using default
16:36:23,418 DEBUG DefaultListableBeanFactory:435 - Creating instance of bean 'org.springframework.web.servlet.mvc.annotation.AnnotationMethodHandlerExceptionResolver'
16:36:23,434 DEBUG DefaultListableBeanFactory:463 - Finished creating instance of bean 'org.springframework.web.servlet.mvc.annotation.AnnotationMethodHandlerExceptionResolver'
16:36:23,434 DEBUG DefaultListableBeanFactory:435 - Creating instance of bean 'org.springframework.web.servlet.mvc.annotation.ResponseStatusExceptionResolver'
16:36:23,434 DEBUG DefaultListableBeanFactory:463 - Finished creating instance of bean 'org.springframework.web.servlet.mvc.annotation.ResponseStatusExceptionResolver'
16:36:23,434 DEBUG DefaultListableBeanFactory:435 - Creating instance of bean 'org.springframework.web.servlet.mvc.support.DefaultHandlerExceptionResolver'
16:36:23,434 DEBUG DefaultListableBeanFactory:463 - Finished creating instance of bean 'org.springframework.web.servlet.mvc.support.DefaultHandlerExceptionResolver'
16:36:23,434 DEBUG TestDispatcherServlet:628 - No HandlerExceptionResolvers found in servlet '': using default
16:36:23,434 DEBUG DefaultListableBeanFactory:435 - Creating instance of bean 'org.springframework.web.servlet.view.DefaultRequestToViewNameTranslator'
16:36:23,434 DEBUG DefaultListableBeanFactory:463 - Finished creating instance of bean 'org.springframework.web.servlet.view.DefaultRequestToViewNameTranslator'
16:36:23,434 DEBUG TestDispatcherServlet:649 - Unable to locate RequestToViewNameTranslator with name 'viewNameTranslator': using default [org.springframework.web.servlet.view.DefaultRequestToViewNameTranslator@5b4d0e]
16:36:23,434 DEBUG DefaultListableBeanFactory:246 - Returning cached instance of singleton bean 'org.springframework.web.servlet.view.InternalResourceViewResolver#0'
16:36:23,434 DEBUG DefaultListableBeanFactory:435 - Creating instance of bean 'org.springframework.web.servlet.support.SessionFlashMapManager'
16:36:23,434 DEBUG DefaultListableBeanFactory:463 - Finished creating instance of bean 'org.springframework.web.servlet.support.SessionFlashMapManager'
16:36:23,434 DEBUG TestDispatcherServlet:711 - Unable to locate FlashMapManager with name 'flashMapManager': using default [org.springframework.web.servlet.support.SessionFlashMapManager@2007a8]
16:36:23,434 DEBUG TestDispatcherServlet:532 - Published WebApplicationContext of servlet '' as ServletContext attribute with name [org.springframework.web.servlet.FrameworkServlet.CONTEXT.]
16:36:23,434  INFO TestDispatcherServlet:472 - FrameworkServlet '': initialization completed in 47 ms
16:36:23,434 DEBUG TestDispatcherServlet:141 - Servlet '' configured successfully
16:36:23,434 DEBUG TestDispatcherServlet:823 - DispatcherServlet with name '' processing GET request for [/about/dagrawal]
16:36:23,434  WARN PageNotFound:1108 - No mapping found for HTTP request with URI [/about/dagrawal] in DispatcherServlet with name ''
16:36:23,434 DEBUG TestDispatcherServlet:946 - Successfully completed request
16:36:23,434 DEBUG DirtiesContextTestExecutionListener:85 - After test method: context [[TestContext@cfdc01 testClass = AppTests, testInstance = com.portfolio.AppTests@d6b576, testMethod = about@AppTests, testException = java.lang.AssertionError: Status expected:<200> but was:<404>, mergedContextConfiguration = [WebMergedContextConfiguration@1879b testClass = AppTests, locations = '{file:src/main/webapp/WEB-INF/mvc-dispatcher-servlet.xml}', classes = '{}', contextInitializerClasses = '[]', activeProfiles = '{}', resourceBasePath = 'src/main/webapp', contextLoader = 'org.springframework.test.context.web.WebDelegatingSmartContextLoader']]], class dirties context [false], class mode [null], method dirties context [false].
16:36:23,434 DEBUG ServletTestExecutionListener:96 - Resetting RequestContextHolder for test context [TestContext@cfdc01 testClass = AppTests, testInstance = com.portfolio.AppTests@d6b576, testMethod = about@AppTests, testException = java.lang.AssertionError: Status expected:<200> but was:<404>, mergedContextConfiguration = [WebMergedContextConfiguration@1879b testClass = AppTests, locations = '{file:src/main/webapp/WEB-INF/mvc-dispatcher-servlet.xml}', classes = '{}', contextInitializerClasses = '[]', activeProfiles = '{}', resourceBasePath = 'src/main/webapp', contextLoader = 'org.springframework.test.context.web.WebDelegatingSmartContextLoader']].
]]></system-out>
  </testcase>
  <testcase name="portfolio" classname="com.portfolio.AppTests" time="0.046">
    <failure message="Status expected:&lt;200&gt; but was:&lt;404&gt;" type="java.lang.AssertionError"><![CDATA[java.lang.AssertionError: Status expected:<200> but was:<404>
	at org.springframework.test.util.AssertionErrors.fail(AssertionErrors.java:60)
	at org.springframework.test.util.AssertionErrors.assertEquals(AssertionErrors.java:89)
	at org.springframework.test.web.servlet.result.StatusResultMatchers$5.match(StatusResultMatchers.java:546)
	at org.springframework.test.web.servlet.MockMvc$1.andExpect(MockMvc.java:141)
	at com.portfolio.AppTests.portfolio(AppTests.java:35)
]]></failure>
    <system-out><![CDATA[16:36:23,434 DEBUG ProfileValueUtils:68 - Retrieved @ProfileValueSourceConfiguration [null] for test class [com.portfolio.AppTests]
16:36:23,434 DEBUG ProfileValueUtils:80 - Retrieved ProfileValueSource type [class org.springframework.test.annotation.SystemProfileValueSource] for class [com.portfolio.AppTests]
16:36:23,434 DEBUG TestContext:162 - Retrieved ApplicationContext for test class [class com.portfolio.AppTests] from cache with key [[WebMergedContextConfiguration@1879b testClass = AppTests, locations = '{file:src/main/webapp/WEB-INF/mvc-dispatcher-servlet.xml}', classes = '{}', contextInitializerClasses = '[]', activeProfiles = '{}', resourceBasePath = 'src/main/webapp', contextLoader = 'org.springframework.test.context.web.WebDelegatingSmartContextLoader']].
16:36:23,434 DEBUG ServletTestExecutionListener:115 - Setting up MockHttpServletRequest, MockHttpServletResponse, ServletWebRequest, and RequestContextHolder for test context [TestContext@cfdc01 testClass = AppTests, testInstance = com.portfolio.AppTests@105f21c, testMethod = [null], testException = [null], mergedContextConfiguration = [WebMergedContextConfiguration@1879b testClass = AppTests, locations = '{file:src/main/webapp/WEB-INF/mvc-dispatcher-servlet.xml}', classes = '{}', contextInitializerClasses = '[]', activeProfiles = '{}', resourceBasePath = 'src/main/webapp', contextLoader = 'org.springframework.test.context.web.WebDelegatingSmartContextLoader']].
16:36:23,434 DEBUG DependencyInjectionTestExecutionListener:73 - Performing dependency injection for test context [[TestContext@cfdc01 testClass = AppTests, testInstance = com.portfolio.AppTests@105f21c, testMethod = [null], testException = [null], mergedContextConfiguration = [WebMergedContextConfiguration@1879b testClass = AppTests, locations = '{file:src/main/webapp/WEB-INF/mvc-dispatcher-servlet.xml}', classes = '{}', contextInitializerClasses = '[]', activeProfiles = '{}', resourceBasePath = 'src/main/webapp', contextLoader = 'org.springframework.test.context.web.WebDelegatingSmartContextLoader']]].
16:36:23,434 DEBUG TestContext:162 - Retrieved ApplicationContext for test class [class com.portfolio.AppTests] from cache with key [[WebMergedContextConfiguration@1879b testClass = AppTests, locations = '{file:src/main/webapp/WEB-INF/mvc-dispatcher-servlet.xml}', classes = '{}', contextInitializerClasses = '[]', activeProfiles = '{}', resourceBasePath = 'src/main/webapp', contextLoader = 'org.springframework.test.context.web.WebDelegatingSmartContextLoader']].
16:36:23,434 DEBUG InjectionMetadata:85 - Processing injected method of bean 'com.portfolio.AppTests': AutowiredFieldElement for protected org.springframework.web.context.WebApplicationContext com.portfolio.SpringTest.wac
16:36:23,434 DEBUG AnnotationAwareAspectJAutoProxyCreator:534 - Creating implicit proxy for bean 'com.portfolio.AppTests' with 0 common interceptors and 3 specific interceptors
16:36:23,434 DEBUG CglibAopProxy:155 - Creating CGLIB proxy: target source is SingletonTargetSource for target object [com.portfolio.AppTests@105f21c]
16:36:23,434 DEBUG TestContext:162 - Retrieved ApplicationContext for test class [class com.portfolio.AppTests] from cache with key [[WebMergedContextConfiguration@1879b testClass = AppTests, locations = '{file:src/main/webapp/WEB-INF/mvc-dispatcher-servlet.xml}', classes = '{}', contextInitializerClasses = '[]', activeProfiles = '{}', resourceBasePath = 'src/main/webapp', contextLoader = 'org.springframework.test.context.web.WebDelegatingSmartContextLoader']].
16:36:23,434 DEBUG ServletTestExecutionListener:115 - Setting up MockHttpServletRequest, MockHttpServletResponse, ServletWebRequest, and RequestContextHolder for test context [TestContext@cfdc01 testClass = AppTests, testInstance = com.portfolio.AppTests@105f21c, testMethod = portfolio@AppTests, testException = [null], mergedContextConfiguration = [WebMergedContextConfiguration@1879b testClass = AppTests, locations = '{file:src/main/webapp/WEB-INF/mvc-dispatcher-servlet.xml}', classes = '{}', contextInitializerClasses = '[]', activeProfiles = '{}', resourceBasePath = 'src/main/webapp', contextLoader = 'org.springframework.test.context.web.WebDelegatingSmartContextLoader']].
16:36:23,434 DEBUG TestDispatcherServlet:120 - Initializing servlet ''
16:36:23,434 DEBUG StandardServletEnvironment:112 - Initializing new StandardServletEnvironment
16:36:23,434 DEBUG StandardServletEnvironment:107 - Adding [servletConfigInitParams] PropertySource with lowest search precedence
16:36:23,434 DEBUG StandardServletEnvironment:107 - Adding [servletContextInitParams] PropertySource with lowest search precedence
16:36:23,434 DEBUG StandardServletEnvironment:107 - Adding [jndiProperties] PropertySource with lowest search precedence
16:36:23,434 DEBUG StandardServletEnvironment:107 - Adding [systemProperties] PropertySource with lowest search precedence
16:36:23,434 DEBUG StandardServletEnvironment:107 - Adding [systemEnvironment] PropertySource with lowest search precedence
16:36:23,434 DEBUG StandardServletEnvironment:116 - Initialized StandardServletEnvironment with PropertySources [servletConfigInitParams,servletContextInitParams,jndiProperties,systemProperties,systemEnvironment]
16:36:23,434  INFO MockServletContext:382 - Initializing Spring FrameworkServlet ''
16:36:23,434  INFO TestDispatcherServlet:453 - FrameworkServlet '': initialization started
16:36:23,434 DEBUG TestDispatcherServlet:467 - Unable to locate MultipartResolver with name 'multipartResolver': no multipart request handling provided
16:36:23,434 DEBUG DefaultListableBeanFactory:435 - Creating instance of bean 'org.springframework.web.servlet.i18n.AcceptHeaderLocaleResolver'
16:36:23,434 DEBUG DefaultListableBeanFactory:463 - Finished creating instance of bean 'org.springframework.web.servlet.i18n.AcceptHeaderLocaleResolver'
16:36:23,434 DEBUG TestDispatcherServlet:489 - Unable to locate LocaleResolver with name 'localeResolver': using default [org.springframework.web.servlet.i18n.AcceptHeaderLocaleResolver@1b92c9b]
16:36:23,434 DEBUG DefaultListableBeanFactory:435 - Creating instance of bean 'org.springframework.web.servlet.theme.FixedThemeResolver'
16:36:23,434 DEBUG DefaultListableBeanFactory:463 - Finished creating instance of bean 'org.springframework.web.servlet.theme.FixedThemeResolver'
16:36:23,434 DEBUG TestDispatcherServlet:511 - Unable to locate ThemeResolver with name 'themeResolver': using default [org.springframework.web.servlet.theme.FixedThemeResolver@1fae71]
16:36:23,434 DEBUG DefaultListableBeanFactory:435 - Creating instance of bean 'org.springframework.web.servlet.handler.BeanNameUrlHandlerMapping'
16:36:23,434 DEBUG BeanNameUrlHandlerMapping:71 - Looking for URL mappings in application context: org.springframework.web.context.support.GenericWebApplicationContext@a4daa3: startup date [Mon Mar 17 16:36:18 EST 2014]; root of context hierarchy
16:36:23,449 DEBUG BeanNameUrlHandlerMapping:86 - Rejected bean name 'appConfig': no URL paths identified
16:36:23,449 DEBUG BeanNameUrlHandlerMapping:86 - Rejected bean name 'portfolioController': no URL paths identified
16:36:23,449 DEBUG BeanNameUrlHandlerMapping:86 - Rejected bean name 'contactMeDao': no URL paths identified
16:36:23,449 DEBUG BeanNameUrlHandlerMapping:86 - Rejected bean name 'portfolioDao': no URL paths identified
16:36:23,449 DEBUG BeanNameUrlHandlerMapping:86 - Rejected bean name 'mailService': no URL paths identified
16:36:23,449 DEBUG BeanNameUrlHandlerMapping:86 - Rejected bean name 'contactMeSvcImpl': no URL paths identified
16:36:23,449 DEBUG BeanNameUrlHandlerMapping:86 - Rejected bean name 'portfolioSvcImpl': no URL paths identified
16:36:23,449 DEBUG BeanNameUrlHandlerMapping:86 - Rejected bean name 'jsonUtils': no URL paths identified
16:36:23,449 DEBUG BeanNameUrlHandlerMapping:86 - Rejected bean name 'org.springframework.context.annotation.internalConfigurationAnnotationProcessor': no URL paths identified
16:36:23,449 DEBUG BeanNameUrlHandlerMapping:86 - Rejected bean name 'org.springframework.context.annotation.internalAutowiredAnnotationProcessor': no URL paths identified
16:36:23,449 DEBUG BeanNameUrlHandlerMapping:86 - Rejected bean name 'org.springframework.context.annotation.internalRequiredAnnotationProcessor': no URL paths identified
16:36:23,449 DEBUG BeanNameUrlHandlerMapping:86 - Rejected bean name 'org.springframework.context.annotation.internalCommonAnnotationProcessor': no URL paths identified
16:36:23,449 DEBUG BeanNameUrlHandlerMapping:86 - Rejected bean name 'org.springframework.aop.config.internalAutoProxyCreator': no URL paths identified
16:36:23,449 DEBUG BeanNameUrlHandlerMapping:86 - Rejected bean name 'mongo': no URL paths identified
16:36:23,449 DEBUG BeanNameUrlHandlerMapping:86 - Rejected bean name 'org.springframework.beans.factory.config.CustomEditorConfigurer#0': no URL paths identified
16:36:23,449 DEBUG BeanNameUrlHandlerMapping:86 - Rejected bean name 'org.springframework.beans.factory.config.CustomEditorConfigurer#1': no URL paths identified
16:36:23,449 DEBUG BeanNameUrlHandlerMapping:86 - Rejected bean name 'org.springframework.beans.factory.config.CustomEditorConfigurer#2': no URL paths identified
16:36:23,449 DEBUG BeanNameUrlHandlerMapping:86 - Rejected bean name 'mongoDbFactory': no URL paths identified
16:36:23,449 DEBUG BeanNameUrlHandlerMapping:86 - Rejected bean name 'mongoTemplate': no URL paths identified
16:36:23,449 DEBUG BeanNameUrlHandlerMapping:86 - Rejected bean name 'org.springframework.web.servlet.view.InternalResourceViewResolver#0': no URL paths identified
16:36:23,449 DEBUG BeanNameUrlHandlerMapping:86 - Rejected bean name 'logAspect': no URL paths identified
16:36:23,449 DEBUG BeanNameUrlHandlerMapping:86 - Rejected bean name 'mapper': no URL paths identified
16:36:23,449 DEBUG BeanNameUrlHandlerMapping:86 - Rejected bean name 'mailSender': no URL paths identified
16:36:23,449 DEBUG BeanNameUrlHandlerMapping:86 - Rejected bean name 'preConfiguredMessage': no URL paths identified
16:36:23,449 DEBUG BeanNameUrlHandlerMapping:86 - Rejected bean name 'org.springframework.context.annotation.ConfigurationClassPostProcessor.importAwareProcessor': no URL paths identified
16:36:23,449 DEBUG BeanNameUrlHandlerMapping:86 - Rejected bean name 'environment': no URL paths identified
16:36:23,449 DEBUG BeanNameUrlHandlerMapping:86 - Rejected bean name 'systemProperties': no URL paths identified
16:36:23,449 DEBUG BeanNameUrlHandlerMapping:86 - Rejected bean name 'systemEnvironment': no URL paths identified
16:36:23,449 DEBUG BeanNameUrlHandlerMapping:86 - Rejected bean name 'servletContext': no URL paths identified
16:36:23,449 DEBUG BeanNameUrlHandlerMapping:86 - Rejected bean name 'contextParameters': no URL paths identified
16:36:23,449 DEBUG BeanNameUrlHandlerMapping:86 - Rejected bean name 'contextAttributes': no URL paths identified
16:36:23,449 DEBUG BeanNameUrlHandlerMapping:86 - Rejected bean name 'org.springframework.context.annotation.ConfigurationClassPostProcessor.importRegistry': no URL paths identified
16:36:23,449 DEBUG BeanNameUrlHandlerMapping:86 - Rejected bean name 'messageSource': no URL paths identified
16:36:23,449 DEBUG BeanNameUrlHandlerMapping:86 - Rejected bean name 'applicationEventMulticaster': no URL paths identified
16:36:23,449 DEBUG BeanNameUrlHandlerMapping:86 - Rejected bean name 'lifecycleProcessor': no URL paths identified
16:36:23,449 DEBUG DefaultListableBeanFactory:463 - Finished creating instance of bean 'org.springframework.web.servlet.handler.BeanNameUrlHandlerMapping'
16:36:23,449 DEBUG DefaultListableBeanFactory:435 - Creating instance of bean 'org.springframework.web.servlet.mvc.annotation.DefaultAnnotationHandlerMapping'
16:36:23,449 DEBUG DefaultAnnotationHandlerMapping:71 - Looking for URL mappings in application context: org.springframework.web.context.support.GenericWebApplicationContext@a4daa3: startup date [Mon Mar 17 16:36:18 EST 2014]; root of context hierarchy
16:36:23,449 DEBUG DefaultAnnotationHandlerMapping:86 - Rejected bean name 'appConfig': no URL paths identified
16:36:23,449 DEBUG DefaultListableBeanFactory:246 - Returning cached instance of singleton bean 'portfolioController'
16:36:23,449  INFO DefaultAnnotationHandlerMapping:315 - Mapped URL path [/contact/{pUserId}] onto handler 'portfolioController'
16:36:23,449 DEBUG DefaultListableBeanFactory:246 - Returning cached instance of singleton bean 'portfolioController'
16:36:23,449  INFO DefaultAnnotationHandlerMapping:315 - Mapped URL path [/contact/{pUserId}.*] onto handler 'portfolioController'
16:36:23,449 DEBUG DefaultListableBeanFactory:246 - Returning cached instance of singleton bean 'portfolioController'
16:36:23,449  INFO DefaultAnnotationHandlerMapping:315 - Mapped URL path [/contact/{pUserId}/] onto handler 'portfolioController'
16:36:23,449 DEBUG DefaultListableBeanFactory:246 - Returning cached instance of singleton bean 'portfolioController'
16:36:23,449  INFO DefaultAnnotationHandlerMapping:315 - Mapped URL path [/download/{pUserId}] onto handler 'portfolioController'
16:36:23,449 DEBUG DefaultListableBeanFactory:246 - Returning cached instance of singleton bean 'portfolioController'
16:36:23,449  INFO DefaultAnnotationHandlerMapping:315 - Mapped URL path [/download/{pUserId}.*] onto handler 'portfolioController'
16:36:23,449 DEBUG DefaultListableBeanFactory:246 - Returning cached instance of singleton bean 'portfolioController'
16:36:23,449  INFO DefaultAnnotationHandlerMapping:315 - Mapped URL path [/download/{pUserId}/] onto handler 'portfolioController'
16:36:23,449 DEBUG DefaultListableBeanFactory:246 - Returning cached instance of singleton bean 'portfolioController'
16:36:23,449  INFO DefaultAnnotationHandlerMapping:315 - Mapped URL path [/portfolio/{pUserId}] onto handler 'portfolioController'
16:36:23,449 DEBUG DefaultListableBeanFactory:246 - Returning cached instance of singleton bean 'portfolioController'
16:36:23,449  INFO DefaultAnnotationHandlerMapping:315 - Mapped URL path [/portfolio/{pUserId}.*] onto handler 'portfolioController'
16:36:23,449 DEBUG DefaultListableBeanFactory:246 - Returning cached instance of singleton bean 'portfolioController'
16:36:23,449  INFO DefaultAnnotationHandlerMapping:315 - Mapped URL path [/portfolio/{pUserId}/] onto handler 'portfolioController'
16:36:23,449 DEBUG DefaultAnnotationHandlerMapping:86 - Rejected bean name 'contactMeDao': no URL paths identified
16:36:23,449 DEBUG DefaultAnnotationHandlerMapping:86 - Rejected bean name 'portfolioDao': no URL paths identified
16:36:23,449 DEBUG DefaultAnnotationHandlerMapping:86 - Rejected bean name 'mailService': no URL paths identified
16:36:23,449 DEBUG DefaultAnnotationHandlerMapping:86 - Rejected bean name 'contactMeSvcImpl': no URL paths identified
16:36:23,449 DEBUG DefaultAnnotationHandlerMapping:86 - Rejected bean name 'portfolioSvcImpl': no URL paths identified
16:36:23,449 DEBUG DefaultAnnotationHandlerMapping:86 - Rejected bean name 'jsonUtils': no URL paths identified
16:36:23,449 DEBUG DefaultAnnotationHandlerMapping:86 - Rejected bean name 'org.springframework.context.annotation.internalConfigurationAnnotationProcessor': no URL paths identified
16:36:23,449 DEBUG DefaultAnnotationHandlerMapping:86 - Rejected bean name 'org.springframework.context.annotation.internalAutowiredAnnotationProcessor': no URL paths identified
16:36:23,449 DEBUG DefaultAnnotationHandlerMapping:86 - Rejected bean name 'org.springframework.context.annotation.internalRequiredAnnotationProcessor': no URL paths identified
16:36:23,449 DEBUG DefaultAnnotationHandlerMapping:86 - Rejected bean name 'org.springframework.context.annotation.internalCommonAnnotationProcessor': no URL paths identified
16:36:23,449 DEBUG DefaultAnnotationHandlerMapping:86 - Rejected bean name 'org.springframework.aop.config.internalAutoProxyCreator': no URL paths identified
16:36:23,449 DEBUG DefaultAnnotationHandlerMapping:86 - Rejected bean name 'mongo': no URL paths identified
16:36:23,449 DEBUG DefaultAnnotationHandlerMapping:86 - Rejected bean name 'org.springframework.beans.factory.config.CustomEditorConfigurer#0': no URL paths identified
16:36:23,449 DEBUG DefaultAnnotationHandlerMapping:86 - Rejected bean name 'org.springframework.beans.factory.config.CustomEditorConfigurer#1': no URL paths identified
16:36:23,465 DEBUG DefaultAnnotationHandlerMapping:86 - Rejected bean name 'org.springframework.beans.factory.config.CustomEditorConfigurer#2': no URL paths identified
16:36:23,465 DEBUG DefaultAnnotationHandlerMapping:86 - Rejected bean name 'mongoDbFactory': no URL paths identified
16:36:23,465 DEBUG DefaultAnnotationHandlerMapping:86 - Rejected bean name 'mongoTemplate': no URL paths identified
16:36:23,465 DEBUG DefaultAnnotationHandlerMapping:86 - Rejected bean name 'org.springframework.web.servlet.view.InternalResourceViewResolver#0': no URL paths identified
16:36:23,465 DEBUG DefaultAnnotationHandlerMapping:86 - Rejected bean name 'logAspect': no URL paths identified
16:36:23,465 DEBUG DefaultAnnotationHandlerMapping:86 - Rejected bean name 'mapper': no URL paths identified
16:36:23,465 DEBUG DefaultAnnotationHandlerMapping:86 - Rejected bean name 'mailSender': no URL paths identified
16:36:23,465 DEBUG DefaultAnnotationHandlerMapping:86 - Rejected bean name 'preConfiguredMessage': no URL paths identified
16:36:23,465 DEBUG DefaultAnnotationHandlerMapping:86 - Rejected bean name 'org.springframework.context.annotation.ConfigurationClassPostProcessor.importAwareProcessor': no URL paths identified
16:36:23,465 DEBUG DefaultAnnotationHandlerMapping:86 - Rejected bean name 'environment': no URL paths identified
16:36:23,465 DEBUG DefaultAnnotationHandlerMapping:86 - Rejected bean name 'systemProperties': no URL paths identified
16:36:23,465 DEBUG DefaultAnnotationHandlerMapping:86 - Rejected bean name 'systemEnvironment': no URL paths identified
16:36:23,465 DEBUG DefaultAnnotationHandlerMapping:86 - Rejected bean name 'servletContext': no URL paths identified
16:36:23,465 DEBUG DefaultAnnotationHandlerMapping:86 - Rejected bean name 'contextParameters': no URL paths identified
16:36:23,465 DEBUG DefaultAnnotationHandlerMapping:86 - Rejected bean name 'contextAttributes': no URL paths identified
16:36:23,465 DEBUG DefaultAnnotationHandlerMapping:86 - Rejected bean name 'org.springframework.context.annotation.ConfigurationClassPostProcessor.importRegistry': no URL paths identified
16:36:23,465 DEBUG DefaultAnnotationHandlerMapping:86 - Rejected bean name 'messageSource': no URL paths identified
16:36:23,465 DEBUG DefaultAnnotationHandlerMapping:86 - Rejected bean name 'applicationEventMulticaster': no URL paths identified
16:36:23,465 DEBUG DefaultAnnotationHandlerMapping:86 - Rejected bean name 'lifecycleProcessor': no URL paths identified
16:36:23,465 DEBUG DefaultListableBeanFactory:463 - Finished creating instance of bean 'org.springframework.web.servlet.mvc.annotation.DefaultAnnotationHandlerMapping'
16:36:23,465 DEBUG TestDispatcherServlet:551 - No HandlerMappings found in servlet '': using default
16:36:23,465 DEBUG DefaultListableBeanFactory:435 - Creating instance of bean 'org.springframework.web.servlet.mvc.HttpRequestHandlerAdapter'
16:36:23,465 DEBUG DefaultListableBeanFactory:463 - Finished creating instance of bean 'org.springframework.web.servlet.mvc.HttpRequestHandlerAdapter'
16:36:23,465 DEBUG DefaultListableBeanFactory:435 - Creating instance of bean 'org.springframework.web.servlet.mvc.SimpleControllerHandlerAdapter'
16:36:23,465 DEBUG DefaultListableBeanFactory:463 - Finished creating instance of bean 'org.springframework.web.servlet.mvc.SimpleControllerHandlerAdapter'
16:36:23,465 DEBUG DefaultListableBeanFactory:435 - Creating instance of bean 'org.springframework.web.servlet.mvc.annotation.AnnotationMethodHandlerAdapter'
16:36:23,465 DEBUG DefaultListableBeanFactory:463 - Finished creating instance of bean 'org.springframework.web.servlet.mvc.annotation.AnnotationMethodHandlerAdapter'
16:36:23,465 DEBUG TestDispatcherServlet:589 - No HandlerAdapters found in servlet '': using default
16:36:23,465 DEBUG DefaultListableBeanFactory:435 - Creating instance of bean 'org.springframework.web.servlet.mvc.annotation.AnnotationMethodHandlerExceptionResolver'
16:36:23,480 DEBUG DefaultListableBeanFactory:463 - Finished creating instance of bean 'org.springframework.web.servlet.mvc.annotation.AnnotationMethodHandlerExceptionResolver'
16:36:23,480 DEBUG DefaultListableBeanFactory:435 - Creating instance of bean 'org.springframework.web.servlet.mvc.annotation.ResponseStatusExceptionResolver'
16:36:23,480 DEBUG DefaultListableBeanFactory:463 - Finished creating instance of bean 'org.springframework.web.servlet.mvc.annotation.ResponseStatusExceptionResolver'
16:36:23,480 DEBUG DefaultListableBeanFactory:435 - Creating instance of bean 'org.springframework.web.servlet.mvc.support.DefaultHandlerExceptionResolver'
16:36:23,480 DEBUG DefaultListableBeanFactory:463 - Finished creating instance of bean 'org.springframework.web.servlet.mvc.support.DefaultHandlerExceptionResolver'
16:36:23,480 DEBUG TestDispatcherServlet:628 - No HandlerExceptionResolvers found in servlet '': using default
16:36:23,480 DEBUG DefaultListableBeanFactory:435 - Creating instance of bean 'org.springframework.web.servlet.view.DefaultRequestToViewNameTranslator'
16:36:23,480 DEBUG DefaultListableBeanFactory:463 - Finished creating instance of bean 'org.springframework.web.servlet.view.DefaultRequestToViewNameTranslator'
16:36:23,480 DEBUG TestDispatcherServlet:649 - Unable to locate RequestToViewNameTranslator with name 'viewNameTranslator': using default [org.springframework.web.servlet.view.DefaultRequestToViewNameTranslator@269ced]
16:36:23,480 DEBUG DefaultListableBeanFactory:246 - Returning cached instance of singleton bean 'org.springframework.web.servlet.view.InternalResourceViewResolver#0'
16:36:23,480 DEBUG DefaultListableBeanFactory:435 - Creating instance of bean 'org.springframework.web.servlet.support.SessionFlashMapManager'
16:36:23,480 DEBUG DefaultListableBeanFactory:463 - Finished creating instance of bean 'org.springframework.web.servlet.support.SessionFlashMapManager'
16:36:23,480 DEBUG TestDispatcherServlet:711 - Unable to locate FlashMapManager with name 'flashMapManager': using default [org.springframework.web.servlet.support.SessionFlashMapManager@1089b11]
16:36:23,480 DEBUG TestDispatcherServlet:532 - Published WebApplicationContext of servlet '' as ServletContext attribute with name [org.springframework.web.servlet.FrameworkServlet.CONTEXT.]
16:36:23,480  INFO TestDispatcherServlet:472 - FrameworkServlet '': initialization completed in 46 ms
16:36:23,480 DEBUG TestDispatcherServlet:141 - Servlet '' configured successfully
16:36:23,480 DEBUG TestDispatcherServlet:823 - DispatcherServlet with name '' processing GET request for [/portfolio]
16:36:23,480  WARN PageNotFound:1108 - No mapping found for HTTP request with URI [/portfolio] in DispatcherServlet with name ''
16:36:23,480 DEBUG TestDispatcherServlet:946 - Successfully completed request
16:36:23,480 DEBUG DirtiesContextTestExecutionListener:85 - After test method: context [[TestContext@cfdc01 testClass = AppTests, testInstance = com.portfolio.AppTests@105f21c, testMethod = portfolio@AppTests, testException = java.lang.AssertionError: Status expected:<200> but was:<404>, mergedContextConfiguration = [WebMergedContextConfiguration@1879b testClass = AppTests, locations = '{file:src/main/webapp/WEB-INF/mvc-dispatcher-servlet.xml}', classes = '{}', contextInitializerClasses = '[]', activeProfiles = '{}', resourceBasePath = 'src/main/webapp', contextLoader = 'org.springframework.test.context.web.WebDelegatingSmartContextLoader']]], class dirties context [false], class mode [null], method dirties context [false].
16:36:23,480 DEBUG ServletTestExecutionListener:96 - Resetting RequestContextHolder for test context [TestContext@cfdc01 testClass = AppTests, testInstance = com.portfolio.AppTests@105f21c, testMethod = portfolio@AppTests, testException = java.lang.AssertionError: Status expected:<200> but was:<404>, mergedContextConfiguration = [WebMergedContextConfiguration@1879b testClass = AppTests, locations = '{file:src/main/webapp/WEB-INF/mvc-dispatcher-servlet.xml}', classes = '{}', contextInitializerClasses = '[]', activeProfiles = '{}', resourceBasePath = 'src/main/webapp', contextLoader = 'org.springframework.test.context.web.WebDelegatingSmartContextLoader']].
]]></system-out>
  </testcase>
  <testcase name="testimonial" classname="com.portfolio.AppTests" time="0.079">
    <failure message="Status expected:&lt;200&gt; but was:&lt;404&gt;" type="java.lang.AssertionError"><![CDATA[java.lang.AssertionError: Status expected:<200> but was:<404>
	at org.springframework.test.util.AssertionErrors.fail(AssertionErrors.java:60)
	at org.springframework.test.util.AssertionErrors.assertEquals(AssertionErrors.java:89)
	at org.springframework.test.web.servlet.result.StatusResultMatchers$5.match(StatusResultMatchers.java:546)
	at org.springframework.test.web.servlet.MockMvc$1.andExpect(MockMvc.java:141)
	at com.portfolio.AppTests.testimonial(AppTests.java:42)
]]></failure>
    <system-out><![CDATA[16:36:23,480 DEBUG ProfileValueUtils:68 - Retrieved @ProfileValueSourceConfiguration [null] for test class [com.portfolio.AppTests]
16:36:23,480 DEBUG ProfileValueUtils:80 - Retrieved ProfileValueSource type [class org.springframework.test.annotation.SystemProfileValueSource] for class [com.portfolio.AppTests]
16:36:23,480 DEBUG TestContext:162 - Retrieved ApplicationContext for test class [class com.portfolio.AppTests] from cache with key [[WebMergedContextConfiguration@1879b testClass = AppTests, locations = '{file:src/main/webapp/WEB-INF/mvc-dispatcher-servlet.xml}', classes = '{}', contextInitializerClasses = '[]', activeProfiles = '{}', resourceBasePath = 'src/main/webapp', contextLoader = 'org.springframework.test.context.web.WebDelegatingSmartContextLoader']].
16:36:23,480 DEBUG ServletTestExecutionListener:115 - Setting up MockHttpServletRequest, MockHttpServletResponse, ServletWebRequest, and RequestContextHolder for test context [TestContext@cfdc01 testClass = AppTests, testInstance = com.portfolio.AppTests@5d7a82, testMethod = [null], testException = [null], mergedContextConfiguration = [WebMergedContextConfiguration@1879b testClass = AppTests, locations = '{file:src/main/webapp/WEB-INF/mvc-dispatcher-servlet.xml}', classes = '{}', contextInitializerClasses = '[]', activeProfiles = '{}', resourceBasePath = 'src/main/webapp', contextLoader = 'org.springframework.test.context.web.WebDelegatingSmartContextLoader']].
16:36:23,480 DEBUG DependencyInjectionTestExecutionListener:73 - Performing dependency injection for test context [[TestContext@cfdc01 testClass = AppTests, testInstance = com.portfolio.AppTests@5d7a82, testMethod = [null], testException = [null], mergedContextConfiguration = [WebMergedContextConfiguration@1879b testClass = AppTests, locations = '{file:src/main/webapp/WEB-INF/mvc-dispatcher-servlet.xml}', classes = '{}', contextInitializerClasses = '[]', activeProfiles = '{}', resourceBasePath = 'src/main/webapp', contextLoader = 'org.springframework.test.context.web.WebDelegatingSmartContextLoader']]].
16:36:23,480 DEBUG TestContext:162 - Retrieved ApplicationContext for test class [class com.portfolio.AppTests] from cache with key [[WebMergedContextConfiguration@1879b testClass = AppTests, locations = '{file:src/main/webapp/WEB-INF/mvc-dispatcher-servlet.xml}', classes = '{}', contextInitializerClasses = '[]', activeProfiles = '{}', resourceBasePath = 'src/main/webapp', contextLoader = 'org.springframework.test.context.web.WebDelegatingSmartContextLoader']].
16:36:23,480 DEBUG InjectionMetadata:85 - Processing injected method of bean 'com.portfolio.AppTests': AutowiredFieldElement for protected org.springframework.web.context.WebApplicationContext com.portfolio.SpringTest.wac
16:36:23,480 DEBUG AnnotationAwareAspectJAutoProxyCreator:534 - Creating implicit proxy for bean 'com.portfolio.AppTests' with 0 common interceptors and 3 specific interceptors
16:36:23,480 DEBUG CglibAopProxy:155 - Creating CGLIB proxy: target source is SingletonTargetSource for target object [com.portfolio.AppTests@5d7a82]
16:36:23,480 DEBUG TestContext:162 - Retrieved ApplicationContext for test class [class com.portfolio.AppTests] from cache with key [[WebMergedContextConfiguration@1879b testClass = AppTests, locations = '{file:src/main/webapp/WEB-INF/mvc-dispatcher-servlet.xml}', classes = '{}', contextInitializerClasses = '[]', activeProfiles = '{}', resourceBasePath = 'src/main/webapp', contextLoader = 'org.springframework.test.context.web.WebDelegatingSmartContextLoader']].
16:36:23,480 DEBUG ServletTestExecutionListener:115 - Setting up MockHttpServletRequest, MockHttpServletResponse, ServletWebRequest, and RequestContextHolder for test context [TestContext@cfdc01 testClass = AppTests, testInstance = com.portfolio.AppTests@5d7a82, testMethod = testimonial@AppTests, testException = [null], mergedContextConfiguration = [WebMergedContextConfiguration@1879b testClass = AppTests, locations = '{file:src/main/webapp/WEB-INF/mvc-dispatcher-servlet.xml}', classes = '{}', contextInitializerClasses = '[]', activeProfiles = '{}', resourceBasePath = 'src/main/webapp', contextLoader = 'org.springframework.test.context.web.WebDelegatingSmartContextLoader']].
16:36:23,480 DEBUG TestDispatcherServlet:120 - Initializing servlet ''
16:36:23,480 DEBUG StandardServletEnvironment:112 - Initializing new StandardServletEnvironment
16:36:23,480 DEBUG StandardServletEnvironment:107 - Adding [servletConfigInitParams] PropertySource with lowest search precedence
16:36:23,480 DEBUG StandardServletEnvironment:107 - Adding [servletContextInitParams] PropertySource with lowest search precedence
16:36:23,480 DEBUG StandardServletEnvironment:107 - Adding [jndiProperties] PropertySource with lowest search precedence
16:36:23,480 DEBUG StandardServletEnvironment:107 - Adding [systemProperties] PropertySource with lowest search precedence
16:36:23,480 DEBUG StandardServletEnvironment:107 - Adding [systemEnvironment] PropertySource with lowest search precedence
16:36:23,480 DEBUG StandardServletEnvironment:116 - Initialized StandardServletEnvironment with PropertySources [servletConfigInitParams,servletContextInitParams,jndiProperties,systemProperties,systemEnvironment]
16:36:23,480  INFO MockServletContext:382 - Initializing Spring FrameworkServlet ''
16:36:23,480  INFO TestDispatcherServlet:453 - FrameworkServlet '': initialization started
16:36:23,480 DEBUG TestDispatcherServlet:467 - Unable to locate MultipartResolver with name 'multipartResolver': no multipart request handling provided
16:36:23,480 DEBUG DefaultListableBeanFactory:435 - Creating instance of bean 'org.springframework.web.servlet.i18n.AcceptHeaderLocaleResolver'
16:36:23,480 DEBUG DefaultListableBeanFactory:463 - Finished creating instance of bean 'org.springframework.web.servlet.i18n.AcceptHeaderLocaleResolver'
16:36:23,480 DEBUG TestDispatcherServlet:489 - Unable to locate LocaleResolver with name 'localeResolver': using default [org.springframework.web.servlet.i18n.AcceptHeaderLocaleResolver@13654b9]
16:36:23,480 DEBUG DefaultListableBeanFactory:435 - Creating instance of bean 'org.springframework.web.servlet.theme.FixedThemeResolver'
16:36:23,480 DEBUG DefaultListableBeanFactory:463 - Finished creating instance of bean 'org.springframework.web.servlet.theme.FixedThemeResolver'
16:36:23,480 DEBUG TestDispatcherServlet:511 - Unable to locate ThemeResolver with name 'themeResolver': using default [org.springframework.web.servlet.theme.FixedThemeResolver@1f47ad4]
16:36:23,480 DEBUG DefaultListableBeanFactory:435 - Creating instance of bean 'org.springframework.web.servlet.handler.BeanNameUrlHandlerMapping'
16:36:23,496 DEBUG BeanNameUrlHandlerMapping:71 - Looking for URL mappings in application context: org.springframework.web.context.support.GenericWebApplicationContext@a4daa3: startup date [Mon Mar 17 16:36:18 EST 2014]; root of context hierarchy
16:36:23,496 DEBUG BeanNameUrlHandlerMapping:86 - Rejected bean name 'appConfig': no URL paths identified
16:36:23,496 DEBUG BeanNameUrlHandlerMapping:86 - Rejected bean name 'portfolioController': no URL paths identified
16:36:23,496 DEBUG BeanNameUrlHandlerMapping:86 - Rejected bean name 'contactMeDao': no URL paths identified
16:36:23,496 DEBUG BeanNameUrlHandlerMapping:86 - Rejected bean name 'portfolioDao': no URL paths identified
16:36:23,496 DEBUG BeanNameUrlHandlerMapping:86 - Rejected bean name 'mailService': no URL paths identified
16:36:23,496 DEBUG BeanNameUrlHandlerMapping:86 - Rejected bean name 'contactMeSvcImpl': no URL paths identified
16:36:23,496 DEBUG BeanNameUrlHandlerMapping:86 - Rejected bean name 'portfolioSvcImpl': no URL paths identified
16:36:23,496 DEBUG BeanNameUrlHandlerMapping:86 - Rejected bean name 'jsonUtils': no URL paths identified
16:36:23,496 DEBUG BeanNameUrlHandlerMapping:86 - Rejected bean name 'org.springframework.context.annotation.internalConfigurationAnnotationProcessor': no URL paths identified
16:36:23,496 DEBUG BeanNameUrlHandlerMapping:86 - Rejected bean name 'org.springframework.context.annotation.internalAutowiredAnnotationProcessor': no URL paths identified
16:36:23,496 DEBUG BeanNameUrlHandlerMapping:86 - Rejected bean name 'org.springframework.context.annotation.internalRequiredAnnotationProcessor': no URL paths identified
16:36:23,496 DEBUG BeanNameUrlHandlerMapping:86 - Rejected bean name 'org.springframework.context.annotation.internalCommonAnnotationProcessor': no URL paths identified
16:36:23,496 DEBUG BeanNameUrlHandlerMapping:86 - Rejected bean name 'org.springframework.aop.config.internalAutoProxyCreator': no URL paths identified
16:36:23,496 DEBUG BeanNameUrlHandlerMapping:86 - Rejected bean name 'mongo': no URL paths identified
16:36:23,496 DEBUG BeanNameUrlHandlerMapping:86 - Rejected bean name 'org.springframework.beans.factory.config.CustomEditorConfigurer#0': no URL paths identified
16:36:23,496 DEBUG BeanNameUrlHandlerMapping:86 - Rejected bean name 'org.springframework.beans.factory.config.CustomEditorConfigurer#1': no URL paths identified
16:36:23,496 DEBUG BeanNameUrlHandlerMapping:86 - Rejected bean name 'org.springframework.beans.factory.config.CustomEditorConfigurer#2': no URL paths identified
16:36:23,496 DEBUG BeanNameUrlHandlerMapping:86 - Rejected bean name 'mongoDbFactory': no URL paths identified
16:36:23,496 DEBUG BeanNameUrlHandlerMapping:86 - Rejected bean name 'mongoTemplate': no URL paths identified
16:36:23,496 DEBUG BeanNameUrlHandlerMapping:86 - Rejected bean name 'org.springframework.web.servlet.view.InternalResourceViewResolver#0': no URL paths identified
16:36:23,496 DEBUG BeanNameUrlHandlerMapping:86 - Rejected bean name 'logAspect': no URL paths identified
16:36:23,496 DEBUG BeanNameUrlHandlerMapping:86 - Rejected bean name 'mapper': no URL paths identified
16:36:23,496 DEBUG BeanNameUrlHandlerMapping:86 - Rejected bean name 'mailSender': no URL paths identified
16:36:23,496 DEBUG BeanNameUrlHandlerMapping:86 - Rejected bean name 'preConfiguredMessage': no URL paths identified
16:36:23,496 DEBUG BeanNameUrlHandlerMapping:86 - Rejected bean name 'org.springframework.context.annotation.ConfigurationClassPostProcessor.importAwareProcessor': no URL paths identified
16:36:23,496 DEBUG BeanNameUrlHandlerMapping:86 - Rejected bean name 'environment': no URL paths identified
16:36:23,496 DEBUG BeanNameUrlHandlerMapping:86 - Rejected bean name 'systemProperties': no URL paths identified
16:36:23,496 DEBUG BeanNameUrlHandlerMapping:86 - Rejected bean name 'systemEnvironment': no URL paths identified
16:36:23,496 DEBUG BeanNameUrlHandlerMapping:86 - Rejected bean name 'servletContext': no URL paths identified
16:36:23,496 DEBUG BeanNameUrlHandlerMapping:86 - Rejected bean name 'contextParameters': no URL paths identified
16:36:23,496 DEBUG BeanNameUrlHandlerMapping:86 - Rejected bean name 'contextAttributes': no URL paths identified
16:36:23,496 DEBUG BeanNameUrlHandlerMapping:86 - Rejected bean name 'org.springframework.context.annotation.ConfigurationClassPostProcessor.importRegistry': no URL paths identified
16:36:23,496 DEBUG BeanNameUrlHandlerMapping:86 - Rejected bean name 'messageSource': no URL paths identified
16:36:23,496 DEBUG BeanNameUrlHandlerMapping:86 - Rejected bean name 'applicationEventMulticaster': no URL paths identified
16:36:23,496 DEBUG BeanNameUrlHandlerMapping:86 - Rejected bean name 'lifecycleProcessor': no URL paths identified
16:36:23,496 DEBUG DefaultListableBeanFactory:463 - Finished creating instance of bean 'org.springframework.web.servlet.handler.BeanNameUrlHandlerMapping'
16:36:23,496 DEBUG DefaultListableBeanFactory:435 - Creating instance of bean 'org.springframework.web.servlet.mvc.annotation.DefaultAnnotationHandlerMapping'
16:36:23,496 DEBUG DefaultAnnotationHandlerMapping:71 - Looking for URL mappings in application context: org.springframework.web.context.support.GenericWebApplicationContext@a4daa3: startup date [Mon Mar 17 16:36:18 EST 2014]; root of context hierarchy
16:36:23,496 DEBUG DefaultAnnotationHandlerMapping:86 - Rejected bean name 'appConfig': no URL paths identified
16:36:23,496 DEBUG DefaultListableBeanFactory:246 - Returning cached instance of singleton bean 'portfolioController'
16:36:23,496  INFO DefaultAnnotationHandlerMapping:315 - Mapped URL path [/contact/{pUserId}] onto handler 'portfolioController'
16:36:23,496 DEBUG DefaultListableBeanFactory:246 - Returning cached instance of singleton bean 'portfolioController'
16:36:23,496  INFO DefaultAnnotationHandlerMapping:315 - Mapped URL path [/contact/{pUserId}.*] onto handler 'portfolioController'
16:36:23,496 DEBUG DefaultListableBeanFactory:246 - Returning cached instance of singleton bean 'portfolioController'
16:36:23,496  INFO DefaultAnnotationHandlerMapping:315 - Mapped URL path [/contact/{pUserId}/] onto handler 'portfolioController'
16:36:23,496 DEBUG DefaultListableBeanFactory:246 - Returning cached instance of singleton bean 'portfolioController'
16:36:23,496  INFO DefaultAnnotationHandlerMapping:315 - Mapped URL path [/download/{pUserId}] onto handler 'portfolioController'
16:36:23,496 DEBUG DefaultListableBeanFactory:246 - Returning cached instance of singleton bean 'portfolioController'
16:36:23,496  INFO DefaultAnnotationHandlerMapping:315 - Mapped URL path [/download/{pUserId}.*] onto handler 'portfolioController'
16:36:23,496 DEBUG DefaultListableBeanFactory:246 - Returning cached instance of singleton bean 'portfolioController'
16:36:23,496  INFO DefaultAnnotationHandlerMapping:315 - Mapped URL path [/download/{pUserId}/] onto handler 'portfolioController'
16:36:23,496 DEBUG DefaultListableBeanFactory:246 - Returning cached instance of singleton bean 'portfolioController'
16:36:23,496  INFO DefaultAnnotationHandlerMapping:315 - Mapped URL path [/portfolio/{pUserId}] onto handler 'portfolioController'
16:36:23,496 DEBUG DefaultListableBeanFactory:246 - Returning cached instance of singleton bean 'portfolioController'
16:36:23,496  INFO DefaultAnnotationHandlerMapping:315 - Mapped URL path [/portfolio/{pUserId}.*] onto handler 'portfolioController'
16:36:23,496 DEBUG DefaultListableBeanFactory:246 - Returning cached instance of singleton bean 'portfolioController'
16:36:23,496  INFO DefaultAnnotationHandlerMapping:315 - Mapped URL path [/portfolio/{pUserId}/] onto handler 'portfolioController'
16:36:23,496 DEBUG DefaultAnnotationHandlerMapping:86 - Rejected bean name 'contactMeDao': no URL paths identified
16:36:23,496 DEBUG DefaultAnnotationHandlerMapping:86 - Rejected bean name 'portfolioDao': no URL paths identified
16:36:23,496 DEBUG DefaultAnnotationHandlerMapping:86 - Rejected bean name 'mailService': no URL paths identified
16:36:23,512 DEBUG DefaultAnnotationHandlerMapping:86 - Rejected bean name 'contactMeSvcImpl': no URL paths identified
16:36:23,512 DEBUG DefaultAnnotationHandlerMapping:86 - Rejected bean name 'portfolioSvcImpl': no URL paths identified
16:36:23,512 DEBUG DefaultAnnotationHandlerMapping:86 - Rejected bean name 'jsonUtils': no URL paths identified
16:36:23,512 DEBUG DefaultAnnotationHandlerMapping:86 - Rejected bean name 'org.springframework.context.annotation.internalConfigurationAnnotationProcessor': no URL paths identified
16:36:23,512 DEBUG DefaultAnnotationHandlerMapping:86 - Rejected bean name 'org.springframework.context.annotation.internalAutowiredAnnotationProcessor': no URL paths identified
16:36:23,512 DEBUG DefaultAnnotationHandlerMapping:86 - Rejected bean name 'org.springframework.context.annotation.internalRequiredAnnotationProcessor': no URL paths identified
16:36:23,512 DEBUG DefaultAnnotationHandlerMapping:86 - Rejected bean name 'org.springframework.context.annotation.internalCommonAnnotationProcessor': no URL paths identified
16:36:23,512 DEBUG DefaultAnnotationHandlerMapping:86 - Rejected bean name 'org.springframework.aop.config.internalAutoProxyCreator': no URL paths identified
16:36:23,512 DEBUG DefaultAnnotationHandlerMapping:86 - Rejected bean name 'mongo': no URL paths identified
16:36:23,512 DEBUG DefaultAnnotationHandlerMapping:86 - Rejected bean name 'org.springframework.beans.factory.config.CustomEditorConfigurer#0': no URL paths identified
16:36:23,512 DEBUG DefaultAnnotationHandlerMapping:86 - Rejected bean name 'org.springframework.beans.factory.config.CustomEditorConfigurer#1': no URL paths identified
16:36:23,512 DEBUG DefaultAnnotationHandlerMapping:86 - Rejected bean name 'org.springframework.beans.factory.config.CustomEditorConfigurer#2': no URL paths identified
16:36:23,512 DEBUG DefaultAnnotationHandlerMapping:86 - Rejected bean name 'mongoDbFactory': no URL paths identified
16:36:23,512 DEBUG DefaultAnnotationHandlerMapping:86 - Rejected bean name 'mongoTemplate': no URL paths identified
16:36:23,512 DEBUG DefaultAnnotationHandlerMapping:86 - Rejected bean name 'org.springframework.web.servlet.view.InternalResourceViewResolver#0': no URL paths identified
16:36:23,512 DEBUG DefaultAnnotationHandlerMapping:86 - Rejected bean name 'logAspect': no URL paths identified
16:36:23,512 DEBUG DefaultAnnotationHandlerMapping:86 - Rejected bean name 'mapper': no URL paths identified
16:36:23,512 DEBUG DefaultAnnotationHandlerMapping:86 - Rejected bean name 'mailSender': no URL paths identified
16:36:23,512 DEBUG DefaultAnnotationHandlerMapping:86 - Rejected bean name 'preConfiguredMessage': no URL paths identified
16:36:23,512 DEBUG DefaultAnnotationHandlerMapping:86 - Rejected bean name 'org.springframework.context.annotation.ConfigurationClassPostProcessor.importAwareProcessor': no URL paths identified
16:36:23,512 DEBUG DefaultAnnotationHandlerMapping:86 - Rejected bean name 'environment': no URL paths identified
16:36:23,512 DEBUG DefaultAnnotationHandlerMapping:86 - Rejected bean name 'systemProperties': no URL paths identified
16:36:23,512 DEBUG DefaultAnnotationHandlerMapping:86 - Rejected bean name 'systemEnvironment': no URL paths identified
16:36:23,512 DEBUG DefaultAnnotationHandlerMapping:86 - Rejected bean name 'servletContext': no URL paths identified
16:36:23,512 DEBUG DefaultAnnotationHandlerMapping:86 - Rejected bean name 'contextParameters': no URL paths identified
16:36:23,512 DEBUG DefaultAnnotationHandlerMapping:86 - Rejected bean name 'contextAttributes': no URL paths identified
16:36:23,512 DEBUG DefaultAnnotationHandlerMapping:86 - Rejected bean name 'org.springframework.context.annotation.ConfigurationClassPostProcessor.importRegistry': no URL paths identified
16:36:23,512 DEBUG DefaultAnnotationHandlerMapping:86 - Rejected bean name 'messageSource': no URL paths identified
16:36:23,512 DEBUG DefaultAnnotationHandlerMapping:86 - Rejected bean name 'applicationEventMulticaster': no URL paths identified
16:36:23,512 DEBUG DefaultAnnotationHandlerMapping:86 - Rejected bean name 'lifecycleProcessor': no URL paths identified
16:36:23,512 DEBUG DefaultListableBeanFactory:463 - Finished creating instance of bean 'org.springframework.web.servlet.mvc.annotation.DefaultAnnotationHandlerMapping'
16:36:23,512 DEBUG TestDispatcherServlet:551 - No HandlerMappings found in servlet '': using default
16:36:23,512 DEBUG DefaultListableBeanFactory:435 - Creating instance of bean 'org.springframework.web.servlet.mvc.HttpRequestHandlerAdapter'
16:36:23,512 DEBUG DefaultListableBeanFactory:463 - Finished creating instance of bean 'org.springframework.web.servlet.mvc.HttpRequestHandlerAdapter'
16:36:23,512 DEBUG DefaultListableBeanFactory:435 - Creating instance of bean 'org.springframework.web.servlet.mvc.SimpleControllerHandlerAdapter'
16:36:23,512 DEBUG DefaultListableBeanFactory:463 - Finished creating instance of bean 'org.springframework.web.servlet.mvc.SimpleControllerHandlerAdapter'
16:36:23,512 DEBUG DefaultListableBeanFactory:435 - Creating instance of bean 'org.springframework.web.servlet.mvc.annotation.AnnotationMethodHandlerAdapter'
16:36:23,512 DEBUG DefaultListableBeanFactory:463 - Finished creating instance of bean 'org.springframework.web.servlet.mvc.annotation.AnnotationMethodHandlerAdapter'
16:36:23,512 DEBUG TestDispatcherServlet:589 - No HandlerAdapters found in servlet '': using default
16:36:23,512 DEBUG DefaultListableBeanFactory:435 - Creating instance of bean 'org.springframework.web.servlet.mvc.annotation.AnnotationMethodHandlerExceptionResolver'
16:36:23,543 DEBUG DefaultListableBeanFactory:463 - Finished creating instance of bean 'org.springframework.web.servlet.mvc.annotation.AnnotationMethodHandlerExceptionResolver'
16:36:23,543 DEBUG DefaultListableBeanFactory:435 - Creating instance of bean 'org.springframework.web.servlet.mvc.annotation.ResponseStatusExceptionResolver'
16:36:23,543 DEBUG DefaultListableBeanFactory:463 - Finished creating instance of bean 'org.springframework.web.servlet.mvc.annotation.ResponseStatusExceptionResolver'
16:36:23,543 DEBUG DefaultListableBeanFactory:435 - Creating instance of bean 'org.springframework.web.servlet.mvc.support.DefaultHandlerExceptionResolver'
16:36:23,543 DEBUG DefaultListableBeanFactory:463 - Finished creating instance of bean 'org.springframework.web.servlet.mvc.support.DefaultHandlerExceptionResolver'
16:36:23,543 DEBUG TestDispatcherServlet:628 - No HandlerExceptionResolvers found in servlet '': using default
16:36:23,543 DEBUG DefaultListableBeanFactory:435 - Creating instance of bean 'org.springframework.web.servlet.view.DefaultRequestToViewNameTranslator'
16:36:23,543 DEBUG DefaultListableBeanFactory:463 - Finished creating instance of bean 'org.springframework.web.servlet.view.DefaultRequestToViewNameTranslator'
16:36:23,543 DEBUG TestDispatcherServlet:649 - Unable to locate RequestToViewNameTranslator with name 'viewNameTranslator': using default [org.springframework.web.servlet.view.DefaultRequestToViewNameTranslator@d6a33f]
16:36:23,543 DEBUG DefaultListableBeanFactory:246 - Returning cached instance of singleton bean 'org.springframework.web.servlet.view.InternalResourceViewResolver#0'
16:36:23,543 DEBUG DefaultListableBeanFactory:435 - Creating instance of bean 'org.springframework.web.servlet.support.SessionFlashMapManager'
16:36:23,543 DEBUG DefaultListableBeanFactory:463 - Finished creating instance of bean 'org.springframework.web.servlet.support.SessionFlashMapManager'
16:36:23,543 DEBUG TestDispatcherServlet:711 - Unable to locate FlashMapManager with name 'flashMapManager': using default [org.springframework.web.servlet.support.SessionFlashMapManager@177afca]
16:36:23,543 DEBUG TestDispatcherServlet:532 - Published WebApplicationContext of servlet '' as ServletContext attribute with name [org.springframework.web.servlet.FrameworkServlet.CONTEXT.]
16:36:23,543  INFO TestDispatcherServlet:472 - FrameworkServlet '': initialization completed in 63 ms
16:36:23,543 DEBUG TestDispatcherServlet:141 - Servlet '' configured successfully
16:36:23,559 DEBUG TestDispatcherServlet:823 - DispatcherServlet with name '' processing GET request for [/testimonial]
16:36:23,559  WARN PageNotFound:1108 - No mapping found for HTTP request with URI [/testimonial] in DispatcherServlet with name ''
16:36:23,559 DEBUG TestDispatcherServlet:946 - Successfully completed request
16:36:23,559 DEBUG DirtiesContextTestExecutionListener:85 - After test method: context [[TestContext@cfdc01 testClass = AppTests, testInstance = com.portfolio.AppTests@5d7a82, testMethod = testimonial@AppTests, testException = java.lang.AssertionError: Status expected:<200> but was:<404>, mergedContextConfiguration = [WebMergedContextConfiguration@1879b testClass = AppTests, locations = '{file:src/main/webapp/WEB-INF/mvc-dispatcher-servlet.xml}', classes = '{}', contextInitializerClasses = '[]', activeProfiles = '{}', resourceBasePath = 'src/main/webapp', contextLoader = 'org.springframework.test.context.web.WebDelegatingSmartContextLoader']]], class dirties context [false], class mode [null], method dirties context [false].
16:36:23,559 DEBUG ServletTestExecutionListener:96 - Resetting RequestContextHolder for test context [TestContext@cfdc01 testClass = AppTests, testInstance = com.portfolio.AppTests@5d7a82, testMethod = testimonial@AppTests, testException = java.lang.AssertionError: Status expected:<200> but was:<404>, mergedContextConfiguration = [WebMergedContextConfiguration@1879b testClass = AppTests, locations = '{file:src/main/webapp/WEB-INF/mvc-dispatcher-servlet.xml}', classes = '{}', contextInitializerClasses = '[]', activeProfiles = '{}', resourceBasePath = 'src/main/webapp', contextLoader = 'org.springframework.test.context.web.WebDelegatingSmartContextLoader']].
]]></system-out>
  </testcase>
  <testcase name="index" classname="com.portfolio.AppTests" time="0.031">
    <failure message="Status expected:&lt;200&gt; but was:&lt;404&gt;" type="java.lang.AssertionError"><![CDATA[java.lang.AssertionError: Status expected:<200> but was:<404>
	at org.springframework.test.util.AssertionErrors.fail(AssertionErrors.java:60)
	at org.springframework.test.util.AssertionErrors.assertEquals(AssertionErrors.java:89)
	at org.springframework.test.web.servlet.result.StatusResultMatchers$5.match(StatusResultMatchers.java:546)
	at org.springframework.test.web.servlet.MockMvc$1.andExpect(MockMvc.java:141)
	at com.portfolio.AppTests.index(AppTests.java:13)
]]></failure>
    <system-out><![CDATA[16:36:23,559 DEBUG ProfileValueUtils:68 - Retrieved @ProfileValueSourceConfiguration [null] for test class [com.portfolio.AppTests]
16:36:23,559 DEBUG ProfileValueUtils:80 - Retrieved ProfileValueSource type [class org.springframework.test.annotation.SystemProfileValueSource] for class [com.portfolio.AppTests]
16:36:23,559 DEBUG TestContext:162 - Retrieved ApplicationContext for test class [class com.portfolio.AppTests] from cache with key [[WebMergedContextConfiguration@1879b testClass = AppTests, locations = '{file:src/main/webapp/WEB-INF/mvc-dispatcher-servlet.xml}', classes = '{}', contextInitializerClasses = '[]', activeProfiles = '{}', resourceBasePath = 'src/main/webapp', contextLoader = 'org.springframework.test.context.web.WebDelegatingSmartContextLoader']].
16:36:23,559 DEBUG ServletTestExecutionListener:115 - Setting up MockHttpServletRequest, MockHttpServletResponse, ServletWebRequest, and RequestContextHolder for test context [TestContext@cfdc01 testClass = AppTests, testInstance = com.portfolio.AppTests@b63513, testMethod = [null], testException = [null], mergedContextConfiguration = [WebMergedContextConfiguration@1879b testClass = AppTests, locations = '{file:src/main/webapp/WEB-INF/mvc-dispatcher-servlet.xml}', classes = '{}', contextInitializerClasses = '[]', activeProfiles = '{}', resourceBasePath = 'src/main/webapp', contextLoader = 'org.springframework.test.context.web.WebDelegatingSmartContextLoader']].
16:36:23,559 DEBUG DependencyInjectionTestExecutionListener:73 - Performing dependency injection for test context [[TestContext@cfdc01 testClass = AppTests, testInstance = com.portfolio.AppTests@b63513, testMethod = [null], testException = [null], mergedContextConfiguration = [WebMergedContextConfiguration@1879b testClass = AppTests, locations = '{file:src/main/webapp/WEB-INF/mvc-dispatcher-servlet.xml}', classes = '{}', contextInitializerClasses = '[]', activeProfiles = '{}', resourceBasePath = 'src/main/webapp', contextLoader = 'org.springframework.test.context.web.WebDelegatingSmartContextLoader']]].
16:36:23,559 DEBUG TestContext:162 - Retrieved ApplicationContext for test class [class com.portfolio.AppTests] from cache with key [[WebMergedContextConfiguration@1879b testClass = AppTests, locations = '{file:src/main/webapp/WEB-INF/mvc-dispatcher-servlet.xml}', classes = '{}', contextInitializerClasses = '[]', activeProfiles = '{}', resourceBasePath = 'src/main/webapp', contextLoader = 'org.springframework.test.context.web.WebDelegatingSmartContextLoader']].
16:36:23,559 DEBUG InjectionMetadata:85 - Processing injected method of bean 'com.portfolio.AppTests': AutowiredFieldElement for protected org.springframework.web.context.WebApplicationContext com.portfolio.SpringTest.wac
16:36:23,559 DEBUG AnnotationAwareAspectJAutoProxyCreator:534 - Creating implicit proxy for bean 'com.portfolio.AppTests' with 0 common interceptors and 3 specific interceptors
16:36:23,559 DEBUG CglibAopProxy:155 - Creating CGLIB proxy: target source is SingletonTargetSource for target object [com.portfolio.AppTests@b63513]
16:36:23,559 DEBUG TestContext:162 - Retrieved ApplicationContext for test class [class com.portfolio.AppTests] from cache with key [[WebMergedContextConfiguration@1879b testClass = AppTests, locations = '{file:src/main/webapp/WEB-INF/mvc-dispatcher-servlet.xml}', classes = '{}', contextInitializerClasses = '[]', activeProfiles = '{}', resourceBasePath = 'src/main/webapp', contextLoader = 'org.springframework.test.context.web.WebDelegatingSmartContextLoader']].
16:36:23,559 DEBUG ServletTestExecutionListener:115 - Setting up MockHttpServletRequest, MockHttpServletResponse, ServletWebRequest, and RequestContextHolder for test context [TestContext@cfdc01 testClass = AppTests, testInstance = com.portfolio.AppTests@b63513, testMethod = index@AppTests, testException = [null], mergedContextConfiguration = [WebMergedContextConfiguration@1879b testClass = AppTests, locations = '{file:src/main/webapp/WEB-INF/mvc-dispatcher-servlet.xml}', classes = '{}', contextInitializerClasses = '[]', activeProfiles = '{}', resourceBasePath = 'src/main/webapp', contextLoader = 'org.springframework.test.context.web.WebDelegatingSmartContextLoader']].
16:36:23,559 DEBUG TestDispatcherServlet:120 - Initializing servlet ''
16:36:23,559 DEBUG StandardServletEnvironment:112 - Initializing new StandardServletEnvironment
16:36:23,559 DEBUG StandardServletEnvironment:107 - Adding [servletConfigInitParams] PropertySource with lowest search precedence
16:36:23,559 DEBUG StandardServletEnvironment:107 - Adding [servletContextInitParams] PropertySource with lowest search precedence
16:36:23,559 DEBUG StandardServletEnvironment:107 - Adding [jndiProperties] PropertySource with lowest search precedence
16:36:23,559 DEBUG StandardServletEnvironment:107 - Adding [systemProperties] PropertySource with lowest search precedence
16:36:23,559 DEBUG StandardServletEnvironment:107 - Adding [systemEnvironment] PropertySource with lowest search precedence
16:36:23,559 DEBUG StandardServletEnvironment:116 - Initialized StandardServletEnvironment with PropertySources [servletConfigInitParams,servletContextInitParams,jndiProperties,systemProperties,systemEnvironment]
16:36:23,559  INFO MockServletContext:382 - Initializing Spring FrameworkServlet ''
16:36:23,559  INFO TestDispatcherServlet:453 - FrameworkServlet '': initialization started
16:36:23,559 DEBUG TestDispatcherServlet:467 - Unable to locate MultipartResolver with name 'multipartResolver': no multipart request handling provided
16:36:23,559 DEBUG DefaultListableBeanFactory:435 - Creating instance of bean 'org.springframework.web.servlet.i18n.AcceptHeaderLocaleResolver'
16:36:23,559 DEBUG DefaultListableBeanFactory:463 - Finished creating instance of bean 'org.springframework.web.servlet.i18n.AcceptHeaderLocaleResolver'
16:36:23,559 DEBUG TestDispatcherServlet:489 - Unable to locate LocaleResolver with name 'localeResolver': using default [org.springframework.web.servlet.i18n.AcceptHeaderLocaleResolver@1bdcb36]
16:36:23,559 DEBUG DefaultListableBeanFactory:435 - Creating instance of bean 'org.springframework.web.servlet.theme.FixedThemeResolver'
16:36:23,559 DEBUG DefaultListableBeanFactory:463 - Finished creating instance of bean 'org.springframework.web.servlet.theme.FixedThemeResolver'
16:36:23,559 DEBUG TestDispatcherServlet:511 - Unable to locate ThemeResolver with name 'themeResolver': using default [org.springframework.web.servlet.theme.FixedThemeResolver@1685995]
16:36:23,559 DEBUG DefaultListableBeanFactory:435 - Creating instance of bean 'org.springframework.web.servlet.handler.BeanNameUrlHandlerMapping'
16:36:23,559 DEBUG BeanNameUrlHandlerMapping:71 - Looking for URL mappings in application context: org.springframework.web.context.support.GenericWebApplicationContext@a4daa3: startup date [Mon Mar 17 16:36:18 EST 2014]; root of context hierarchy
16:36:23,559 DEBUG BeanNameUrlHandlerMapping:86 - Rejected bean name 'appConfig': no URL paths identified
16:36:23,559 DEBUG BeanNameUrlHandlerMapping:86 - Rejected bean name 'portfolioController': no URL paths identified
16:36:23,559 DEBUG BeanNameUrlHandlerMapping:86 - Rejected bean name 'contactMeDao': no URL paths identified
16:36:23,559 DEBUG BeanNameUrlHandlerMapping:86 - Rejected bean name 'portfolioDao': no URL paths identified
16:36:23,559 DEBUG BeanNameUrlHandlerMapping:86 - Rejected bean name 'mailService': no URL paths identified
16:36:23,559 DEBUG BeanNameUrlHandlerMapping:86 - Rejected bean name 'contactMeSvcImpl': no URL paths identified
16:36:23,559 DEBUG BeanNameUrlHandlerMapping:86 - Rejected bean name 'portfolioSvcImpl': no URL paths identified
16:36:23,559 DEBUG BeanNameUrlHandlerMapping:86 - Rejected bean name 'jsonUtils': no URL paths identified
16:36:23,559 DEBUG BeanNameUrlHandlerMapping:86 - Rejected bean name 'org.springframework.context.annotation.internalConfigurationAnnotationProcessor': no URL paths identified
16:36:23,559 DEBUG BeanNameUrlHandlerMapping:86 - Rejected bean name 'org.springframework.context.annotation.internalAutowiredAnnotationProcessor': no URL paths identified
16:36:23,559 DEBUG BeanNameUrlHandlerMapping:86 - Rejected bean name 'org.springframework.context.annotation.internalRequiredAnnotationProcessor': no URL paths identified
16:36:23,559 DEBUG BeanNameUrlHandlerMapping:86 - Rejected bean name 'org.springframework.context.annotation.internalCommonAnnotationProcessor': no URL paths identified
16:36:23,559 DEBUG BeanNameUrlHandlerMapping:86 - Rejected bean name 'org.springframework.aop.config.internalAutoProxyCreator': no URL paths identified
16:36:23,559 DEBUG BeanNameUrlHandlerMapping:86 - Rejected bean name 'mongo': no URL paths identified
16:36:23,559 DEBUG BeanNameUrlHandlerMapping:86 - Rejected bean name 'org.springframework.beans.factory.config.CustomEditorConfigurer#0': no URL paths identified
16:36:23,559 DEBUG BeanNameUrlHandlerMapping:86 - Rejected bean name 'org.springframework.beans.factory.config.CustomEditorConfigurer#1': no URL paths identified
16:36:23,559 DEBUG BeanNameUrlHandlerMapping:86 - Rejected bean name 'org.springframework.beans.factory.config.CustomEditorConfigurer#2': no URL paths identified
16:36:23,559 DEBUG BeanNameUrlHandlerMapping:86 - Rejected bean name 'mongoDbFactory': no URL paths identified
16:36:23,559 DEBUG BeanNameUrlHandlerMapping:86 - Rejected bean name 'mongoTemplate': no URL paths identified
16:36:23,559 DEBUG BeanNameUrlHandlerMapping:86 - Rejected bean name 'org.springframework.web.servlet.view.InternalResourceViewResolver#0': no URL paths identified
16:36:23,559 DEBUG BeanNameUrlHandlerMapping:86 - Rejected bean name 'logAspect': no URL paths identified
16:36:23,559 DEBUG BeanNameUrlHandlerMapping:86 - Rejected bean name 'mapper': no URL paths identified
16:36:23,559 DEBUG BeanNameUrlHandlerMapping:86 - Rejected bean name 'mailSender': no URL paths identified
16:36:23,559 DEBUG BeanNameUrlHandlerMapping:86 - Rejected bean name 'preConfiguredMessage': no URL paths identified
16:36:23,559 DEBUG BeanNameUrlHandlerMapping:86 - Rejected bean name 'org.springframework.context.annotation.ConfigurationClassPostProcessor.importAwareProcessor': no URL paths identified
16:36:23,559 DEBUG BeanNameUrlHandlerMapping:86 - Rejected bean name 'environment': no URL paths identified
16:36:23,559 DEBUG BeanNameUrlHandlerMapping:86 - Rejected bean name 'systemProperties': no URL paths identified
16:36:23,559 DEBUG BeanNameUrlHandlerMapping:86 - Rejected bean name 'systemEnvironment': no URL paths identified
16:36:23,559 DEBUG BeanNameUrlHandlerMapping:86 - Rejected bean name 'servletContext': no URL paths identified
16:36:23,559 DEBUG BeanNameUrlHandlerMapping:86 - Rejected bean name 'contextParameters': no URL paths identified
16:36:23,559 DEBUG BeanNameUrlHandlerMapping:86 - Rejected bean name 'contextAttributes': no URL paths identified
16:36:23,559 DEBUG BeanNameUrlHandlerMapping:86 - Rejected bean name 'org.springframework.context.annotation.ConfigurationClassPostProcessor.importRegistry': no URL paths identified
16:36:23,559 DEBUG BeanNameUrlHandlerMapping:86 - Rejected bean name 'messageSource': no URL paths identified
16:36:23,559 DEBUG BeanNameUrlHandlerMapping:86 - Rejected bean name 'applicationEventMulticaster': no URL paths identified
16:36:23,559 DEBUG BeanNameUrlHandlerMapping:86 - Rejected bean name 'lifecycleProcessor': no URL paths identified
16:36:23,559 DEBUG DefaultListableBeanFactory:463 - Finished creating instance of bean 'org.springframework.web.servlet.handler.BeanNameUrlHandlerMapping'
16:36:23,559 DEBUG DefaultListableBeanFactory:435 - Creating instance of bean 'org.springframework.web.servlet.mvc.annotation.DefaultAnnotationHandlerMapping'
16:36:23,559 DEBUG DefaultAnnotationHandlerMapping:71 - Looking for URL mappings in application context: org.springframework.web.context.support.GenericWebApplicationContext@a4daa3: startup date [Mon Mar 17 16:36:18 EST 2014]; root of context hierarchy
16:36:23,559 DEBUG DefaultAnnotationHandlerMapping:86 - Rejected bean name 'appConfig': no URL paths identified
16:36:23,574 DEBUG DefaultListableBeanFactory:246 - Returning cached instance of singleton bean 'portfolioController'
16:36:23,574  INFO DefaultAnnotationHandlerMapping:315 - Mapped URL path [/contact/{pUserId}] onto handler 'portfolioController'
16:36:23,574 DEBUG DefaultListableBeanFactory:246 - Returning cached instance of singleton bean 'portfolioController'
16:36:23,574  INFO DefaultAnnotationHandlerMapping:315 - Mapped URL path [/contact/{pUserId}.*] onto handler 'portfolioController'
16:36:23,574 DEBUG DefaultListableBeanFactory:246 - Returning cached instance of singleton bean 'portfolioController'
16:36:23,574  INFO DefaultAnnotationHandlerMapping:315 - Mapped URL path [/contact/{pUserId}/] onto handler 'portfolioController'
16:36:23,574 DEBUG DefaultListableBeanFactory:246 - Returning cached instance of singleton bean 'portfolioController'
16:36:23,574  INFO DefaultAnnotationHandlerMapping:315 - Mapped URL path [/download/{pUserId}] onto handler 'portfolioController'
16:36:23,574 DEBUG DefaultListableBeanFactory:246 - Returning cached instance of singleton bean 'portfolioController'
16:36:23,574  INFO DefaultAnnotationHandlerMapping:315 - Mapped URL path [/download/{pUserId}.*] onto handler 'portfolioController'
16:36:23,574 DEBUG DefaultListableBeanFactory:246 - Returning cached instance of singleton bean 'portfolioController'
16:36:23,574  INFO DefaultAnnotationHandlerMapping:315 - Mapped URL path [/download/{pUserId}/] onto handler 'portfolioController'
16:36:23,574 DEBUG DefaultListableBeanFactory:246 - Returning cached instance of singleton bean 'portfolioController'
16:36:23,574  INFO DefaultAnnotationHandlerMapping:315 - Mapped URL path [/portfolio/{pUserId}] onto handler 'portfolioController'
16:36:23,574 DEBUG DefaultListableBeanFactory:246 - Returning cached instance of singleton bean 'portfolioController'
16:36:23,574  INFO DefaultAnnotationHandlerMapping:315 - Mapped URL path [/portfolio/{pUserId}.*] onto handler 'portfolioController'
16:36:23,574 DEBUG DefaultListableBeanFactory:246 - Returning cached instance of singleton bean 'portfolioController'
16:36:23,574  INFO DefaultAnnotationHandlerMapping:315 - Mapped URL path [/portfolio/{pUserId}/] onto handler 'portfolioController'
16:36:23,574 DEBUG DefaultAnnotationHandlerMapping:86 - Rejected bean name 'contactMeDao': no URL paths identified
16:36:23,574 DEBUG DefaultAnnotationHandlerMapping:86 - Rejected bean name 'portfolioDao': no URL paths identified
16:36:23,574 DEBUG DefaultAnnotationHandlerMapping:86 - Rejected bean name 'mailService': no URL paths identified
16:36:23,574 DEBUG DefaultAnnotationHandlerMapping:86 - Rejected bean name 'contactMeSvcImpl': no URL paths identified
16:36:23,574 DEBUG DefaultAnnotationHandlerMapping:86 - Rejected bean name 'portfolioSvcImpl': no URL paths identified
16:36:23,574 DEBUG DefaultAnnotationHandlerMapping:86 - Rejected bean name 'jsonUtils': no URL paths identified
16:36:23,574 DEBUG DefaultAnnotationHandlerMapping:86 - Rejected bean name 'org.springframework.context.annotation.internalConfigurationAnnotationProcessor': no URL paths identified
16:36:23,574 DEBUG DefaultAnnotationHandlerMapping:86 - Rejected bean name 'org.springframework.context.annotation.internalAutowiredAnnotationProcessor': no URL paths identified
16:36:23,574 DEBUG DefaultAnnotationHandlerMapping:86 - Rejected bean name 'org.springframework.context.annotation.internalRequiredAnnotationProcessor': no URL paths identified
16:36:23,574 DEBUG DefaultAnnotationHandlerMapping:86 - Rejected bean name 'org.springframework.context.annotation.internalCommonAnnotationProcessor': no URL paths identified
16:36:23,574 DEBUG DefaultAnnotationHandlerMapping:86 - Rejected bean name 'org.springframework.aop.config.internalAutoProxyCreator': no URL paths identified
16:36:23,574 DEBUG DefaultAnnotationHandlerMapping:86 - Rejected bean name 'mongo': no URL paths identified
16:36:23,574 DEBUG DefaultAnnotationHandlerMapping:86 - Rejected bean name 'org.springframework.beans.factory.config.CustomEditorConfigurer#0': no URL paths identified
16:36:23,574 DEBUG DefaultAnnotationHandlerMapping:86 - Rejected bean name 'org.springframework.beans.factory.config.CustomEditorConfigurer#1': no URL paths identified
16:36:23,574 DEBUG DefaultAnnotationHandlerMapping:86 - Rejected bean name 'org.springframework.beans.factory.config.CustomEditorConfigurer#2': no URL paths identified
16:36:23,574 DEBUG DefaultAnnotationHandlerMapping:86 - Rejected bean name 'mongoDbFactory': no URL paths identified
16:36:23,574 DEBUG DefaultAnnotationHandlerMapping:86 - Rejected bean name 'mongoTemplate': no URL paths identified
16:36:23,574 DEBUG DefaultAnnotationHandlerMapping:86 - Rejected bean name 'org.springframework.web.servlet.view.InternalResourceViewResolver#0': no URL paths identified
16:36:23,574 DEBUG DefaultAnnotationHandlerMapping:86 - Rejected bean name 'logAspect': no URL paths identified
16:36:23,574 DEBUG DefaultAnnotationHandlerMapping:86 - Rejected bean name 'mapper': no URL paths identified
16:36:23,574 DEBUG DefaultAnnotationHandlerMapping:86 - Rejected bean name 'mailSender': no URL paths identified
16:36:23,574 DEBUG DefaultAnnotationHandlerMapping:86 - Rejected bean name 'preConfiguredMessage': no URL paths identified
16:36:23,574 DEBUG DefaultAnnotationHandlerMapping:86 - Rejected bean name 'org.springframework.context.annotation.ConfigurationClassPostProcessor.importAwareProcessor': no URL paths identified
16:36:23,574 DEBUG DefaultAnnotationHandlerMapping:86 - Rejected bean name 'environment': no URL paths identified
16:36:23,574 DEBUG DefaultAnnotationHandlerMapping:86 - Rejected bean name 'systemProperties': no URL paths identified
16:36:23,574 DEBUG DefaultAnnotationHandlerMapping:86 - Rejected bean name 'systemEnvironment': no URL paths identified
16:36:23,574 DEBUG DefaultAnnotationHandlerMapping:86 - Rejected bean name 'servletContext': no URL paths identified
16:36:23,574 DEBUG DefaultAnnotationHandlerMapping:86 - Rejected bean name 'contextParameters': no URL paths identified
16:36:23,574 DEBUG DefaultAnnotationHandlerMapping:86 - Rejected bean name 'contextAttributes': no URL paths identified
16:36:23,574 DEBUG DefaultAnnotationHandlerMapping:86 - Rejected bean name 'org.springframework.context.annotation.ConfigurationClassPostProcessor.importRegistry': no URL paths identified
16:36:23,574 DEBUG DefaultAnnotationHandlerMapping:86 - Rejected bean name 'messageSource': no URL paths identified
16:36:23,574 DEBUG DefaultAnnotationHandlerMapping:86 - Rejected bean name 'applicationEventMulticaster': no URL paths identified
16:36:23,574 DEBUG DefaultAnnotationHandlerMapping:86 - Rejected bean name 'lifecycleProcessor': no URL paths identified
16:36:23,574 DEBUG DefaultListableBeanFactory:463 - Finished creating instance of bean 'org.springframework.web.servlet.mvc.annotation.DefaultAnnotationHandlerMapping'
16:36:23,574 DEBUG TestDispatcherServlet:551 - No HandlerMappings found in servlet '': using default
16:36:23,574 DEBUG DefaultListableBeanFactory:435 - Creating instance of bean 'org.springframework.web.servlet.mvc.HttpRequestHandlerAdapter'
16:36:23,574 DEBUG DefaultListableBeanFactory:463 - Finished creating instance of bean 'org.springframework.web.servlet.mvc.HttpRequestHandlerAdapter'
16:36:23,574 DEBUG DefaultListableBeanFactory:435 - Creating instance of bean 'org.springframework.web.servlet.mvc.SimpleControllerHandlerAdapter'
16:36:23,574 DEBUG DefaultListableBeanFactory:463 - Finished creating instance of bean 'org.springframework.web.servlet.mvc.SimpleControllerHandlerAdapter'
16:36:23,574 DEBUG DefaultListableBeanFactory:435 - Creating instance of bean 'org.springframework.web.servlet.mvc.annotation.AnnotationMethodHandlerAdapter'
16:36:23,590 DEBUG DefaultListableBeanFactory:463 - Finished creating instance of bean 'org.springframework.web.servlet.mvc.annotation.AnnotationMethodHandlerAdapter'
16:36:23,590 DEBUG TestDispatcherServlet:589 - No HandlerAdapters found in servlet '': using default
16:36:23,590 DEBUG DefaultListableBeanFactory:435 - Creating instance of bean 'org.springframework.web.servlet.mvc.annotation.AnnotationMethodHandlerExceptionResolver'
16:36:23,590 DEBUG DefaultListableBeanFactory:463 - Finished creating instance of bean 'org.springframework.web.servlet.mvc.annotation.AnnotationMethodHandlerExceptionResolver'
16:36:23,590 DEBUG DefaultListableBeanFactory:435 - Creating instance of bean 'org.springframework.web.servlet.mvc.annotation.ResponseStatusExceptionResolver'
16:36:23,590 DEBUG DefaultListableBeanFactory:463 - Finished creating instance of bean 'org.springframework.web.servlet.mvc.annotation.ResponseStatusExceptionResolver'
16:36:23,590 DEBUG DefaultListableBeanFactory:435 - Creating instance of bean 'org.springframework.web.servlet.mvc.support.DefaultHandlerExceptionResolver'
16:36:23,590 DEBUG DefaultListableBeanFactory:463 - Finished creating instance of bean 'org.springframework.web.servlet.mvc.support.DefaultHandlerExceptionResolver'
16:36:23,590 DEBUG TestDispatcherServlet:628 - No HandlerExceptionResolvers found in servlet '': using default
16:36:23,590 DEBUG DefaultListableBeanFactory:435 - Creating instance of bean 'org.springframework.web.servlet.view.DefaultRequestToViewNameTranslator'
16:36:23,590 DEBUG DefaultListableBeanFactory:463 - Finished creating instance of bean 'org.springframework.web.servlet.view.DefaultRequestToViewNameTranslator'
16:36:23,590 DEBUG TestDispatcherServlet:649 - Unable to locate RequestToViewNameTranslator with name 'viewNameTranslator': using default [org.springframework.web.servlet.view.DefaultRequestToViewNameTranslator@da480b]
16:36:23,590 DEBUG DefaultListableBeanFactory:246 - Returning cached instance of singleton bean 'org.springframework.web.servlet.view.InternalResourceViewResolver#0'
16:36:23,590 DEBUG DefaultListableBeanFactory:435 - Creating instance of bean 'org.springframework.web.servlet.support.SessionFlashMapManager'
16:36:23,590 DEBUG DefaultListableBeanFactory:463 - Finished creating instance of bean 'org.springframework.web.servlet.support.SessionFlashMapManager'
16:36:23,590 DEBUG TestDispatcherServlet:711 - Unable to locate FlashMapManager with name 'flashMapManager': using default [org.springframework.web.servlet.support.SessionFlashMapManager@161929c]
16:36:23,590 DEBUG TestDispatcherServlet:532 - Published WebApplicationContext of servlet '' as ServletContext attribute with name [org.springframework.web.servlet.FrameworkServlet.CONTEXT.]
16:36:23,590  INFO TestDispatcherServlet:472 - FrameworkServlet '': initialization completed in 31 ms
16:36:23,590 DEBUG TestDispatcherServlet:141 - Servlet '' configured successfully
16:36:23,590 DEBUG TestDispatcherServlet:823 - DispatcherServlet with name '' processing GET request for [/dagrawal]
16:36:23,590  WARN PageNotFound:1108 - No mapping found for HTTP request with URI [/dagrawal] in DispatcherServlet with name ''
16:36:23,590 DEBUG TestDispatcherServlet:946 - Successfully completed request
16:36:23,590 DEBUG DirtiesContextTestExecutionListener:85 - After test method: context [[TestContext@cfdc01 testClass = AppTests, testInstance = com.portfolio.AppTests@b63513, testMethod = index@AppTests, testException = java.lang.AssertionError: Status expected:<200> but was:<404>, mergedContextConfiguration = [WebMergedContextConfiguration@1879b testClass = AppTests, locations = '{file:src/main/webapp/WEB-INF/mvc-dispatcher-servlet.xml}', classes = '{}', contextInitializerClasses = '[]', activeProfiles = '{}', resourceBasePath = 'src/main/webapp', contextLoader = 'org.springframework.test.context.web.WebDelegatingSmartContextLoader']]], class dirties context [false], class mode [null], method dirties context [false].
16:36:23,590 DEBUG ServletTestExecutionListener:96 - Resetting RequestContextHolder for test context [TestContext@cfdc01 testClass = AppTests, testInstance = com.portfolio.AppTests@b63513, testMethod = index@AppTests, testException = java.lang.AssertionError: Status expected:<200> but was:<404>, mergedContextConfiguration = [WebMergedContextConfiguration@1879b testClass = AppTests, locations = '{file:src/main/webapp/WEB-INF/mvc-dispatcher-servlet.xml}', classes = '{}', contextInitializerClasses = '[]', activeProfiles = '{}', resourceBasePath = 'src/main/webapp', contextLoader = 'org.springframework.test.context.web.WebDelegatingSmartContextLoader']].
]]></system-out>
  </testcase>
</testsuite>